[2018-04-23T10:27:39.210] [ERROR] cheese - {"method":"POST","url":"/cardOcr","host":"localhost:3000","message":"log error","userAgent":"Mozilla/5.0 (Windows NT 6.1; Win64; x64) AppleWebKit/537.36 (KHTML, like Gecko) Chrome/66.0.3359.117 Safari/537.36"}
[2018-04-23T10:27:39.908] [INFO] cheese - 响应时间为0.721s
[2018-04-23T10:27:49.798] [ERROR] cheese - {"method":"POST","url":"/cardOcr","host":"localhost:3000","message":"log error","userAgent":"Mozilla/5.0 (Windows NT 6.1; Win64; x64) AppleWebKit/537.36 (KHTML, like Gecko) Chrome/66.0.3359.117 Safari/537.36"}
[2018-04-23T10:27:50.047] [INFO] cheese - 响应时间为0.253s
[2018-04-23T10:28:45.549] [ERROR] cheese - {"method":"POST","url":"/wordcom","host":"localhost:3000","message":"log error","userAgent":"Mozilla/5.0 (Windows NT 6.1; Win64; x64) AppleWebKit/537.36 (KHTML, like Gecko) Chrome/66.0.3359.117 Safari/537.36"}
[2018-04-23T10:28:45.782] [INFO] cheese - 响应时间为0.235s
[2018-04-23T10:29:11.272] [ERROR] cheese - {"method":"POST","url":"/cardOcr","host":"localhost:3000","message":"log error","userAgent":"Mozilla/5.0 (Windows NT 6.1; Win64; x64) AppleWebKit/537.36 (KHTML, like Gecko) Chrome/66.0.3359.117 Safari/537.36"}
[2018-04-23T10:29:11.602] [INFO] cheese - 响应时间为0.331s
[2018-04-23T10:31:23.863] [ERROR] cheese - {"method":"POST","url":"/textPolar","host":"localhost:3000","message":"log error","userAgent":"Mozilla/5.0 (Windows NT 6.1; Win64; x64) AppleWebKit/537.36 (KHTML, like Gecko) Chrome/66.0.3359.117 Safari/537.36"}
[2018-04-23T10:31:24.130] [INFO] cheese - 响应时间为0.27s
[2018-04-23T10:31:29.126] [ERROR] cheese - {"method":"POST","url":"/textchat","host":"localhost:3000","message":"log error","userAgent":"Mozilla/5.0 (Windows NT 6.1; Win64; x64) AppleWebKit/537.36 (KHTML, like Gecko) Chrome/66.0.3359.117 Safari/537.36"}
[2018-04-23T10:31:29.274] [INFO] cheese - 响应时间为0.149s
[2018-04-23T10:31:33.270] [ERROR] cheese - {"method":"POST","url":"/cardOcr","host":"localhost:3000","message":"log error","userAgent":"Mozilla/5.0 (Windows NT 6.1; Win64; x64) AppleWebKit/537.36 (KHTML, like Gecko) Chrome/66.0.3359.117 Safari/537.36"}
[2018-04-23T10:31:33.565] [INFO] cheese - 响应时间为0.296s
[2018-04-23T10:32:42.074] [ERROR] cheese - {"method":"POST","url":"/cardOcr","host":"localhost:3000","message":"log error","userAgent":"Mozilla/5.0 (Windows NT 6.1; Win64; x64) AppleWebKit/537.36 (KHTML, like Gecko) Chrome/66.0.3359.117 Safari/537.36"}
[2018-04-23T10:32:42.870] [INFO] cheese - 响应时间为0.812s
[2018-04-23T10:32:54.633] [ERROR] cheese - {"method":"POST","url":"/cardOcr","host":"localhost:3000","message":"log error","userAgent":"Mozilla/5.0 (Windows NT 6.1; Win64; x64) AppleWebKit/537.36 (KHTML, like Gecko) Chrome/66.0.3359.117 Safari/537.36"}
[2018-04-23T10:32:55.011] [INFO] cheese - 响应时间为0.38s
[2018-04-23T10:32:58.522] [ERROR] cheese - {"method":"POST","url":"/cardOcr","host":"localhost:3000","message":"log error","userAgent":"Mozilla/5.0 (Windows NT 6.1; Win64; x64) AppleWebKit/537.36 (KHTML, like Gecko) Chrome/66.0.3359.117 Safari/537.36"}
[2018-04-23T10:32:58.948] [INFO] cheese - 响应时间为0.428s
[2018-04-23T10:58:13.372] [ERROR] cheese - {"method":"POST","url":"/cardOcr","host":"localhost:3000","message":"log error","userAgent":"Mozilla/5.0 (Windows NT 6.1; Win64; x64) AppleWebKit/537.36 (KHTML, like Gecko) Chrome/66.0.3359.117 Safari/537.36"}
[2018-04-23T10:58:13.859] [INFO] cheese - 响应时间为0.489s
[2018-04-23T10:58:48.069] [ERROR] cheese - {"method":"POST","url":"/imgidentify","host":"localhost:3000","message":"log error","userAgent":"Mozilla/5.0 (Windows NT 6.1; Win64; x64) AppleWebKit/537.36 (KHTML, like Gecko) Chrome/66.0.3359.117 Safari/537.36"}
[2018-04-23T10:58:48.337] [INFO] cheese - 响应时间为0.27s
[2018-04-23T15:49:23.605] [ERROR] cheese - {"method":"POST","url":"/test","host":"localhost:3000","message":"log error","userAgent":"Mozilla/5.0 (Windows NT 6.1; Win64; x64) AppleWebKit/537.36 (KHTML, like Gecko) Chrome/66.0.3359.117 Safari/537.36"}
[2018-04-23T15:49:23.609] [INFO] cheese - 响应时间为0.027s
[2018-04-23T15:49:42.947] [ERROR] cheese - {"method":"POST","url":"/test","host":"localhost:3000","message":"log error","userAgent":"Mozilla/5.0 (Windows NT 6.1; Win64; x64) AppleWebKit/537.36 (KHTML, like Gecko) Chrome/66.0.3359.117 Safari/537.36"}
[2018-04-23T15:49:42.950] [INFO] cheese - 响应时间为0.019s
[2018-04-23T15:49:42.965] [ERROR] cheese - {"method":"POST","url":"/test","host":"localhost:3000","message":"log error","userAgent":"Mozilla/5.0 (Windows NT 6.1; Win64; x64) AppleWebKit/537.36 (KHTML, like Gecko) Chrome/66.0.3359.117 Safari/537.36"}
[2018-04-23T15:49:42.967] [INFO] cheese - 响应时间为0.004s
[2018-04-23T16:48:21.876] [ERROR] cheese - {"method":"GET","url":"/hp/device/InternalPages/Index?id=ConfigurationPage","host":"192.168.5.59","message":"log error","userAgent":"Mozilla/4.0 (compatible; MSIE 8.0; Windows NT 6.1)"}
[2018-04-23T16:48:21.878] [INFO] cheese - 响应时间为0.012s
[2018-04-23T16:48:29.888] [ERROR] cheese - {"method":"GET","url":"/hp/device/InternalPages/Index?id=ConfigurationPage","host":"192.168.5.59","message":"log error","userAgent":"Mozilla/4.0 (compatible; MSIE 8.0; Windows NT 6.1)"}
[2018-04-23T16:48:29.890] [INFO] cheese - 响应时间为0.004s
[2018-04-23T17:01:07.497] [ERROR] cheese - {"method":"GET","url":"/hp/device/InternalPages/Index?id=ConfigurationPage","host":"192.168.5.59","message":"log error","userAgent":"Mozilla/4.0 (compatible; MSIE 8.0; Windows NT 6.1)"}
[2018-04-23T17:01:07.498] [INFO] cheese - 响应时间为0.004s
