[2018-03-30T09:25:43.530] [ERROR] cheese - {"method":"POST","url":"/getsign","host":"localhost:3000","message":"log error","userAgent":"Mozilla/5.0 (Windows NT 6.1; Win64; x64) AppleWebKit/537.36 (KHTML, like Gecko) Chrome/65.0.3325.181 Safari/537.36"}
[2018-03-30T09:25:43.536] [ERROR] cheese - {"method":"POST","url":"/getsign","host":"localhost:3000","message":"ReferenceError: randomString is not defined\n    at commonParams (E:\\nodeJS\\koa\\koa2\\controller\\home.js:44:30)\n    at getSign (E:\\nodeJS\\koa\\koa2\\controller\\home.js:49:39)\n    at dispatch (E:\\nodeJS\\koa\\koa2\\node_modules\\_koa-compose@3.2.1@koa-compose\\index.js:44:32)\n    at next (E:\\nodeJS\\koa\\koa2\\node_modules\\_koa-compose@3.2.1@koa-compose\\index.js:45:18)\n    at E:\\nodeJS\\koa\\koa2\\node_modules\\_koa-router@7.4.0@koa-router\\lib\\router.js:346:16\n    at dispatch (E:\\nodeJS\\koa\\koa2\\node_modules\\_koa-compose@3.2.1@koa-compose\\index.js:44:32)\n    at E:\\nodeJS\\koa\\koa2\\node_modules\\_koa-compose@3.2.1@koa-compose\\index.js:36:12\n    at dispatch (E:\\nodeJS\\koa\\koa2\\node_modules\\_koa-router@7.4.0@koa-router\\lib\\router.js:351:31)\n    at dispatch (E:\\nodeJS\\koa\\koa2\\node_modules\\_koa-compose@4.0.0@koa-compose\\index.js:42:32)\n    at next (E:\\nodeJS\\koa\\koa2\\node_modules\\_koa-compose@4.0.0@koa-compose\\index.js:43:18)\n    at E:\\nodeJS\\koa\\koa2\\middleware\\mi-send\\index.js:9:15\n    at dispatch (E:\\nodeJS\\koa\\koa2\\node_modules\\_koa-compose@4.0.0@koa-compose\\index.js:42:32)\n    at next (E:\\nodeJS\\koa\\koa2\\node_modules\\_koa-compose@4.0.0@koa-compose\\index.js:43:18)\n    at bodyParser (E:\\nodeJS\\koa\\koa2\\node_modules\\_koa-bodyparser@4.2.0@koa-bodyparser\\index.js:86:11)\n    at <anonymous>\n    at process._tickCallback (internal/process/next_tick.js:188:7)","userAgent":"Mozilla/5.0 (Windows NT 6.1; Win64; x64) AppleWebKit/537.36 (KHTML, like Gecko) Chrome/65.0.3325.181 Safari/537.36"}
[2018-03-30T09:26:19.958] [ERROR] cheese - {"method":"POST","url":"/getsign","host":"localhost:3000","message":"log error","userAgent":"Mozilla/5.0 (Windows NT 6.1; Win64; x64) AppleWebKit/537.36 (KHTML, like Gecko) Chrome/65.0.3325.181 Safari/537.36"}
[2018-03-30T09:26:19.972] [ERROR] cheese - {"method":"POST","url":"/getsign","host":"localhost:3000","message":"ReferenceError: url is not defined\n    at getSign (E:\\nodeJS\\koa\\koa2\\controller\\home.js:53:12)\n    at dispatch (E:\\nodeJS\\koa\\koa2\\node_modules\\_koa-compose@3.2.1@koa-compose\\index.js:44:32)\n    at next (E:\\nodeJS\\koa\\koa2\\node_modules\\_koa-compose@3.2.1@koa-compose\\index.js:45:18)\n    at E:\\nodeJS\\koa\\koa2\\node_modules\\_koa-router@7.4.0@koa-router\\lib\\router.js:346:16\n    at dispatch (E:\\nodeJS\\koa\\koa2\\node_modules\\_koa-compose@3.2.1@koa-compose\\index.js:44:32)\n    at E:\\nodeJS\\koa\\koa2\\node_modules\\_koa-compose@3.2.1@koa-compose\\index.js:36:12\n    at dispatch (E:\\nodeJS\\koa\\koa2\\node_modules\\_koa-router@7.4.0@koa-router\\lib\\router.js:351:31)\n    at dispatch (E:\\nodeJS\\koa\\koa2\\node_modules\\_koa-compose@4.0.0@koa-compose\\index.js:42:32)\n    at next (E:\\nodeJS\\koa\\koa2\\node_modules\\_koa-compose@4.0.0@koa-compose\\index.js:43:18)\n    at E:\\nodeJS\\koa\\koa2\\middleware\\mi-send\\index.js:9:15\n    at dispatch (E:\\nodeJS\\koa\\koa2\\node_modules\\_koa-compose@4.0.0@koa-compose\\index.js:42:32)\n    at next (E:\\nodeJS\\koa\\koa2\\node_modules\\_koa-compose@4.0.0@koa-compose\\index.js:43:18)\n    at bodyParser (E:\\nodeJS\\koa\\koa2\\node_modules\\_koa-bodyparser@4.2.0@koa-bodyparser\\index.js:86:11)\n    at <anonymous>\n    at process._tickCallback (internal/process/next_tick.js:188:7)","userAgent":"Mozilla/5.0 (Windows NT 6.1; Win64; x64) AppleWebKit/537.36 (KHTML, like Gecko) Chrome/65.0.3325.181 Safari/537.36"}
[2018-03-30T09:26:50.298] [ERROR] cheese - {"method":"POST","url":"/getsign","host":"localhost:3000","message":"log error","userAgent":"Mozilla/5.0 (Windows NT 6.1; Win64; x64) AppleWebKit/537.36 (KHTML, like Gecko) Chrome/65.0.3325.181 Safari/537.36"}
[2018-03-30T09:26:50.301] [ERROR] cheese - {"method":"POST","url":"/getsign","host":"localhost:3000","message":"ReferenceError: url is not defined\n    at getSign (E:\\nodeJS\\koa\\koa2\\controller\\home.js:53:12)\n    at dispatch (E:\\nodeJS\\koa\\koa2\\node_modules\\_koa-compose@3.2.1@koa-compose\\index.js:44:32)\n    at next (E:\\nodeJS\\koa\\koa2\\node_modules\\_koa-compose@3.2.1@koa-compose\\index.js:45:18)\n    at E:\\nodeJS\\koa\\koa2\\node_modules\\_koa-router@7.4.0@koa-router\\lib\\router.js:346:16\n    at dispatch (E:\\nodeJS\\koa\\koa2\\node_modules\\_koa-compose@3.2.1@koa-compose\\index.js:44:32)\n    at E:\\nodeJS\\koa\\koa2\\node_modules\\_koa-compose@3.2.1@koa-compose\\index.js:36:12\n    at dispatch (E:\\nodeJS\\koa\\koa2\\node_modules\\_koa-router@7.4.0@koa-router\\lib\\router.js:351:31)\n    at dispatch (E:\\nodeJS\\koa\\koa2\\node_modules\\_koa-compose@4.0.0@koa-compose\\index.js:42:32)\n    at next (E:\\nodeJS\\koa\\koa2\\node_modules\\_koa-compose@4.0.0@koa-compose\\index.js:43:18)\n    at E:\\nodeJS\\koa\\koa2\\middleware\\mi-send\\index.js:9:15\n    at dispatch (E:\\nodeJS\\koa\\koa2\\node_modules\\_koa-compose@4.0.0@koa-compose\\index.js:42:32)\n    at next (E:\\nodeJS\\koa\\koa2\\node_modules\\_koa-compose@4.0.0@koa-compose\\index.js:43:18)\n    at bodyParser (E:\\nodeJS\\koa\\koa2\\node_modules\\_koa-bodyparser@4.2.0@koa-bodyparser\\index.js:86:11)\n    at <anonymous>\n    at process._tickCallback (internal/process/next_tick.js:188:7)","userAgent":"Mozilla/5.0 (Windows NT 6.1; Win64; x64) AppleWebKit/537.36 (KHTML, like Gecko) Chrome/65.0.3325.181 Safari/537.36"}
[2018-03-30T09:26:57.740] [ERROR] cheese - {"method":"POST","url":"/getsign","host":"localhost:3000","message":"log error","userAgent":"Mozilla/5.0 (Windows NT 6.1; Win64; x64) AppleWebKit/537.36 (KHTML, like Gecko) Chrome/65.0.3325.181 Safari/537.36"}
[2018-03-30T09:26:57.796] [INFO] cheese - 响应时间为0.25s
[2018-03-30T09:27:59.227] [ERROR] cheese - {"method":"POST","url":"/getsign","host":"localhost:3000","message":"log error","userAgent":"Mozilla/5.0 (Windows NT 6.1; Win64; x64) AppleWebKit/537.36 (KHTML, like Gecko) Chrome/65.0.3325.181 Safari/537.36"}
[2018-03-30T09:27:59.270] [INFO] cheese - 响应时间为0.155s
[2018-03-30T09:28:40.856] [ERROR] cheese - {"method":"POST","url":"/getsign","host":"localhost:3000","message":"log error","userAgent":"Mozilla/5.0 (Windows NT 6.1; Win64; x64) AppleWebKit/537.36 (KHTML, like Gecko) Chrome/65.0.3325.181 Safari/537.36"}
[2018-03-30T09:28:40.907] [INFO] cheese - 响应时间为0.197s
[2018-03-30T09:29:25.657] [ERROR] cheese - {"method":"POST","url":"/getsign","host":"localhost:3000","message":"log error","userAgent":"Mozilla/5.0 (Windows NT 6.1; Win64; x64) AppleWebKit/537.36 (KHTML, like Gecko) Chrome/65.0.3325.181 Safari/537.36"}
[2018-03-30T09:29:25.689] [INFO] cheese - 响应时间为0.16s
[2018-03-30T09:30:11.758] [ERROR] cheese - {"method":"POST","url":"/getsign","host":"localhost:3000","message":"log error","userAgent":"Mozilla/5.0 (Windows NT 6.1; Win64; x64) AppleWebKit/537.36 (KHTML, like Gecko) Chrome/65.0.3325.181 Safari/537.36"}
[2018-03-30T09:30:11.795] [INFO] cheese - 响应时间为0.112s
[2018-03-30T09:32:18.478] [ERROR] cheese - {"method":"POST","url":"/getsign","host":"localhost:3000","message":"log error","userAgent":"Mozilla/5.0 (Windows NT 6.1; Win64; x64) AppleWebKit/537.36 (KHTML, like Gecko) Chrome/65.0.3325.181 Safari/537.36"}
[2018-03-30T09:32:18.522] [INFO] cheese - 响应时间为0.173s
[2018-03-30T09:32:46.033] [ERROR] cheese - {"method":"POST","url":"/getsign","host":"localhost:3000","message":"log error","userAgent":"Mozilla/5.0 (Windows NT 6.1; Win64; x64) AppleWebKit/537.36 (KHTML, like Gecko) Chrome/65.0.3325.181 Safari/537.36"}
[2018-03-30T09:32:46.062] [INFO] cheese - 响应时间为0.113s
[2018-03-30T09:48:26.127] [ERROR] cheese - {"method":"POST","url":"/getsign","host":"localhost:3000","message":"log error","userAgent":"Mozilla/5.0 (Windows NT 6.1; Win64; x64) AppleWebKit/537.36 (KHTML, like Gecko) Chrome/65.0.3325.181 Safari/537.36"}
[2018-03-30T09:48:26.499] [INFO] cheese - 响应时间为0.461s
[2018-03-30T10:20:14.062] [ERROR] cheese - {"method":"POST","url":"/getsign","host":"localhost:3000","message":"log error","userAgent":"Mozilla/5.0 (Windows NT 6.1; Win64; x64) AppleWebKit/537.36 (KHTML, like Gecko) Chrome/65.0.3325.181 Safari/537.36"}
[2018-03-30T10:20:15.752] [INFO] cheese - 响应时间为1.748s
[2018-03-30T10:20:37.452] [ERROR] cheese - {"method":"POST","url":"/getsign","host":"localhost:3000","message":"log error","userAgent":"Mozilla/5.0 (Windows NT 6.1; Win64; x64) AppleWebKit/537.36 (KHTML, like Gecko) Chrome/65.0.3325.181 Safari/537.36"}
[2018-03-30T10:20:37.593] [INFO] cheese - 响应时间为0.199s
[2018-03-30T10:25:14.065] [ERROR] cheese - {"method":"POST","url":"/getsign","host":"localhost:3000","message":"log error","userAgent":"Mozilla/5.0 (Windows NT 6.1; Win64; x64) AppleWebKit/537.36 (KHTML, like Gecko) Chrome/65.0.3325.181 Safari/537.36"}
[2018-03-30T10:25:14.075] [ERROR] cheese - {"method":"POST","url":"/getsign","host":"localhost:3000","message":"TypeError: TX_API.nlp_textpolar is not a function\n    at getSign (E:\\nodeJS\\koa\\koa2\\controller\\home.js:38:33)\n    at dispatch (E:\\nodeJS\\koa\\koa2\\node_modules\\_koa-compose@3.2.1@koa-compose\\index.js:44:32)\n    at next (E:\\nodeJS\\koa\\koa2\\node_modules\\_koa-compose@3.2.1@koa-compose\\index.js:45:18)\n    at E:\\nodeJS\\koa\\koa2\\node_modules\\_koa-router@7.4.0@koa-router\\lib\\router.js:346:16\n    at dispatch (E:\\nodeJS\\koa\\koa2\\node_modules\\_koa-compose@3.2.1@koa-compose\\index.js:44:32)\n    at E:\\nodeJS\\koa\\koa2\\node_modules\\_koa-compose@3.2.1@koa-compose\\index.js:36:12\n    at dispatch (E:\\nodeJS\\koa\\koa2\\node_modules\\_koa-router@7.4.0@koa-router\\lib\\router.js:351:31)\n    at dispatch (E:\\nodeJS\\koa\\koa2\\node_modules\\_koa-compose@4.0.0@koa-compose\\index.js:42:32)\n    at next (E:\\nodeJS\\koa\\koa2\\node_modules\\_koa-compose@4.0.0@koa-compose\\index.js:43:18)\n    at E:\\nodeJS\\koa\\koa2\\middleware\\mi-send\\index.js:9:15\n    at dispatch (E:\\nodeJS\\koa\\koa2\\node_modules\\_koa-compose@4.0.0@koa-compose\\index.js:42:32)\n    at next (E:\\nodeJS\\koa\\koa2\\node_modules\\_koa-compose@4.0.0@koa-compose\\index.js:43:18)\n    at bodyParser (E:\\nodeJS\\koa\\koa2\\node_modules\\_koa-bodyparser@4.2.0@koa-bodyparser\\index.js:86:11)\n    at <anonymous>\n    at process._tickCallback (internal/process/next_tick.js:188:7)","userAgent":"Mozilla/5.0 (Windows NT 6.1; Win64; x64) AppleWebKit/537.36 (KHTML, like Gecko) Chrome/65.0.3325.181 Safari/537.36"}
[2018-03-30T10:26:18.594] [ERROR] cheese - {"method":"POST","url":"/getsign","host":"localhost:3000","message":"log error","userAgent":"Mozilla/5.0 (Windows NT 6.1; Win64; x64) AppleWebKit/537.36 (KHTML, like Gecko) Chrome/65.0.3325.181 Safari/537.36"}
[2018-03-30T10:26:18.832] [INFO] cheese - 响应时间为0.295s
[2018-03-30T10:26:39.016] [ERROR] cheese - {"method":"POST","url":"/getsign","host":"localhost:3000","message":"log error","userAgent":"Mozilla/5.0 (Windows NT 6.1; Win64; x64) AppleWebKit/537.36 (KHTML, like Gecko) Chrome/65.0.3325.181 Safari/537.36"}
[2018-03-30T10:26:39.087] [INFO] cheese - 响应时间为0.075s
[2018-03-30T10:26:55.811] [ERROR] cheese - {"method":"POST","url":"/getsign","host":"localhost:3000","message":"log error","userAgent":"Mozilla/5.0 (Windows NT 6.1; Win64; x64) AppleWebKit/537.36 (KHTML, like Gecko) Chrome/65.0.3325.181 Safari/537.36"}
[2018-03-30T10:26:56.053] [INFO] cheese - 响应时间为0.243s
[2018-03-30T10:27:07.422] [ERROR] cheese - {"method":"POST","url":"/getsign","host":"localhost:3000","message":"log error","userAgent":"Mozilla/5.0 (Windows NT 6.1; Win64; x64) AppleWebKit/537.36 (KHTML, like Gecko) Chrome/65.0.3325.181 Safari/537.36"}
[2018-03-30T10:27:07.521] [INFO] cheese - 响应时间为0.102s
[2018-03-30T10:27:09.054] [ERROR] cheese - {"method":"POST","url":"/getsign","host":"localhost:3000","message":"log error","userAgent":"Mozilla/5.0 (Windows NT 6.1; Win64; x64) AppleWebKit/537.36 (KHTML, like Gecko) Chrome/65.0.3325.181 Safari/537.36"}
[2018-03-30T10:27:09.124] [INFO] cheese - 响应时间为0.072s
[2018-03-30T10:27:13.776] [ERROR] cheese - {"method":"POST","url":"/getsign","host":"localhost:3000","message":"log error","userAgent":"Mozilla/5.0 (Windows NT 6.1; Win64; x64) AppleWebKit/537.36 (KHTML, like Gecko) Chrome/65.0.3325.181 Safari/537.36"}
[2018-03-30T10:27:13.857] [INFO] cheese - 响应时间为0.082s
[2018-03-30T10:27:18.157] [ERROR] cheese - {"method":"POST","url":"/getsign","host":"localhost:3000","message":"log error","userAgent":"Mozilla/5.0 (Windows NT 6.1; Win64; x64) AppleWebKit/537.36 (KHTML, like Gecko) Chrome/65.0.3325.181 Safari/537.36"}
[2018-03-30T10:27:18.314] [INFO] cheese - 响应时间为0.159s
[2018-03-30T10:27:28.081] [ERROR] cheese - {"method":"POST","url":"/getsign","host":"localhost:3000","message":"log error","userAgent":"Mozilla/5.0 (Windows NT 6.1; Win64; x64) AppleWebKit/537.36 (KHTML, like Gecko) Chrome/65.0.3325.181 Safari/537.36"}
[2018-03-30T10:27:28.245] [INFO] cheese - 响应时间为0.165s
[2018-03-30T10:27:36.066] [ERROR] cheese - {"method":"POST","url":"/getsign","host":"localhost:3000","message":"log error","userAgent":"Mozilla/5.0 (Windows NT 6.1; Win64; x64) AppleWebKit/537.36 (KHTML, like Gecko) Chrome/65.0.3325.181 Safari/537.36"}
[2018-03-30T10:27:36.207] [INFO] cheese - 响应时间为0.142s
[2018-03-30T10:37:49.617] [ERROR] cheese - {"method":"POST","url":"/wordcom","host":"localhost:3000","message":"log error","userAgent":"Mozilla/5.0 (Windows NT 6.1; Win64; x64) AppleWebKit/537.36 (KHTML, like Gecko) Chrome/65.0.3325.181 Safari/537.36"}
[2018-03-30T10:37:49.618] [INFO] cheese - 响应时间为0.003s
[2018-03-30T10:37:58.441] [ERROR] cheese - {"method":"POST","url":"/wordcom","host":"localhost:3000","message":"log error","userAgent":"Mozilla/5.0 (Windows NT 6.1; Win64; x64) AppleWebKit/537.36 (KHTML, like Gecko) Chrome/65.0.3325.181 Safari/537.36"}
[2018-03-30T10:37:58.693] [INFO] cheese - 响应时间为0.303s
[2018-03-30T10:39:28.959] [ERROR] cheese - {"method":"POST","url":"/wordcom","host":"localhost:3000","message":"log error","userAgent":"Mozilla/5.0 (Windows NT 6.1; Win64; x64) AppleWebKit/537.36 (KHTML, like Gecko) Chrome/65.0.3325.181 Safari/537.36"}
[2018-03-30T10:39:29.315] [INFO] cheese - 响应时间为0.362s
[2018-03-30T10:51:23.149] [ERROR] cheese - {"method":"POST","url":"/cardOcr","host":"localhost:3000","message":"PayloadTooLargeError: request entity too large\n    at readStream (E:\\nodeJS\\koa\\koa2\\node_modules\\_raw-body@2.3.2@raw-body\\index.js:155:17)\n    at executor (E:\\nodeJS\\koa\\koa2\\node_modules\\_raw-body@2.3.2@raw-body\\index.js:112:5)\n    at new Promise (<anonymous>)\n    at getRawBody (E:\\nodeJS\\koa\\koa2\\node_modules\\_raw-body@2.3.2@raw-body\\index.js:111:10)\n    at E:\\nodeJS\\koa\\koa2\\node_modules\\_co-body@5.1.1@co-body\\lib\\form.js:42:14\n    at <anonymous>","userAgent":"Mozilla/5.0 (Windows NT 6.1; Win64; x64) AppleWebKit/537.36 (KHTML, like Gecko) Chrome/65.0.3325.181 Safari/537.36"}
[2018-03-30T11:02:31.404] [ERROR] cheese - {"method":"POST","url":"/cardOcr","host":"localhost:3000","message":"log error","userAgent":"Mozilla/5.0 (Windows NT 6.1; Win64; x64) AppleWebKit/537.36 (KHTML, like Gecko) Chrome/65.0.3325.181 Safari/537.36"}
[2018-03-30T11:04:02.335] [ERROR] cheese - {"method":"POST","url":"/cardOcr","host":"localhost:3000","message":"log error","userAgent":"Mozilla/5.0 (Windows NT 6.1; Win64; x64) AppleWebKit/537.36 (KHTML, like Gecko) Chrome/65.0.3325.181 Safari/537.36"}
[2018-03-30T11:04:25.060] [ERROR] cheese - {"method":"POST","url":"/cardOcr","host":"localhost:3000","message":"log error","userAgent":"Mozilla/5.0 (Windows NT 6.1; Win64; x64) AppleWebKit/537.36 (KHTML, like Gecko) Chrome/65.0.3325.181 Safari/537.36"}
[2018-03-30T11:07:08.308] [ERROR] cheese - {"method":"POST","url":"/cardOcr","host":"localhost:3000","message":"log error","userAgent":"Mozilla/5.0 (Windows NT 6.1; Win64; x64) AppleWebKit/537.36 (KHTML, like Gecko) Chrome/65.0.3325.181 Safari/537.36"}
[2018-03-30T11:11:31.911] [ERROR] cheese - {"method":"POST","url":"/cardOcr","host":"localhost:3000","message":"log error","userAgent":"Mozilla/5.0 (Windows NT 6.1; Win64; x64) AppleWebKit/537.36 (KHTML, like Gecko) Chrome/65.0.3325.181 Safari/537.36"}
[2018-03-30T11:12:56.137] [ERROR] cheese - {"method":"POST","url":"/wordcom","host":"localhost:3000","message":"log error","userAgent":"Mozilla/5.0 (Windows NT 6.1; Win64; x64) AppleWebKit/537.36 (KHTML, like Gecko) Chrome/65.0.3325.181 Safari/537.36"}
[2018-03-30T11:12:56.564] [INFO] cheese - 响应时间为0.443s
[2018-03-30T11:13:48.963] [ERROR] cheese - {"method":"POST","url":"/wordcom","host":"localhost:3000","message":"log error","userAgent":"Mozilla/5.0 (Windows NT 6.1; Win64; x64) AppleWebKit/537.36 (KHTML, like Gecko) Chrome/65.0.3325.181 Safari/537.36"}
[2018-03-30T11:13:49.244] [INFO] cheese - 响应时间为0.305s
[2018-03-30T11:14:45.235] [ERROR] cheese - {"method":"POST","url":"/wordcom","host":"localhost:3000","message":"log error","userAgent":"Mozilla/5.0 (Windows NT 6.1; Win64; x64) AppleWebKit/537.36 (KHTML, like Gecko) Chrome/65.0.3325.181 Safari/537.36"}
[2018-03-30T11:14:45.461] [INFO] cheese - 响应时间为0.248s
[2018-03-30T11:15:18.934] [ERROR] cheese - {"method":"POST","url":"/cardOcr","host":"localhost:3000","message":"log error","userAgent":"Mozilla/5.0 (Windows NT 6.1; Win64; x64) AppleWebKit/537.36 (KHTML, like Gecko) Chrome/65.0.3325.181 Safari/537.36"}
[2018-03-30T11:15:18.941] [INFO] cheese - 响应时间为0.026s
[2018-03-30T11:22:40.061] [ERROR] cheese - {"method":"POST","url":"/cardOcr","host":"localhost:3000","message":"log error","userAgent":"Mozilla/5.0 (Windows NT 6.1; Win64; x64) AppleWebKit/537.36 (KHTML, like Gecko) Chrome/65.0.3325.181 Safari/537.36"}
[2018-03-30T11:22:40.066] [ERROR] cheese - {"method":"POST","url":"/cardOcr","host":"localhost:3000","message":"ReferenceError: fs is not defined\n    at FSRead (E:\\nodeJS\\koa\\koa2\\service\\tencentAPI.js:53:30)\n    at Object.ocr_idcardocr (E:\\nodeJS\\koa\\koa2\\service\\tencentAPI.js:60:55)\n    at cardOcr (E:\\nodeJS\\koa\\koa2\\controller\\home.js:46:30)\n    at dispatch (E:\\nodeJS\\koa\\koa2\\node_modules\\_koa-compose@3.2.1@koa-compose\\index.js:44:32)\n    at next (E:\\nodeJS\\koa\\koa2\\node_modules\\_koa-compose@3.2.1@koa-compose\\index.js:45:18)\n    at <anonymous>\n    at process._tickCallback (internal/process/next_tick.js:188:7)","userAgent":"Mozilla/5.0 (Windows NT 6.1; Win64; x64) AppleWebKit/537.36 (KHTML, like Gecko) Chrome/65.0.3325.181 Safari/537.36"}
[2018-03-30T11:23:10.156] [ERROR] cheese - {"method":"POST","url":"/cardOcr","host":"localhost:3000","message":"log error","userAgent":"Mozilla/5.0 (Windows NT 6.1; Win64; x64) AppleWebKit/537.36 (KHTML, like Gecko) Chrome/65.0.3325.181 Safari/537.36"}
[2018-03-30T11:23:10.161] [ERROR] cheese - {"method":"POST","url":"/cardOcr","host":"localhost:3000","message":"Error: ENOENT: no such file or directory, open 'E:\\nodeJS\\koa\\public\\image\\idcard1.jpg'\n    at Object.fs.openSync (fs.js:646:18)\n    at Object.fs.readFileSync (fs.js:551:33)\n    at FSRead (E:\\nodeJS\\koa\\koa2\\service\\tencentAPI.js:54:33)\n    at Object.ocr_idcardocr (E:\\nodeJS\\koa\\koa2\\service\\tencentAPI.js:61:55)\n    at cardOcr (E:\\nodeJS\\koa\\koa2\\controller\\home.js:46:30)\n    at dispatch (E:\\nodeJS\\koa\\koa2\\node_modules\\_koa-compose@3.2.1@koa-compose\\index.js:44:32)\n    at next (E:\\nodeJS\\koa\\koa2\\node_modules\\_koa-compose@3.2.1@koa-compose\\index.js:45:18)\n    at <anonymous>\n    at process._tickCallback (internal/process/next_tick.js:188:7)","userAgent":"Mozilla/5.0 (Windows NT 6.1; Win64; x64) AppleWebKit/537.36 (KHTML, like Gecko) Chrome/65.0.3325.181 Safari/537.36"}
[2018-03-30T11:24:52.459] [ERROR] cheese - {"method":"POST","url":"/cardOcr","host":"localhost:3000","message":"log error","userAgent":"Mozilla/5.0 (Windows NT 6.1; Win64; x64) AppleWebKit/537.36 (KHTML, like Gecko) Chrome/65.0.3325.181 Safari/537.36"}
[2018-03-30T11:24:52.463] [ERROR] cheese - {"method":"POST","url":"/cardOcr","host":"localhost:3000","message":"Error: ENOENT: no such file or directory, open 'E:\\nodeJS\\koa\\public\\image\\idcard1.jpg'\n    at Object.fs.openSync (fs.js:646:18)\n    at Object.fs.readFileSync (fs.js:551:33)\n    at FSRead (E:\\nodeJS\\koa\\koa2\\service\\tencentAPI.js:54:33)\n    at Object.ocr_idcardocr (E:\\nodeJS\\koa\\koa2\\service\\tencentAPI.js:58:55)\n    at cardOcr (E:\\nodeJS\\koa\\koa2\\controller\\home.js:46:30)\n    at dispatch (E:\\nodeJS\\koa\\koa2\\node_modules\\_koa-compose@3.2.1@koa-compose\\index.js:44:32)\n    at next (E:\\nodeJS\\koa\\koa2\\node_modules\\_koa-compose@3.2.1@koa-compose\\index.js:45:18)\n    at <anonymous>\n    at process._tickCallback (internal/process/next_tick.js:188:7)","userAgent":"Mozilla/5.0 (Windows NT 6.1; Win64; x64) AppleWebKit/537.36 (KHTML, like Gecko) Chrome/65.0.3325.181 Safari/537.36"}
[2018-03-30T11:26:22.840] [ERROR] cheese - {"method":"POST","url":"/cardOcr","host":"localhost:3000","message":"log error","userAgent":"Mozilla/5.0 (Windows NT 6.1; Win64; x64) AppleWebKit/537.36 (KHTML, like Gecko) Chrome/65.0.3325.181 Safari/537.36"}
[2018-03-30T11:26:22.846] [ERROR] cheese - {"method":"POST","url":"/cardOcr","host":"localhost:3000","message":"Error: ENOENT: no such file or directory, open 'E:\\nodeJS\\koa\\public\\image\\idcard1.jpg'\n    at Object.fs.openSync (fs.js:646:18)\n    at Object.fs.readFileSync (fs.js:551:33)\n    at FSRead (E:\\nodeJS\\koa\\koa2\\service\\tencentAPI.js:54:33)\n    at Object.ocr_idcardocr (E:\\nodeJS\\koa\\koa2\\service\\tencentAPI.js:58:55)\n    at cardOcr (E:\\nodeJS\\koa\\koa2\\controller\\home.js:46:30)\n    at dispatch (E:\\nodeJS\\koa\\koa2\\node_modules\\_koa-compose@3.2.1@koa-compose\\index.js:44:32)\n    at next (E:\\nodeJS\\koa\\koa2\\node_modules\\_koa-compose@3.2.1@koa-compose\\index.js:45:18)\n    at <anonymous>\n    at process._tickCallback (internal/process/next_tick.js:188:7)","userAgent":"Mozilla/5.0 (Windows NT 6.1; Win64; x64) AppleWebKit/537.36 (KHTML, like Gecko) Chrome/65.0.3325.181 Safari/537.36"}
[2018-03-30T11:37:08.058] [ERROR] cheese - {"method":"POST","url":"/cardOcr","host":"localhost:3000","message":"log error","userAgent":"Mozilla/5.0 (Windows NT 6.1; Win64; x64) AppleWebKit/537.36 (KHTML, like Gecko) Chrome/65.0.3325.181 Safari/537.36"}
[2018-03-30T11:38:05.306] [ERROR] cheese - {"method":"POST","url":"/cardOcr","host":"localhost:3000","message":"log error","userAgent":"Mozilla/5.0 (Windows NT 6.1; Win64; x64) AppleWebKit/537.36 (KHTML, like Gecko) Chrome/65.0.3325.181 Safari/537.36"}
[2018-03-30T11:38:50.070] [ERROR] cheese - {"method":"POST","url":"/cardOcr","host":"localhost:3000","message":"log error","userAgent":"Mozilla/5.0 (Windows NT 6.1; Win64; x64) AppleWebKit/537.36 (KHTML, like Gecko) Chrome/65.0.3325.181 Safari/537.36"}
[2018-03-30T11:39:26.452] [ERROR] cheese - {"method":"POST","url":"/cardOcr","host":"localhost:3000","message":"log error","userAgent":"Mozilla/5.0 (Windows NT 6.1; Win64; x64) AppleWebKit/537.36 (KHTML, like Gecko) Chrome/65.0.3325.181 Safari/537.36"}
[2018-03-30T11:39:26.582] [INFO] cheese - 响应时间为0.149s
[2018-03-30T11:40:45.561] [ERROR] cheese - {"method":"POST","url":"/cardOcr","host":"localhost:3000","message":"log error","userAgent":"Mozilla/5.0 (Windows NT 6.1; Win64; x64) AppleWebKit/537.36 (KHTML, like Gecko) Chrome/65.0.3325.181 Safari/537.36"}
[2018-03-30T11:40:46.465] [INFO] cheese - 响应时间为0.929s
[2018-03-30T11:40:52.819] [ERROR] cheese - {"method":"POST","url":"/cardOcr","host":"localhost:3000","message":"log error","userAgent":"Mozilla/5.0 (Windows NT 6.1; Win64; x64) AppleWebKit/537.36 (KHTML, like Gecko) Chrome/65.0.3325.181 Safari/537.36"}
[2018-03-30T11:40:53.777] [INFO] cheese - 响应时间为0.959s
[2018-03-30T11:41:37.319] [ERROR] cheese - {"method":"POST","url":"/cardOcr","host":"localhost:3000","message":"log error","userAgent":"Mozilla/5.0 (Windows NT 6.1; Win64; x64) AppleWebKit/537.36 (KHTML, like Gecko) Chrome/65.0.3325.181 Safari/537.36"}
[2018-03-30T11:41:40.627] [INFO] cheese - 响应时间为3.327s
[2018-03-30T11:42:42.314] [ERROR] cheese - {"method":"POST","url":"/cardOcr","host":"localhost:3000","message":"log error","userAgent":"Mozilla/5.0 (Windows NT 6.1; Win64; x64) AppleWebKit/537.36 (KHTML, like Gecko) Chrome/65.0.3325.181 Safari/537.36"}
[2018-03-30T11:42:45.363] [INFO] cheese - 响应时间为3.051s
[2018-03-30T11:46:10.961] [ERROR] cheese - {"method":"POST","url":"/cardOcr","host":"localhost:3000","message":"log error","userAgent":"Mozilla/5.0 (Windows NT 6.1; Win64; x64) AppleWebKit/537.36 (KHTML, like Gecko) Chrome/65.0.3325.181 Safari/537.36"}
[2018-03-30T11:46:13.297] [ERROR] cheese - {"method":"POST","url":"/cardOcr","host":"localhost:3000","message":"TypeError: Cannot convert undefined or null to object\n    at cardOcr (E:\\nodeJS\\koa\\koa2\\controller\\home.js:47:21)\n    at <anonymous>\n    at process._tickCallback (internal/process/next_tick.js:188:7)","userAgent":"Mozilla/5.0 (Windows NT 6.1; Win64; x64) AppleWebKit/537.36 (KHTML, like Gecko) Chrome/65.0.3325.181 Safari/537.36"}
[2018-03-30T11:46:53.992] [ERROR] cheese - {"method":"POST","url":"/cardOcr","host":"localhost:3000","message":"log error","userAgent":"Mozilla/5.0 (Windows NT 6.1; Win64; x64) AppleWebKit/537.36 (KHTML, like Gecko) Chrome/65.0.3325.181 Safari/537.36"}
[2018-03-30T11:46:56.350] [INFO] cheese - 响应时间为2.373s
[2018-03-30T11:47:10.957] [ERROR] cheese - {"method":"POST","url":"/cardOcr","host":"localhost:3000","message":"log error","userAgent":"Mozilla/5.0 (Windows NT 6.1; Win64; x64) AppleWebKit/537.36 (KHTML, like Gecko) Chrome/65.0.3325.181 Safari/537.36"}
[2018-03-30T11:47:14.008] [INFO] cheese - 响应时间为3.076s
[2018-03-30T11:47:36.835] [ERROR] cheese - {"method":"POST","url":"/cardOcr","host":"localhost:3000","message":"log error","userAgent":"Mozilla/5.0 (Windows NT 6.1; Win64; x64) AppleWebKit/537.36 (KHTML, like Gecko) Chrome/65.0.3325.181 Safari/537.36"}
[2018-03-30T11:47:40.002] [INFO] cheese - 响应时间为3.181s
[2018-03-30T11:48:18.231] [ERROR] cheese - {"method":"POST","url":"/cardOcr","host":"localhost:3000","message":"log error","userAgent":"Mozilla/5.0 (Windows NT 6.1; Win64; x64) AppleWebKit/537.36 (KHTML, like Gecko) Chrome/65.0.3325.181 Safari/537.36"}
[2018-03-30T11:48:20.215] [INFO] cheese - 响应时间为2.004s
[2018-03-30T15:08:22.086] [ERROR] cheese - {"method":"POST","url":"/cardOcr","host":"localhost:3000","message":"log error","userAgent":"Mozilla/5.0 (Windows NT 6.1; Win64; x64) AppleWebKit/537.36 (KHTML, like Gecko) Chrome/65.0.3325.181 Safari/537.36"}
[2018-03-30T15:08:24.128] [INFO] cheese - 响应时间为2.058s
[2018-03-30T15:14:46.386] [ERROR] cheese - {"method":"POST","url":"/cardOcr","host":"localhost:3000","message":"log error","userAgent":"Mozilla/5.0 (Windows NT 6.1; Win64; x64) AppleWebKit/537.36 (KHTML, like Gecko) Chrome/65.0.3325.181 Safari/537.36"}
[2018-03-30T15:14:46.394] [INFO] cheese - 响应时间为0.035s
[2018-03-30T15:16:01.645] [ERROR] cheese - {"method":"POST","url":"/cardOcr","host":"localhost:3000","message":"log error","userAgent":"Mozilla/5.0 (Windows NT 6.1; Win64; x64) AppleWebKit/537.36 (KHTML, like Gecko) Chrome/65.0.3325.181 Safari/537.36"}
[2018-03-30T15:16:01.657] [INFO] cheese - 响应时间为0.038s
[2018-03-30T15:17:08.001] [ERROR] cheese - {"method":"POST","url":"/cardOcr","host":"localhost:3000","message":"log error","userAgent":"Mozilla/5.0 (Windows NT 6.1; Win64; x64) AppleWebKit/537.36 (KHTML, like Gecko) Chrome/65.0.3325.181 Safari/537.36"}
[2018-03-30T15:17:08.744] [INFO] cheese - 响应时间为0.761s
[2018-03-30T15:18:18.766] [ERROR] cheese - {"method":"POST","url":"/cardOcr","host":"localhost:3000","message":"log error","userAgent":"Mozilla/5.0 (Windows NT 6.1; Win64; x64) AppleWebKit/537.36 (KHTML, like Gecko) Chrome/65.0.3325.181 Safari/537.36"}
[2018-03-30T15:18:18.779] [INFO] cheese - 响应时间为0.018s
[2018-03-30T15:18:28.949] [ERROR] cheese - {"method":"POST","url":"/cardOcr","host":"localhost:3000","message":"log error","userAgent":"Mozilla/5.0 (Windows NT 6.1; Win64; x64) AppleWebKit/537.36 (KHTML, like Gecko) Chrome/65.0.3325.181 Safari/537.36"}
[2018-03-30T15:18:28.956] [INFO] cheese - 响应时间为0.007s
[2018-03-30T15:18:36.233] [ERROR] cheese - {"method":"POST","url":"/cardOcr","host":"localhost:3000","message":"log error","userAgent":"Mozilla/5.0 (Windows NT 6.1; Win64; x64) AppleWebKit/537.36 (KHTML, like Gecko) Chrome/65.0.3325.181 Safari/537.36"}
[2018-03-30T15:18:36.239] [INFO] cheese - 响应时间为0.01s
[2018-03-30T15:19:46.628] [ERROR] cheese - {"method":"POST","url":"/cardOcr","host":"localhost:3000","message":"log error","userAgent":"Mozilla/5.0 (Windows NT 6.1; Win64; x64) AppleWebKit/537.36 (KHTML, like Gecko) Chrome/65.0.3325.181 Safari/537.36"}
[2018-03-30T15:19:46.656] [INFO] cheese - 响应时间为0.05s
[2018-03-30T15:21:09.090] [ERROR] cheese - {"method":"POST","url":"/cardOcr","host":"localhost:3000","message":"log error","userAgent":"Mozilla/5.0 (Windows NT 6.1; Win64; x64) AppleWebKit/537.36 (KHTML, like Gecko) Chrome/65.0.3325.181 Safari/537.36"}
[2018-03-30T15:21:09.115] [INFO] cheese - 响应时间为0.053s
[2018-03-30T15:21:22.428] [ERROR] cheese - {"method":"POST","url":"/cardOcr","host":"localhost:3000","message":"log error","userAgent":"Mozilla/5.0 (Windows NT 6.1; Win64; x64) AppleWebKit/537.36 (KHTML, like Gecko) Chrome/65.0.3325.181 Safari/537.36"}
[2018-03-30T15:21:22.450] [INFO] cheese - 响应时间为0.045s
[2018-03-30T15:23:46.510] [ERROR] cheese - {"method":"POST","url":"/cardOcr","host":"localhost:3000","message":"log error","userAgent":"Mozilla/5.0 (Windows NT 6.1; Win64; x64) AppleWebKit/537.36 (KHTML, like Gecko) Chrome/65.0.3325.181 Safari/537.36"}
[2018-03-30T15:23:47.862] [INFO] cheese - 响应时间为1.377s
[2018-03-30T15:24:57.840] [ERROR] cheese - {"method":"POST","url":"/cardOcr","host":"localhost:3000","message":"log error","userAgent":"Mozilla/5.0 (Windows NT 6.1; Win64; x64) AppleWebKit/537.36 (KHTML, like Gecko) Chrome/65.0.3325.181 Safari/537.36"}
[2018-03-30T15:24:59.002] [INFO] cheese - 响应时间为1.186s
[2018-03-30T15:25:32.115] [ERROR] cheese - {"method":"POST","url":"/cardOcr","host":"localhost:3000","message":"log error","userAgent":"Mozilla/5.0 (Windows NT 6.1; Win64; x64) AppleWebKit/537.36 (KHTML, like Gecko) Chrome/65.0.3325.181 Safari/537.36"}
[2018-03-30T15:25:33.026] [INFO] cheese - 响应时间为0.912s
[2018-03-30T15:26:15.932] [ERROR] cheese - {"method":"POST","url":"/cardOcr","host":"localhost:3000","message":"log error","userAgent":"Mozilla/5.0 (Windows NT 6.1; Win64; x64) AppleWebKit/537.36 (KHTML, like Gecko) Chrome/65.0.3325.181 Safari/537.36"}
[2018-03-30T15:26:17.396] [INFO] cheese - 响应时间为1.481s
[2018-03-30T15:26:43.329] [ERROR] cheese - {"method":"POST","url":"/cardOcr","host":"localhost:3000","message":"log error","userAgent":"Mozilla/5.0 (Windows NT 6.1; Win64; x64) AppleWebKit/537.36 (KHTML, like Gecko) Chrome/65.0.3325.181 Safari/537.36"}
[2018-03-30T15:26:45.546] [INFO] cheese - 响应时间为2.235s
[2018-03-30T15:27:34.063] [ERROR] cheese - {"method":"POST","url":"/cardOcr","host":"localhost:3000","message":"log error","userAgent":"Mozilla/5.0 (Windows NT 6.1; Win64; x64) AppleWebKit/537.36 (KHTML, like Gecko) Chrome/65.0.3325.181 Safari/537.36"}
[2018-03-30T15:27:36.149] [INFO] cheese - 响应时间为2.107s
[2018-03-30T15:27:46.370] [ERROR] cheese - {"method":"POST","url":"/cardOcr","host":"localhost:3000","message":"log error","userAgent":"Mozilla/5.0 (Windows NT 6.1; Win64; x64) AppleWebKit/537.36 (KHTML, like Gecko) Chrome/65.0.3325.181 Safari/537.36"}
[2018-03-30T15:27:48.451] [INFO] cheese - 响应时间为2.083s
[2018-03-30T15:30:09.581] [ERROR] cheese - {"method":"POST","url":"/cardOcr","host":"localhost:3000","message":"log error","userAgent":"Mozilla/5.0 (Windows NT 6.1; Win64; x64) AppleWebKit/537.36 (KHTML, like Gecko) Chrome/65.0.3325.181 Safari/537.36"}
[2018-03-30T15:30:14.782] [INFO] cheese - 响应时间为5.22s
[2018-03-30T15:31:18.580] [ERROR] cheese - {"method":"POST","url":"/cardOcr","host":"localhost:3000","message":"log error","userAgent":"Mozilla/5.0 (Windows NT 6.1; Win64; x64) AppleWebKit/537.36 (KHTML, like Gecko) Chrome/65.0.3325.181 Safari/537.36"}
[2018-03-30T15:31:24.943] [INFO] cheese - 响应时间为6.39s
[2018-03-30T15:33:15.231] [ERROR] cheese - {"method":"POST","url":"/cardOcr","host":"localhost:3000","message":"log error","userAgent":"Mozilla/5.0 (Windows NT 6.1; Win64; x64) AppleWebKit/537.36 (KHTML, like Gecko) Chrome/65.0.3325.181 Safari/537.36"}
[2018-03-30T15:33:17.367] [INFO] cheese - 响应时间为2.139s
[2018-03-30T15:35:20.626] [ERROR] cheese - {"method":"POST","url":"/wordcom","host":"localhost:3000","message":"log error","userAgent":"Mozilla/5.0 (Windows NT 6.1; Win64; x64) AppleWebKit/537.36 (KHTML, like Gecko) Chrome/65.0.3325.181 Safari/537.36"}
[2018-03-30T15:35:20.806] [INFO] cheese - 响应时间为0.188s
[2018-03-30T15:35:34.505] [ERROR] cheese - {"method":"POST","url":"/wordcom","host":"localhost:3000","message":"log error","userAgent":"Mozilla/5.0 (Windows NT 6.1; Win64; x64) AppleWebKit/537.36 (KHTML, like Gecko) Chrome/65.0.3325.181 Safari/537.36"}
[2018-03-30T15:35:34.672] [INFO] cheese - 响应时间为0.167s
[2018-03-30T15:35:47.950] [ERROR] cheese - {"method":"POST","url":"/wordcom","host":"localhost:3000","message":"log error","userAgent":"Mozilla/5.0 (Windows NT 6.1; Win64; x64) AppleWebKit/537.36 (KHTML, like Gecko) Chrome/65.0.3325.181 Safari/537.36"}
[2018-03-30T15:35:48.094] [INFO] cheese - 响应时间为0.146s
[2018-03-30T15:36:14.743] [ERROR] cheese - {"method":"POST","url":"/wordcom","host":"localhost:3000","message":"log error","userAgent":"Mozilla/5.0 (Windows NT 6.1; Win64; x64) AppleWebKit/537.36 (KHTML, like Gecko) Chrome/65.0.3325.181 Safari/537.36"}
[2018-03-30T15:36:14.899] [INFO] cheese - 响应时间为0.16s
[2018-03-30T15:36:57.662] [ERROR] cheese - {"method":"POST","url":"/wordcom","host":"localhost:3000","message":"log error","userAgent":"Mozilla/5.0 (Windows NT 6.1; Win64; x64) AppleWebKit/537.36 (KHTML, like Gecko) Chrome/65.0.3325.181 Safari/537.36"}
[2018-03-30T15:36:57.931] [INFO] cheese - 响应时间为0.271s
[2018-03-30T15:37:51.060] [ERROR] cheese - {"method":"POST","url":"/textPolar","host":"localhost:3000","message":"log error","userAgent":"Mozilla/5.0 (Windows NT 6.1; Win64; x64) AppleWebKit/537.36 (KHTML, like Gecko) Chrome/65.0.3325.181 Safari/537.36"}
[2018-03-30T15:37:51.133] [INFO] cheese - 响应时间为0.074s
[2018-03-30T15:39:47.065] [ERROR] cheese - {"method":"POST","url":"/wordcom","host":"localhost:3000","message":"log error","userAgent":"Mozilla/5.0 (Windows NT 6.1; Win64; x64) AppleWebKit/537.36 (KHTML, like Gecko) Chrome/65.0.3325.181 Safari/537.36"}
[2018-03-30T15:39:47.288] [INFO] cheese - 响应时间为0.246s
[2018-03-30T15:41:18.967] [ERROR] cheese - {"method":"POST","url":"/textPolar","host":"localhost:3000","message":"log error","userAgent":"Mozilla/5.0 (Windows NT 6.1; Win64; x64) AppleWebKit/537.36 (KHTML, like Gecko) Chrome/65.0.3325.181 Safari/537.36"}
[2018-03-30T15:41:19.094] [INFO] cheese - 响应时间为0.129s
[2018-03-30T15:43:01.917] [ERROR] cheese - {"method":"POST","url":"/wordcom","host":"localhost:3000","message":"log error","userAgent":"Mozilla/5.0 (Windows NT 6.1; Win64; x64) AppleWebKit/537.36 (KHTML, like Gecko) Chrome/65.0.3325.181 Safari/537.36"}
[2018-03-30T15:43:02.149] [INFO] cheese - 响应时间为0.233s
[2018-03-30T15:46:25.017] [ERROR] cheese - {"method":"POST","url":"/wordcom","host":"localhost:3000","message":"log error","userAgent":"Mozilla/5.0 (Windows NT 6.1; Win64; x64) AppleWebKit/537.36 (KHTML, like Gecko) Chrome/65.0.3325.181 Safari/537.36"}
[2018-03-30T15:46:25.308] [INFO] cheese - 响应时间为0.313s
[2018-03-30T16:09:38.343] [ERROR] cheese - {"method":"POST","url":"/cardOcr","host":"localhost:3000","message":"log error","userAgent":"Mozilla/5.0 (Windows NT 6.1; Win64; x64) AppleWebKit/537.36 (KHTML, like Gecko) Chrome/65.0.3325.181 Safari/537.36"}
[2018-03-30T16:09:40.225] [INFO] cheese - 响应时间为1.884s
[2018-03-30T16:10:01.430] [ERROR] cheese - {"method":"POST","url":"/cardOcr","host":"localhost:3000","message":"log error","userAgent":"Mozilla/5.0 (Windows NT 6.1; Win64; x64) AppleWebKit/537.36 (KHTML, like Gecko) Chrome/65.0.3325.181 Safari/537.36"}
[2018-03-30T16:10:02.808] [INFO] cheese - 响应时间为1.384s
[2018-03-30T16:10:24.364] [ERROR] cheese - {"method":"POST","url":"/cardOcr","host":"localhost:3000","message":"log error","userAgent":"Mozilla/5.0 (Windows NT 6.1; Win64; x64) AppleWebKit/537.36 (KHTML, like Gecko) Chrome/65.0.3325.181 Safari/537.36"}
[2018-03-30T16:10:27.325] [INFO] cheese - 响应时间为2.963s
[2018-03-30T16:17:46.324] [ERROR] cheese - {"method":"POST","url":"/textchat","host":"localhost:3000","message":"log error","userAgent":"Mozilla/5.0 (Windows NT 6.1; Win64; x64) AppleWebKit/537.36 (KHTML, like Gecko) Chrome/65.0.3325.181 Safari/537.36"}
[2018-03-30T16:17:46.565] [INFO] cheese - 响应时间为0.261s
[2018-03-30T16:18:12.566] [ERROR] cheese - {"method":"POST","url":"/textchat","host":"localhost:3000","message":"log error","userAgent":"Mozilla/5.0 (Windows NT 6.1; Win64; x64) AppleWebKit/537.36 (KHTML, like Gecko) Chrome/65.0.3325.181 Safari/537.36"}
[2018-03-30T16:18:12.711] [INFO] cheese - 响应时间为0.147s
[2018-03-30T16:18:18.091] [ERROR] cheese - {"method":"POST","url":"/textchat","host":"localhost:3000","message":"log error","userAgent":"Mozilla/5.0 (Windows NT 6.1; Win64; x64) AppleWebKit/537.36 (KHTML, like Gecko) Chrome/65.0.3325.181 Safari/537.36"}
[2018-03-30T16:18:18.331] [INFO] cheese - 响应时间为0.243s
[2018-03-30T16:18:27.481] [ERROR] cheese - {"method":"POST","url":"/textchat","host":"localhost:3000","message":"log error","userAgent":"Mozilla/5.0 (Windows NT 6.1; Win64; x64) AppleWebKit/537.36 (KHTML, like Gecko) Chrome/65.0.3325.181 Safari/537.36"}
[2018-03-30T16:18:27.645] [INFO] cheese - 响应时间为0.166s
[2018-03-30T16:18:33.797] [ERROR] cheese - {"method":"POST","url":"/textchat","host":"localhost:3000","message":"log error","userAgent":"Mozilla/5.0 (Windows NT 6.1; Win64; x64) AppleWebKit/537.36 (KHTML, like Gecko) Chrome/65.0.3325.181 Safari/537.36"}
[2018-03-30T16:18:33.959] [INFO] cheese - 响应时间为0.163s
[2018-03-30T16:18:38.926] [ERROR] cheese - {"method":"POST","url":"/textchat","host":"localhost:3000","message":"log error","userAgent":"Mozilla/5.0 (Windows NT 6.1; Win64; x64) AppleWebKit/537.36 (KHTML, like Gecko) Chrome/65.0.3325.181 Safari/537.36"}
[2018-03-30T16:18:39.143] [INFO] cheese - 响应时间为0.218s
[2018-03-30T16:18:54.038] [ERROR] cheese - {"method":"POST","url":"/textchat","host":"localhost:3000","message":"log error","userAgent":"Mozilla/5.0 (Windows NT 6.1; Win64; x64) AppleWebKit/537.36 (KHTML, like Gecko) Chrome/65.0.3325.181 Safari/537.36"}
[2018-03-30T16:18:54.135] [INFO] cheese - 响应时间为0.099s
[2018-03-30T16:22:14.265] [ERROR] cheese - {"method":"POST","url":"/textchat","host":"localhost:3000","message":"log error","userAgent":"Mozilla/5.0 (Windows NT 6.1; Win64; x64) AppleWebKit/537.36 (KHTML, like Gecko) Chrome/65.0.3325.181 Safari/537.36"}
[2018-03-30T16:22:14.461] [INFO] cheese - 响应时间为0.198s
[2018-03-30T17:15:00.468] [ERROR] cheese - {"method":"POST","url":"/texttrans","host":"localhost:3000","message":"log error","userAgent":"Mozilla/5.0 (Windows NT 6.1; Win64; x64) AppleWebKit/537.36 (KHTML, like Gecko) Chrome/65.0.3325.181 Safari/537.36"}
[2018-03-30T17:15:01.066] [INFO] cheese - 响应时间为0.619s
[2018-03-30T17:15:26.985] [ERROR] cheese - {"method":"POST","url":"/texttrans","host":"localhost:3000","message":"log error","userAgent":"Mozilla/5.0 (Windows NT 6.1; Win64; x64) AppleWebKit/537.36 (KHTML, like Gecko) Chrome/65.0.3325.181 Safari/537.36"}
[2018-03-30T17:15:27.373] [INFO] cheese - 响应时间为0.39s
[2018-03-30T17:23:01.188] [ERROR] cheese - {"method":"POST","url":"/wordcom","host":"localhost:3000","message":"log error","userAgent":"Mozilla/5.0 (Windows NT 6.1; Win64; x64) AppleWebKit/537.36 (KHTML, like Gecko) Chrome/65.0.3325.181 Safari/537.36"}
[2018-03-30T17:23:01.504] [INFO] cheese - 响应时间为0.33s
[2018-03-30T17:23:05.452] [ERROR] cheese - {"method":"POST","url":"/textPolar","host":"localhost:3000","message":"log error","userAgent":"Mozilla/5.0 (Windows NT 6.1; Win64; x64) AppleWebKit/537.36 (KHTML, like Gecko) Chrome/65.0.3325.181 Safari/537.36"}
[2018-03-30T17:23:05.575] [INFO] cheese - 响应时间为0.125s
[2018-03-30T17:23:12.635] [ERROR] cheese - {"method":"POST","url":"/wordcom","host":"localhost:3000","message":"log error","userAgent":"Mozilla/5.0 (Windows NT 6.1; Win64; x64) AppleWebKit/537.36 (KHTML, like Gecko) Chrome/65.0.3325.181 Safari/537.36"}
[2018-03-30T17:23:12.770] [INFO] cheese - 响应时间为0.139s
[2018-03-30T17:24:19.860] [ERROR] cheese - {"method":"POST","url":"/wordcom","host":"localhost:3000","message":"log error","userAgent":"Mozilla/5.0 (Windows NT 6.1; Win64; x64) AppleWebKit/537.36 (KHTML, like Gecko) Chrome/65.0.3325.181 Safari/537.36"}
[2018-03-30T17:24:20.072] [INFO] cheese - 响应时间为0.214s
[2018-03-30T17:24:26.696] [ERROR] cheese - {"method":"POST","url":"/textPolar","host":"localhost:3000","message":"log error","userAgent":"Mozilla/5.0 (Windows NT 6.1; Win64; x64) AppleWebKit/537.36 (KHTML, like Gecko) Chrome/65.0.3325.181 Safari/537.36"}
[2018-03-30T17:24:26.785] [INFO] cheese - 响应时间为0.09s
[2018-03-30T17:24:28.638] [ERROR] cheese - {"method":"POST","url":"/textchat","host":"localhost:3000","message":"log error","userAgent":"Mozilla/5.0 (Windows NT 6.1; Win64; x64) AppleWebKit/537.36 (KHTML, like Gecko) Chrome/65.0.3325.181 Safari/537.36"}
[2018-03-30T17:24:28.813] [INFO] cheese - 响应时间为0.176s
[2018-03-30T17:24:30.913] [ERROR] cheese - {"method":"POST","url":"/texttrans","host":"localhost:3000","message":"log error","userAgent":"Mozilla/5.0 (Windows NT 6.1; Win64; x64) AppleWebKit/537.36 (KHTML, like Gecko) Chrome/65.0.3325.181 Safari/537.36"}
[2018-03-30T17:24:31.217] [INFO] cheese - 响应时间为0.311s
[2018-03-30T17:24:33.654] [ERROR] cheese - {"method":"POST","url":"/textchat","host":"localhost:3000","message":"log error","userAgent":"Mozilla/5.0 (Windows NT 6.1; Win64; x64) AppleWebKit/537.36 (KHTML, like Gecko) Chrome/65.0.3325.181 Safari/537.36"}
[2018-03-30T17:24:33.805] [INFO] cheese - 响应时间为0.162s
[2018-03-30T17:24:41.900] [ERROR] cheese - {"method":"POST","url":"/texttrans","host":"localhost:3000","message":"log error","userAgent":"Mozilla/5.0 (Windows NT 6.1; Win64; x64) AppleWebKit/537.36 (KHTML, like Gecko) Chrome/65.0.3325.181 Safari/537.36"}
[2018-03-30T17:24:41.994] [INFO] cheese - 响应时间为0.096s
[2018-03-30T17:24:48.346] [ERROR] cheese - {"method":"POST","url":"/texttrans","host":"localhost:3000","message":"log error","userAgent":"Mozilla/5.0 (Windows NT 6.1; Win64; x64) AppleWebKit/537.36 (KHTML, like Gecko) Chrome/65.0.3325.181 Safari/537.36"}
[2018-03-30T17:24:48.409] [INFO] cheese - 响应时间为0.067s
[2018-03-30T17:24:58.061] [ERROR] cheese - {"method":"POST","url":"/texttrans","host":"localhost:3000","message":"log error","userAgent":"Mozilla/5.0 (Windows NT 6.1; Win64; x64) AppleWebKit/537.36 (KHTML, like Gecko) Chrome/65.0.3325.181 Safari/537.36"}
[2018-03-30T17:24:58.438] [INFO] cheese - 响应时间为0.379s
[2018-03-30T17:26:18.528] [ERROR] cheese - {"method":"POST","url":"/texttrans","host":"localhost:3000","message":"log error","userAgent":"Mozilla/5.0 (Windows NT 6.1; Win64; x64) AppleWebKit/537.36 (KHTML, like Gecko) Chrome/65.0.3325.181 Safari/537.36"}
[2018-03-30T17:26:18.804] [INFO] cheese - 响应时间为0.278s
