[2018-04-27T09:49:56.811] [ERROR] cheese - {"method":"POST","url":"/test","host":"localhost:3000","message":"log error","referer":"http://localhost:3002/","userAgent":"Mozilla/5.0 (iPhone; CPU iPhone OS 11_0 like Mac OS X) AppleWebKit/604.1.38 (KHTML, like Gecko) Version/11.0 Mobile/15A372 Safari/604.1"}
[2018-04-27T09:49:56.814] [INFO] cheese - 响应时间为0.03s
[2018-04-27T09:50:48.742] [ERROR] cheese - {"method":"POST","url":"/test","host":"localhost:3000","message":"log error","referer":"http://localhost:3002/","userAgent":"Mozilla/5.0 (iPhone; CPU iPhone OS 11_0 like Mac OS X) AppleWebKit/604.1.38 (KHTML, like Gecko) Version/11.0 Mobile/15A372 Safari/604.1"}
[2018-04-27T09:50:48.743] [INFO] cheese - 响应时间为0.005s
[2018-04-27T09:51:26.826] [ERROR] cheese - {"method":"POST","url":"/test","host":"localhost:3000","message":"log error","referer":"http://localhost:3002/","userAgent":"Mozilla/5.0 (iPhone; CPU iPhone OS 11_0 like Mac OS X) AppleWebKit/604.1.38 (KHTML, like Gecko) Version/11.0 Mobile/15A372 Safari/604.1"}
[2018-04-27T09:51:26.827] [INFO] cheese - 响应时间为0.002s
[2018-04-27T09:51:49.973] [ERROR] cheese - {"method":"POST","url":"/test","host":"localhost:3000","message":"log error","referer":"http://localhost:3002/","userAgent":"Mozilla/5.0 (iPhone; CPU iPhone OS 11_0 like Mac OS X) AppleWebKit/604.1.38 (KHTML, like Gecko) Version/11.0 Mobile/15A372 Safari/604.1"}
[2018-04-27T09:51:49.974] [INFO] cheese - 响应时间为0.003s
[2018-04-27T09:52:19.370] [ERROR] cheese - {"method":"POST","url":"/test","host":"localhost:3000","message":"log error","referer":"http://localhost:3002/","userAgent":"Mozilla/5.0 (iPhone; CPU iPhone OS 11_0 like Mac OS X) AppleWebKit/604.1.38 (KHTML, like Gecko) Version/11.0 Mobile/15A372 Safari/604.1"}
[2018-04-27T09:52:19.371] [INFO] cheese - 响应时间为0.003s
[2018-04-27T09:52:51.113] [ERROR] cheese - {"method":"POST","url":"/test","host":"localhost:3000","message":"log error","referer":"http://localhost:3002/","userAgent":"Mozilla/5.0 (iPhone; CPU iPhone OS 11_0 like Mac OS X) AppleWebKit/604.1.38 (KHTML, like Gecko) Version/11.0 Mobile/15A372 Safari/604.1"}
[2018-04-27T09:52:51.115] [INFO] cheese - 响应时间为0.003s
[2018-04-27T09:53:10.286] [ERROR] cheese - {"method":"POST","url":"/test","host":"localhost:3000","message":"log error","referer":"http://localhost:3002/","userAgent":"Mozilla/5.0 (iPhone; CPU iPhone OS 11_0 like Mac OS X) AppleWebKit/604.1.38 (KHTML, like Gecko) Version/11.0 Mobile/15A372 Safari/604.1"}
[2018-04-27T09:53:10.287] [INFO] cheese - 响应时间为0.003s
[2018-04-27T09:53:34.552] [ERROR] cheese - {"method":"POST","url":"/test","host":"localhost:3000","message":"log error","referer":"http://localhost:3002/","userAgent":"Mozilla/5.0 (iPhone; CPU iPhone OS 11_0 like Mac OS X) AppleWebKit/604.1.38 (KHTML, like Gecko) Version/11.0 Mobile/15A372 Safari/604.1"}
[2018-04-27T09:53:34.553] [INFO] cheese - 响应时间为0.003s
[2018-04-27T10:18:57.825] [ERROR] cheese - {"method":"POST","url":"/test","host":"localhost:3000","message":"log error","referer":"http://localhost:3002/","userAgent":"Mozilla/5.0 (iPhone; CPU iPhone OS 11_0 like Mac OS X) AppleWebKit/604.1.38 (KHTML, like Gecko) Version/11.0 Mobile/15A372 Safari/604.1"}
[2018-04-27T10:18:57.831] [INFO] cheese - 响应时间为0.008s
[2018-04-27T10:19:30.037] [ERROR] cheese - {"method":"POST","url":"/test","host":"localhost:3000","message":"log error","referer":"http://localhost:3002/","userAgent":"Mozilla/5.0 (iPhone; CPU iPhone OS 11_0 like Mac OS X) AppleWebKit/604.1.38 (KHTML, like Gecko) Version/11.0 Mobile/15A372 Safari/604.1"}
[2018-04-27T10:19:30.039] [INFO] cheese - 响应时间为0.003s
[2018-04-27T14:09:53.832] [ERROR] cheese - {"method":"GET","url":"/","host":"localhost:3000","message":"log error","userAgent":"Mozilla/5.0 (Windows NT 6.1; Win64; x64) AppleWebKit/537.36 (KHTML, like Gecko) Chrome/66.0.3359.117 Safari/537.36"}
[2018-04-27T14:09:53.896] [INFO] cheese - 响应时间为0.091s
[2018-04-27T14:09:54.353] [INFO] cheese - 响应时间为0.007s
[2018-04-27T14:52:42.598] [ERROR] cheese - {"method":"POST","url":"/test","host":"localhost:3000","message":"log error","referer":"http://localhost:3002/","userAgent":"Mozilla/5.0 (iPhone; CPU iPhone OS 11_0 like Mac OS X) AppleWebKit/604.1.38 (KHTML, like Gecko) Version/11.0 Mobile/15A372 Safari/604.1"}
[2018-04-27T14:52:42.599] [INFO] cheese - 响应时间为0.007s
[2018-04-27T14:52:46.088] [ERROR] cheese - {"method":"POST","url":"/test","host":"localhost:3000","message":"log error","referer":"http://localhost:3002/","userAgent":"Mozilla/5.0 (iPhone; CPU iPhone OS 11_0 like Mac OS X) AppleWebKit/604.1.38 (KHTML, like Gecko) Version/11.0 Mobile/15A372 Safari/604.1"}
[2018-04-27T14:52:46.096] [INFO] cheese - 响应时间为0.009s
[2018-04-27T14:53:29.851] [ERROR] cheese - {"method":"POST","url":"/test","host":"localhost:3000","message":"log error","referer":"http://localhost:3002/jijian","userAgent":"Mozilla/5.0 (iPhone; CPU iPhone OS 11_0 like Mac OS X) AppleWebKit/604.1.38 (KHTML, like Gecko) Version/11.0 Mobile/15A372 Safari/604.1"}
[2018-04-27T14:53:29.855] [INFO] cheese - 响应时间为0.005s
[2018-04-27T14:53:51.698] [ERROR] cheese - {"method":"POST","url":"/test","host":"localhost:3000","message":"log error","referer":"http://localhost:3002/jijian","userAgent":"Mozilla/5.0 (iPhone; CPU iPhone OS 11_0 like Mac OS X) AppleWebKit/604.1.38 (KHTML, like Gecko) Version/11.0 Mobile/15A372 Safari/604.1"}
[2018-04-27T14:53:51.701] [INFO] cheese - 响应时间为0.005s
[2018-04-27T14:53:56.876] [ERROR] cheese - {"method":"POST","url":"/test","host":"localhost:3000","message":"log error","referer":"http://localhost:3002/","userAgent":"Mozilla/5.0 (iPhone; CPU iPhone OS 11_0 like Mac OS X) AppleWebKit/604.1.38 (KHTML, like Gecko) Version/11.0 Mobile/15A372 Safari/604.1"}
[2018-04-27T14:53:56.882] [INFO] cheese - 响应时间为0.006s
[2018-04-27T14:54:23.422] [ERROR] cheese - {"method":"POST","url":"/test","host":"localhost:3000","message":"log error","referer":"http://localhost:3002/jijiandd","userAgent":"Mozilla/5.0 (iPhone; CPU iPhone OS 11_0 like Mac OS X) AppleWebKit/604.1.38 (KHTML, like Gecko) Version/11.0 Mobile/15A372 Safari/604.1"}
[2018-04-27T14:54:23.423] [INFO] cheese - 响应时间为0.002s
[2018-04-27T14:55:29.994] [ERROR] cheese - {"method":"POST","url":"/test","host":"localhost:3000","message":"log error","referer":"http://localhost:3002/jijiandd","userAgent":"Mozilla/5.0 (iPhone; CPU iPhone OS 11_0 like Mac OS X) AppleWebKit/604.1.38 (KHTML, like Gecko) Version/11.0 Mobile/15A372 Safari/604.1"}
[2018-04-27T14:55:29.995] [INFO] cheese - 响应时间为0.003s
[2018-04-27T14:56:00.499] [ERROR] cheese - {"method":"POST","url":"/test","host":"localhost:3000","message":"log error","referer":"http://localhost:3002/jijian","userAgent":"Mozilla/5.0 (iPhone; CPU iPhone OS 11_0 like Mac OS X) AppleWebKit/604.1.38 (KHTML, like Gecko) Version/11.0 Mobile/15A372 Safari/604.1"}
[2018-04-27T14:56:00.500] [INFO] cheese - 响应时间为0.002s
[2018-04-27T14:56:01.089] [ERROR] cheese - {"method":"POST","url":"/test","host":"localhost:3000","message":"log error","referer":"http://localhost:3002/jijian","userAgent":"Mozilla/5.0 (iPhone; CPU iPhone OS 11_0 like Mac OS X) AppleWebKit/604.1.38 (KHTML, like Gecko) Version/11.0 Mobile/15A372 Safari/604.1"}
[2018-04-27T14:56:01.090] [INFO] cheese - 响应时间为0.003s
[2018-04-27T14:56:14.664] [ERROR] cheese - {"method":"POST","url":"/test","host":"localhost:3000","message":"log error","referer":"http://localhost:3002/","userAgent":"Mozilla/5.0 (iPhone; CPU iPhone OS 11_0 like Mac OS X) AppleWebKit/604.1.38 (KHTML, like Gecko) Version/11.0 Mobile/15A372 Safari/604.1"}
[2018-04-27T14:56:14.666] [INFO] cheese - 响应时间为0.004s
