[2018-03-05T17:01:12.776] [ERROR] cheese - log error
[2018-03-05T17:01:12.794] [INFO] cheese - 响应时间为0.071s
[2018-03-05T17:01:12.813] [INFO] cheese - 响应时间为0.006s
[2018-03-05T17:16:51.473] [ERROR] cheese - {"method":"GET","url":"/","host":"localhost:3000","message":"log error","userAgent":"Mozilla/5.0 (Windows NT 6.1; Win64; x64) AppleWebKit/537.36 (KHTML, like Gecko) Chrome/64.0.3282.186 Safari/537.36"}
[2018-03-05T17:16:51.492] [INFO] cheese - 响应时间为0.072s
[2018-03-05T17:16:51.512] [INFO] cheese - 响应时间为0.007s
[2018-03-05T17:31:49.155] [ERROR] cheese - {"method":"GET","url":"/","host":"localhost:3000","message":"log error","userAgent":"Mozilla/5.0 (Windows NT 6.1; Win64; x64) AppleWebKit/537.36 (KHTML, like Gecko) Chrome/64.0.3282.186 Safari/537.36"}
[2018-03-05T17:31:49.176] [INFO] cheese - 响应时间为0.081s
[2018-03-05T17:31:49.196] [INFO] cheese - 响应时间为0.004s
[2018-03-05T17:51:51.669] [ERROR] cheese - {"method":"GET","url":"/","host":"localhost:3000","message":"log error","userAgent":"Mozilla/5.0 (Windows NT 6.1; Win64; x64) AppleWebKit/537.36 (KHTML, like Gecko) Chrome/64.0.3282.186 Safari/537.36"}
[2018-03-05T17:51:51.688] [INFO] cheese - 响应时间为0.08s
[2018-03-05T17:51:51.711] [INFO] cheese - 响应时间为0.007s
[2018-03-05T17:51:56.451] [ERROR] cheese - {"method":"GET","url":"/ddd","host":"localhost:3000","message":"log error","userAgent":"Mozilla/5.0 (Windows NT 6.1; Win64; x64) AppleWebKit/537.36 (KHTML, like Gecko) Chrome/64.0.3282.186 Safari/537.36"}
[2018-03-05T17:51:56.452] [INFO] cheese - 响应时间为0.007s
[2018-03-05T17:51:56.454] [ERROR] cheese - {"method":"GET","url":"/ddd","host":"localhost:3000","message":"InternalServerError: 错误页渲染失败:env is not defined\n    at Object.throw (E:\\nodeJS\\koa\\koa2\\node_modules\\_koa@2.5.0@koa\\lib\\context.js:93:11)\n    at E:\\nodeJS\\koa\\koa2\\middleware\\mi-http-error\\index.js:63:26\n    at <anonymous>","userAgent":"Mozilla/5.0 (Windows NT 6.1; Win64; x64) AppleWebKit/537.36 (KHTML, like Gecko) Chrome/64.0.3282.186 Safari/537.36"}
[2018-03-05T17:54:30.321] [ERROR] cheese - {"method":"GET","url":"/ddd","host":"localhost:3000","message":"log error","userAgent":"Mozilla/5.0 (Windows NT 6.1; Win64; x64) AppleWebKit/537.36 (KHTML, like Gecko) Chrome/64.0.3282.186 Safari/537.36"}
[2018-03-05T17:54:30.324] [INFO] cheese - 响应时间为0.057s
[2018-03-05T17:54:30.325] [ERROR] cheese - {"method":"GET","url":"/ddd","host":"localhost:3000","message":"InternalServerError: 错误页渲染失败:env is not defined\n    at Object.throw (E:\\nodeJS\\koa\\koa2\\node_modules\\_koa@2.5.0@koa\\lib\\context.js:93:11)\n    at E:\\nodeJS\\koa\\koa2\\middleware\\mi-http-error\\index.js:63:26\n    at <anonymous>","userAgent":"Mozilla/5.0 (Windows NT 6.1; Win64; x64) AppleWebKit/537.36 (KHTML, like Gecko) Chrome/64.0.3282.186 Safari/537.36"}
[2018-03-05T17:54:31.057] [ERROR] cheese - {"method":"GET","url":"/ddd","host":"localhost:3000","message":"log error","userAgent":"Mozilla/5.0 (Windows NT 6.1; Win64; x64) AppleWebKit/537.36 (KHTML, like Gecko) Chrome/64.0.3282.186 Safari/537.36"}
[2018-03-05T17:54:31.058] [INFO] cheese - 响应时间为0.006s
[2018-03-05T17:54:31.060] [ERROR] cheese - {"method":"GET","url":"/ddd","host":"localhost:3000","message":"InternalServerError: 错误页渲染失败:env is not defined\n    at Object.throw (E:\\nodeJS\\koa\\koa2\\node_modules\\_koa@2.5.0@koa\\lib\\context.js:93:11)\n    at E:\\nodeJS\\koa\\koa2\\middleware\\mi-http-error\\index.js:63:26\n    at <anonymous>","userAgent":"Mozilla/5.0 (Windows NT 6.1; Win64; x64) AppleWebKit/537.36 (KHTML, like Gecko) Chrome/64.0.3282.186 Safari/537.36"}
[2018-03-05T17:54:31.239] [ERROR] cheese - {"method":"GET","url":"/ddd","host":"localhost:3000","message":"log error","userAgent":"Mozilla/5.0 (Windows NT 6.1; Win64; x64) AppleWebKit/537.36 (KHTML, like Gecko) Chrome/64.0.3282.186 Safari/537.36"}
[2018-03-05T17:54:31.240] [INFO] cheese - 响应时间为0.005s
[2018-03-05T17:54:31.242] [ERROR] cheese - {"method":"GET","url":"/ddd","host":"localhost:3000","message":"InternalServerError: 错误页渲染失败:env is not defined\n    at Object.throw (E:\\nodeJS\\koa\\koa2\\node_modules\\_koa@2.5.0@koa\\lib\\context.js:93:11)\n    at E:\\nodeJS\\koa\\koa2\\middleware\\mi-http-error\\index.js:63:26\n    at <anonymous>","userAgent":"Mozilla/5.0 (Windows NT 6.1; Win64; x64) AppleWebKit/537.36 (KHTML, like Gecko) Chrome/64.0.3282.186 Safari/537.36"}
[2018-03-05T17:54:31.414] [ERROR] cheese - {"method":"GET","url":"/ddd","host":"localhost:3000","message":"log error","userAgent":"Mozilla/5.0 (Windows NT 6.1; Win64; x64) AppleWebKit/537.36 (KHTML, like Gecko) Chrome/64.0.3282.186 Safari/537.36"}
[2018-03-05T17:54:31.416] [INFO] cheese - 响应时间为0.006s
[2018-03-05T17:54:31.417] [ERROR] cheese - {"method":"GET","url":"/ddd","host":"localhost:3000","message":"InternalServerError: 错误页渲染失败:env is not defined\n    at Object.throw (E:\\nodeJS\\koa\\koa2\\node_modules\\_koa@2.5.0@koa\\lib\\context.js:93:11)\n    at E:\\nodeJS\\koa\\koa2\\middleware\\mi-http-error\\index.js:63:26\n    at <anonymous>","userAgent":"Mozilla/5.0 (Windows NT 6.1; Win64; x64) AppleWebKit/537.36 (KHTML, like Gecko) Chrome/64.0.3282.186 Safari/537.36"}
[2018-03-05T17:54:31.615] [ERROR] cheese - {"method":"GET","url":"/ddd","host":"localhost:3000","message":"log error","userAgent":"Mozilla/5.0 (Windows NT 6.1; Win64; x64) AppleWebKit/537.36 (KHTML, like Gecko) Chrome/64.0.3282.186 Safari/537.36"}
[2018-03-05T17:54:31.616] [INFO] cheese - 响应时间为0.005s
[2018-03-05T17:54:31.618] [ERROR] cheese - {"method":"GET","url":"/ddd","host":"localhost:3000","message":"InternalServerError: 错误页渲染失败:env is not defined\n    at Object.throw (E:\\nodeJS\\koa\\koa2\\node_modules\\_koa@2.5.0@koa\\lib\\context.js:93:11)\n    at E:\\nodeJS\\koa\\koa2\\middleware\\mi-http-error\\index.js:63:26\n    at <anonymous>","userAgent":"Mozilla/5.0 (Windows NT 6.1; Win64; x64) AppleWebKit/537.36 (KHTML, like Gecko) Chrome/64.0.3282.186 Safari/537.36"}
[2018-03-05T17:54:31.799] [ERROR] cheese - {"method":"GET","url":"/ddd","host":"localhost:3000","message":"log error","userAgent":"Mozilla/5.0 (Windows NT 6.1; Win64; x64) AppleWebKit/537.36 (KHTML, like Gecko) Chrome/64.0.3282.186 Safari/537.36"}
[2018-03-05T17:54:31.800] [INFO] cheese - 响应时间为0.005s
[2018-03-05T17:54:31.801] [ERROR] cheese - {"method":"GET","url":"/ddd","host":"localhost:3000","message":"InternalServerError: 错误页渲染失败:env is not defined\n    at Object.throw (E:\\nodeJS\\koa\\koa2\\node_modules\\_koa@2.5.0@koa\\lib\\context.js:93:11)\n    at E:\\nodeJS\\koa\\koa2\\middleware\\mi-http-error\\index.js:63:26\n    at <anonymous>","userAgent":"Mozilla/5.0 (Windows NT 6.1; Win64; x64) AppleWebKit/537.36 (KHTML, like Gecko) Chrome/64.0.3282.186 Safari/537.36"}
[2018-03-05T17:54:31.966] [ERROR] cheese - {"method":"GET","url":"/ddd","host":"localhost:3000","message":"log error","userAgent":"Mozilla/5.0 (Windows NT 6.1; Win64; x64) AppleWebKit/537.36 (KHTML, like Gecko) Chrome/64.0.3282.186 Safari/537.36"}
[2018-03-05T17:54:31.968] [INFO] cheese - 响应时间为0.005s
[2018-03-05T17:54:31.969] [ERROR] cheese - {"method":"GET","url":"/ddd","host":"localhost:3000","message":"InternalServerError: 错误页渲染失败:env is not defined\n    at Object.throw (E:\\nodeJS\\koa\\koa2\\node_modules\\_koa@2.5.0@koa\\lib\\context.js:93:11)\n    at E:\\nodeJS\\koa\\koa2\\middleware\\mi-http-error\\index.js:63:26\n    at <anonymous>","userAgent":"Mozilla/5.0 (Windows NT 6.1; Win64; x64) AppleWebKit/537.36 (KHTML, like Gecko) Chrome/64.0.3282.186 Safari/537.36"}
[2018-03-05T17:55:36.798] [ERROR] cheese - {"method":"GET","url":"/ddd","host":"localhost:3000","message":"log error","userAgent":"Mozilla/5.0 (Windows NT 6.1; Win64; x64) AppleWebKit/537.36 (KHTML, like Gecko) Chrome/64.0.3282.186 Safari/537.36"}
[2018-03-05T17:55:36.800] [INFO] cheese - 响应时间为0.06s
[2018-03-05T17:55:36.802] [ERROR] cheese - {"method":"GET","url":"/ddd","host":"localhost:3000","message":"InternalServerError: 错误页渲染失败:template not found: E:\\nodeJS\\koa\\koa2\\errorPage\\404.html\n    at Object.throw (E:\\nodeJS\\koa\\koa2\\node_modules\\_koa@2.5.0@koa\\lib\\context.js:93:11)\n    at E:\\nodeJS\\koa\\koa2\\middleware\\mi-http-error\\index.js:66:26\n    at <anonymous>","userAgent":"Mozilla/5.0 (Windows NT 6.1; Win64; x64) AppleWebKit/537.36 (KHTML, like Gecko) Chrome/64.0.3282.186 Safari/537.36"}
[2018-03-05T17:58:55.843] [ERROR] cheese - {"method":"GET","url":"/ddd","host":"localhost:3000","message":"log error","userAgent":"Mozilla/5.0 (Windows NT 6.1; Win64; x64) AppleWebKit/537.36 (KHTML, like Gecko) Chrome/64.0.3282.186 Safari/537.36"}
[2018-03-05T17:58:55.846] [INFO] cheese - 响应时间为0.06s
