[2018-07-10T15:00:54.874] [ERROR] cheese - {"method":"POST","url":"/wx/summary","host":"localhost:3000","message":"log error","referer":"https://servicewechat.com/wx40e50e29dd52b171/devtools/page-frame.html","userAgent":"Mozilla/5.0 (iPhone; CPU iPhone OS 9_1 like Mac OS X) AppleWebKit/601.1.46 (KHTML, like Gecko) Version/9.0 Mobile/13B143 Safari/601.1 wechatdevtools/1.02.1806120 MicroMessenger/6.5.7 Language/zh_CN webview/"}
[2018-07-10T15:00:54.882] [ERROR] cheese - {"method":"POST","url":"/wx/day","host":"localhost:3000","message":"log error","referer":"https://servicewechat.com/wx40e50e29dd52b171/devtools/page-frame.html","userAgent":"Mozilla/5.0 (iPhone; CPU iPhone OS 9_1 like Mac OS X) AppleWebKit/601.1.46 (KHTML, like Gecko) Version/9.0 Mobile/13B143 Safari/601.1 wechatdevtools/1.02.1806120 MicroMessenger/6.5.7 Language/zh_CN webview/"}
[2018-07-10T15:00:54.885] [ERROR] cheese - {"method":"POST","url":"/wx/week","host":"localhost:3000","message":"log error","referer":"https://servicewechat.com/wx40e50e29dd52b171/devtools/page-frame.html","userAgent":"Mozilla/5.0 (iPhone; CPU iPhone OS 9_1 like Mac OS X) AppleWebKit/601.1.46 (KHTML, like Gecko) Version/9.0 Mobile/13B143 Safari/601.1 wechatdevtools/1.02.1806120 MicroMessenger/6.5.7 Language/zh_CN webview/"}
[2018-07-10T15:00:55.032] [INFO] cheese - 响应时间为0.153s
[2018-07-10T15:00:55.068] [ERROR] cheese - {"method":"POST","url":"/wx/day","host":"localhost:3000","message":"log error","referer":"https://servicewechat.com/wx40e50e29dd52b171/devtools/page-frame.html","userAgent":"Mozilla/5.0 (iPhone; CPU iPhone OS 9_1 like Mac OS X) AppleWebKit/601.1.46 (KHTML, like Gecko) Version/9.0 Mobile/13B143 Safari/601.1 wechatdevtools/1.02.1806120 MicroMessenger/6.5.7 Language/zh_CN webview/"}
[2018-07-10T15:00:55.074] [INFO] cheese - 响应时间为0.219s
[2018-07-10T15:00:55.077] [INFO] cheese - 响应时间为0.193s
[2018-07-10T15:00:55.200] [INFO] cheese - 响应时间为0.134s
[2018-07-10T15:01:07.230] [ERROR] cheese - {"method":"POST","url":"/wx/summary","host":"localhost:3000","message":"log error","referer":"https://servicewechat.com/wx40e50e29dd52b171/devtools/page-frame.html","userAgent":"Mozilla/5.0 (iPhone; CPU iPhone OS 9_1 like Mac OS X) AppleWebKit/601.1.46 (KHTML, like Gecko) Version/9.0 Mobile/13B143 Safari/601.1 wechatdevtools/1.02.1806120 MicroMessenger/6.5.7 Language/zh_CN webview/"}
[2018-07-10T15:01:07.243] [ERROR] cheese - {"method":"POST","url":"/wx/day","host":"localhost:3000","message":"log error","referer":"https://servicewechat.com/wx40e50e29dd52b171/devtools/page-frame.html","userAgent":"Mozilla/5.0 (iPhone; CPU iPhone OS 9_1 like Mac OS X) AppleWebKit/601.1.46 (KHTML, like Gecko) Version/9.0 Mobile/13B143 Safari/601.1 wechatdevtools/1.02.1806120 MicroMessenger/6.5.7 Language/zh_CN webview/"}
[2018-07-10T15:01:07.246] [ERROR] cheese - {"method":"POST","url":"/wx/week","host":"localhost:3000","message":"log error","referer":"https://servicewechat.com/wx40e50e29dd52b171/devtools/page-frame.html","userAgent":"Mozilla/5.0 (iPhone; CPU iPhone OS 9_1 like Mac OS X) AppleWebKit/601.1.46 (KHTML, like Gecko) Version/9.0 Mobile/13B143 Safari/601.1 wechatdevtools/1.02.1806120 MicroMessenger/6.5.7 Language/zh_CN webview/"}
[2018-07-10T15:01:07.403] [INFO] cheese - 响应时间为0.176s
[2018-07-10T15:01:07.422] [INFO] cheese - 响应时间为0.178s
[2018-07-10T15:01:07.515] [INFO] cheese - 响应时间为0.274s
[2018-07-10T15:01:07.563] [ERROR] cheese - {"method":"POST","url":"/wx/day","host":"localhost:3000","message":"log error","referer":"https://servicewechat.com/wx40e50e29dd52b171/devtools/page-frame.html","userAgent":"Mozilla/5.0 (iPhone; CPU iPhone OS 9_1 like Mac OS X) AppleWebKit/601.1.46 (KHTML, like Gecko) Version/9.0 Mobile/13B143 Safari/601.1 wechatdevtools/1.02.1806120 MicroMessenger/6.5.7 Language/zh_CN webview/"}
[2018-07-10T15:01:07.704] [INFO] cheese - 响应时间为0.142s
[2018-07-10T15:01:31.317] [ERROR] cheese - {"method":"POST","url":"/wx/day","host":"localhost:3000","message":"log error","referer":"https://servicewechat.com/wx40e50e29dd52b171/devtools/page-frame.html","userAgent":"Mozilla/5.0 (iPhone; CPU iPhone OS 9_1 like Mac OS X) AppleWebKit/601.1.46 (KHTML, like Gecko) Version/9.0 Mobile/13B143 Safari/601.1 wechatdevtools/1.02.1806120 MicroMessenger/6.5.7 Language/zh_CN webview/"}
[2018-07-10T15:01:31.424] [INFO] cheese - 响应时间为0.109s
[2018-07-10T15:03:57.520] [ERROR] cheese - {"method":"POST","url":"/wx/summary","host":"localhost:3000","message":"log error","referer":"https://servicewechat.com/wx40e50e29dd52b171/devtools/page-frame.html","userAgent":"Mozilla/5.0 (iPhone; CPU iPhone OS 9_1 like Mac OS X) AppleWebKit/601.1.46 (KHTML, like Gecko) Version/9.0 Mobile/13B143 Safari/601.1 wechatdevtools/1.02.1806120 MicroMessenger/6.5.7 Language/zh_CN webview/"}
[2018-07-10T15:03:57.522] [ERROR] cheese - {"method":"POST","url":"/wx/day","host":"localhost:3000","message":"log error","referer":"https://servicewechat.com/wx40e50e29dd52b171/devtools/page-frame.html","userAgent":"Mozilla/5.0 (iPhone; CPU iPhone OS 9_1 like Mac OS X) AppleWebKit/601.1.46 (KHTML, like Gecko) Version/9.0 Mobile/13B143 Safari/601.1 wechatdevtools/1.02.1806120 MicroMessenger/6.5.7 Language/zh_CN webview/"}
[2018-07-10T15:03:57.527] [ERROR] cheese - {"method":"POST","url":"/wx/week","host":"localhost:3000","message":"log error","referer":"https://servicewechat.com/wx40e50e29dd52b171/devtools/page-frame.html","userAgent":"Mozilla/5.0 (iPhone; CPU iPhone OS 9_1 like Mac OS X) AppleWebKit/601.1.46 (KHTML, like Gecko) Version/9.0 Mobile/13B143 Safari/601.1 wechatdevtools/1.02.1806120 MicroMessenger/6.5.7 Language/zh_CN webview/"}
[2018-07-10T15:03:57.538] [ERROR] cheese - {"method":"POST","url":"/wx/week","host":"localhost:3000","message":"SyntaxError: Unexpected end of JSON input\n    at JSON.parse (<anonymous>)\n    at wx.getAccessToken.then.data (E:\\nodeJS\\koa\\koa2\\controller\\wx.js:63:29)\n    at tryCatcher (E:\\nodeJS\\koa\\koa2\\node_modules\\_bluebird@3.5.1@bluebird\\js\\release\\util.js:16:23)\n    at Promise._settlePromiseFromHandler (E:\\nodeJS\\koa\\koa2\\node_modules\\_bluebird@3.5.1@bluebird\\js\\release\\promise.js:512:31)\n    at Promise._settlePromise (E:\\nodeJS\\koa\\koa2\\node_modules\\_bluebird@3.5.1@bluebird\\js\\release\\promise.js:569:18)\n    at Promise._settlePromise0 (E:\\nodeJS\\koa\\koa2\\node_modules\\_bluebird@3.5.1@bluebird\\js\\release\\promise.js:614:10)\n    at Promise._settlePromises (E:\\nodeJS\\koa\\koa2\\node_modules\\_bluebird@3.5.1@bluebird\\js\\release\\promise.js:693:18)\n    at Async._drainQueue (E:\\nodeJS\\koa\\koa2\\node_modules\\_bluebird@3.5.1@bluebird\\js\\release\\async.js:133:16)\n    at Async._drainQueues (E:\\nodeJS\\koa\\koa2\\node_modules\\_bluebird@3.5.1@bluebird\\js\\release\\async.js:143:10)\n    at Immediate.Async.drainQueues (E:\\nodeJS\\koa\\koa2\\node_modules\\_bluebird@3.5.1@bluebird\\js\\release\\async.js:17:14)\n    at runCallback (timers.js:789:20)\n    at tryOnImmediate (timers.js:751:5)\n    at processImmediate [as _immediateCallback] (timers.js:722:5)","referer":"https://servicewechat.com/wx40e50e29dd52b171/devtools/page-frame.html","userAgent":"Mozilla/5.0 (iPhone; CPU iPhone OS 9_1 like Mac OS X) AppleWebKit/601.1.46 (KHTML, like Gecko) Version/9.0 Mobile/13B143 Safari/601.1 wechatdevtools/1.02.1806120 MicroMessenger/6.5.7 Language/zh_CN webview/"}
[2018-07-10T15:03:57.700] [INFO] cheese - 响应时间为0.179s
[2018-07-10T15:03:57.705] [INFO] cheese - 响应时间为0.187s
[2018-07-10T15:03:57.714] [ERROR] cheese - {"method":"POST","url":"/wx/day","host":"localhost:3000","message":"log error","referer":"https://servicewechat.com/wx40e50e29dd52b171/devtools/page-frame.html","userAgent":"Mozilla/5.0 (iPhone; CPU iPhone OS 9_1 like Mac OS X) AppleWebKit/601.1.46 (KHTML, like Gecko) Version/9.0 Mobile/13B143 Safari/601.1 wechatdevtools/1.02.1806120 MicroMessenger/6.5.7 Language/zh_CN webview/"}
[2018-07-10T15:03:57.884] [INFO] cheese - 响应时间为0.172s
[2018-07-10T15:04:15.317] [ERROR] cheese - {"method":"POST","url":"/wx/summary","host":"localhost:3000","message":"log error","referer":"https://servicewechat.com/wx40e50e29dd52b171/devtools/page-frame.html","userAgent":"Mozilla/5.0 (iPhone; CPU iPhone OS 9_1 like Mac OS X) AppleWebKit/601.1.46 (KHTML, like Gecko) Version/9.0 Mobile/13B143 Safari/601.1 wechatdevtools/1.02.1806120 MicroMessenger/6.5.7 Language/zh_CN webview/"}
[2018-07-10T15:04:15.320] [ERROR] cheese - {"method":"POST","url":"/wx/day","host":"localhost:3000","message":"log error","referer":"https://servicewechat.com/wx40e50e29dd52b171/devtools/page-frame.html","userAgent":"Mozilla/5.0 (iPhone; CPU iPhone OS 9_1 like Mac OS X) AppleWebKit/601.1.46 (KHTML, like Gecko) Version/9.0 Mobile/13B143 Safari/601.1 wechatdevtools/1.02.1806120 MicroMessenger/6.5.7 Language/zh_CN webview/"}
[2018-07-10T15:04:15.324] [ERROR] cheese - {"method":"POST","url":"/wx/week","host":"localhost:3000","message":"log error","referer":"https://servicewechat.com/wx40e50e29dd52b171/devtools/page-frame.html","userAgent":"Mozilla/5.0 (iPhone; CPU iPhone OS 9_1 like Mac OS X) AppleWebKit/601.1.46 (KHTML, like Gecko) Version/9.0 Mobile/13B143 Safari/601.1 wechatdevtools/1.02.1806120 MicroMessenger/6.5.7 Language/zh_CN webview/"}
[2018-07-10T15:04:15.471] [INFO] cheese - 响应时间为0.147s
[2018-07-10T15:04:15.474] [INFO] cheese - 响应时间为0.159s
[2018-07-10T15:04:15.476] [INFO] cheese - 响应时间为0.158s
[2018-07-10T15:04:15.514] [ERROR] cheese - {"method":"POST","url":"/wx/day","host":"localhost:3000","message":"log error","referer":"https://servicewechat.com/wx40e50e29dd52b171/devtools/page-frame.html","userAgent":"Mozilla/5.0 (iPhone; CPU iPhone OS 9_1 like Mac OS X) AppleWebKit/601.1.46 (KHTML, like Gecko) Version/9.0 Mobile/13B143 Safari/601.1 wechatdevtools/1.02.1806120 MicroMessenger/6.5.7 Language/zh_CN webview/"}
[2018-07-10T15:04:15.651] [INFO] cheese - 响应时间为0.139s
[2018-07-10T16:07:30.184] [ERROR] cheese - {"method":"GET","url":"/hp/device/InternalPages/Index?id=ConfigurationPage","host":"192.168.5.6","message":"log error","userAgent":"Mozilla/4.0 (compatible; MSIE 8.0; Windows NT 6.1)"}
[2018-07-10T16:07:30.186] [INFO] cheese - 响应时间为0.013s
[2018-07-10T16:30:08.089] [ERROR] cheese - {"method":"GET","url":"/hp/device/InternalPages/Index?id=ConfigurationPage","host":"192.168.5.6","message":"log error","userAgent":"Mozilla/4.0 (compatible; MSIE 8.0; Windows NT 6.1)"}
[2018-07-10T16:30:08.092] [INFO] cheese - 响应时间为0.005s
