[2018-07-05T14:16:03.547] [ERROR] cheese - {"method":"GET","url":"/douban/in_theaters?city=%E5%B9%BF%E5%B7%9E&start=0&count=10","host":"localhost:3000","message":"log error","userAgent":"Mozilla/5.0 (Windows NT 6.1; Win64; x64) AppleWebKit/537.36 (KHTML, like Gecko) Chrome/67.0.3396.99 Safari/537.36"}
[2018-07-05T14:16:03.550] [INFO] cheese - 响应时间为0.024s
[2018-07-05T14:17:40.638] [ERROR] cheese - {"method":"GET","url":"/douban/in_theaters?city=%E5%B9%BF%E5%B7%9E&start=0&count=10","host":"localhost:3000","message":"log error","userAgent":"Mozilla/5.0 (Windows NT 6.1; Win64; x64) AppleWebKit/537.36 (KHTML, like Gecko) Chrome/67.0.3396.99 Safari/537.36"}
[2018-07-05T14:17:40.641] [INFO] cheese - 响应时间为0.025s
[2018-07-05T14:20:03.731] [ERROR] cheese - {"method":"GET","url":"/douban/in_theaters?city=%E5%B9%BF%E5%B7%9E&start=0&count=10","host":"localhost:3000","message":"log error","userAgent":"Mozilla/5.0 (Windows NT 6.1; Win64; x64) AppleWebKit/537.36 (KHTML, like Gecko) Chrome/67.0.3396.99 Safari/537.36"}
[2018-07-05T14:20:04.951] [ERROR] cheese - {"method":"GET","url":"/douban/in_theaters?city=%E5%B9%BF%E5%B7%9E&start=0&count=10","host":"localhost:3000","message":"TypeError: Converting circular structure to JSON\n    at JSON.stringify (<anonymous>)\n    at Object.render (E:\\nodeJS\\koa\\koa2\\middleware\\mi-send\\index.js:4:26)\n    at in_theaters (E:\\nodeJS\\koa\\koa2\\controller\\douban.js:31:13)\n    at <anonymous>\n    at process._tickCallback (internal/process/next_tick.js:188:7)","userAgent":"Mozilla/5.0 (Windows NT 6.1; Win64; x64) AppleWebKit/537.36 (KHTML, like Gecko) Chrome/67.0.3396.99 Safari/537.36"}
[2018-07-05T14:20:56.261] [ERROR] cheese - {"method":"GET","url":"/douban/in_theaters?city=%E5%B9%BF%E5%B7%9E&start=0&count=10","host":"localhost:3000","message":"log error","userAgent":"Mozilla/5.0 (Windows NT 6.1; Win64; x64) AppleWebKit/537.36 (KHTML, like Gecko) Chrome/67.0.3396.99 Safari/537.36"}
[2018-07-05T14:20:57.253] [ERROR] cheese - {"method":"GET","url":"/douban/in_theaters?city=%E5%B9%BF%E5%B7%9E&start=0&count=10","host":"localhost:3000","message":"TypeError: Converting circular structure to JSON\n    at JSON.stringify (<anonymous>)\n    at Object.render (E:\\nodeJS\\koa\\koa2\\middleware\\mi-send\\index.js:4:26)\n    at in_theaters (E:\\nodeJS\\koa\\koa2\\controller\\douban.js:30:13)\n    at <anonymous>\n    at process._tickCallback (internal/process/next_tick.js:188:7)","userAgent":"Mozilla/5.0 (Windows NT 6.1; Win64; x64) AppleWebKit/537.36 (KHTML, like Gecko) Chrome/67.0.3396.99 Safari/537.36"}
[2018-07-05T14:21:31.041] [ERROR] cheese - {"method":"GET","url":"/douban/in_theaters?city=%E5%B9%BF%E5%B7%9E&start=0&count=10","host":"localhost:3000","message":"log error","userAgent":"Mozilla/5.0 (Windows NT 6.1; Win64; x64) AppleWebKit/537.36 (KHTML, like Gecko) Chrome/67.0.3396.99 Safari/537.36"}
[2018-07-05T14:21:32.089] [ERROR] cheese - {"method":"GET","url":"/douban/in_theaters?city=%E5%B9%BF%E5%B7%9E&start=0&count=10","host":"localhost:3000","message":"TypeError: Converting circular structure to JSON\n    at JSON.stringify (<anonymous>)\n    at Object.render (E:\\nodeJS\\koa\\koa2\\middleware\\mi-send\\index.js:4:26)\n    at in_theaters (E:\\nodeJS\\koa\\koa2\\controller\\douban.js:30:13)\n    at <anonymous>\n    at process._tickCallback (internal/process/next_tick.js:188:7)","userAgent":"Mozilla/5.0 (Windows NT 6.1; Win64; x64) AppleWebKit/537.36 (KHTML, like Gecko) Chrome/67.0.3396.99 Safari/537.36"}
[2018-07-05T14:24:16.021] [ERROR] cheese - {"method":"POST","url":"/douban/in_theaters","host":"localhost:3000","message":"log error","userAgent":"Mozilla/5.0 (Windows NT 6.1; Win64; x64) AppleWebKit/537.36 (KHTML, like Gecko) Chrome/67.0.3396.99 Safari/537.36"}
[2018-07-05T14:24:17.063] [ERROR] cheese - {"method":"POST","url":"/douban/in_theaters","host":"localhost:3000","message":"TypeError: Converting circular structure to JSON\n    at JSON.stringify (<anonymous>)\n    at in_theaters (E:\\nodeJS\\koa\\koa2\\controller\\douban.js:30:23)\n    at <anonymous>\n    at process._tickCallback (internal/process/next_tick.js:188:7)","userAgent":"Mozilla/5.0 (Windows NT 6.1; Win64; x64) AppleWebKit/537.36 (KHTML, like Gecko) Chrome/67.0.3396.99 Safari/537.36"}
[2018-07-05T14:26:53.271] [ERROR] cheese - {"method":"POST","url":"/douban/in_theaters","host":"localhost:3000","message":"log error","userAgent":"Mozilla/5.0 (Windows NT 6.1; Win64; x64) AppleWebKit/537.36 (KHTML, like Gecko) Chrome/67.0.3396.99 Safari/537.36"}
[2018-07-05T14:26:54.451] [INFO] cheese - 响应时间为1.2s
[2018-07-05T14:32:59.471] [ERROR] cheese - {"method":"POST","url":"/douban/in_theaters","host":"localhost:3000","message":"log error","userAgent":"Mozilla/5.0 (Windows NT 6.1; Win64; x64) AppleWebKit/537.36 (KHTML, like Gecko) Chrome/67.0.3396.99 Safari/537.36"}
[2018-07-05T14:33:00.746] [INFO] cheese - 响应时间为1.288s
[2018-07-05T14:33:49.131] [ERROR] cheese - {"method":"POST","url":"/douban/in_theaters","host":"localhost:3000","message":"log error","userAgent":"Mozilla/5.0 (Windows NT 6.1; Win64; x64) AppleWebKit/537.36 (KHTML, like Gecko) Chrome/67.0.3396.99 Safari/537.36"}
[2018-07-05T14:33:50.097] [INFO] cheese - 响应时间为0.979s
[2018-07-05T14:35:01.640] [ERROR] cheese - {"method":"POST","url":"/douban/in_theaters","host":"localhost:3000","message":"log error","userAgent":"Mozilla/5.0 (Windows NT 6.1; Win64; x64) AppleWebKit/537.36 (KHTML, like Gecko) Chrome/67.0.3396.99 Safari/537.36"}
[2018-07-05T14:35:03.025] [INFO] cheese - 响应时间为1.398s
[2018-07-05T14:35:40.596] [ERROR] cheese - {"method":"POST","url":"/douban/in_theaters","host":"localhost:3000","message":"log error","userAgent":"Mozilla/5.0 (Windows NT 6.1; Win64; x64) AppleWebKit/537.36 (KHTML, like Gecko) Chrome/67.0.3396.99 Safari/537.36"}
[2018-07-05T14:35:40.994] [INFO] cheese - 响应时间为0.399s
[2018-07-05T14:39:08.216] [ERROR] cheese - {"method":"POST","url":"/douban/in_theaters","host":"localhost:3000","message":"log error","userAgent":"Mozilla/5.0 (Windows NT 6.1; Win64; x64) AppleWebKit/537.36 (KHTML, like Gecko) Chrome/67.0.3396.99 Safari/537.36"}
[2018-07-05T14:39:08.861] [INFO] cheese - 响应时间为0.657s
[2018-07-05T14:39:29.399] [ERROR] cheese - {"method":"POST","url":"/douban/in_theaters","host":"localhost:3000","message":"log error","userAgent":"Mozilla/5.0 (Windows NT 6.1; Win64; x64) AppleWebKit/537.36 (KHTML, like Gecko) Chrome/67.0.3396.99 Safari/537.36"}
[2018-07-05T14:39:29.638] [INFO] cheese - 响应时间为0.241s
[2018-07-05T14:44:23.717] [ERROR] cheese - {"method":"POST","url":"/douban/subject","host":"localhost:3000","message":"log error","userAgent":"Mozilla/5.0 (Windows NT 6.1; Win64; x64) AppleWebKit/537.36 (KHTML, like Gecko) Chrome/67.0.3396.99 Safari/537.36"}
[2018-07-05T14:44:23.720] [ERROR] cheese - {"method":"POST","url":"/douban/subject","host":"localhost:3000","message":"ReferenceError: _parms is not defined\n    at Object.subject (E:\\nodeJS\\koa\\koa2\\service\\doubanAPI.js:69:37)\n    at subject (E:\\nodeJS\\koa\\koa2\\controller\\douban.js:43:30)\n    at dispatch (E:\\nodeJS\\koa\\koa2\\node_modules\\_koa-compose@3.2.1@koa-compose\\index.js:44:32)\n    at next (E:\\nodeJS\\koa\\koa2\\node_modules\\_koa-compose@3.2.1@koa-compose\\index.js:45:18)\n    at E:\\nodeJS\\koa\\koa2\\node_modules\\_koa-router@7.4.0@koa-router\\lib\\router.js:346:16\n    at dispatch (E:\\nodeJS\\koa\\koa2\\node_modules\\_koa-compose@3.2.1@koa-compose\\index.js:44:32)\n    at E:\\nodeJS\\koa\\koa2\\node_modules\\_koa-compose@3.2.1@koa-compose\\index.js:36:12\n    at dispatch (E:\\nodeJS\\koa\\koa2\\node_modules\\_koa-router@7.4.0@koa-router\\lib\\router.js:351:31)\n    at dispatch (E:\\nodeJS\\koa\\koa2\\node_modules\\_koa-compose@4.0.0@koa-compose\\index.js:42:32)\n    at next (E:\\nodeJS\\koa\\koa2\\node_modules\\_koa-compose@4.0.0@koa-compose\\index.js:43:18)\n    at E:\\nodeJS\\koa\\koa2\\middleware\\mi-send\\index.js:9:15\n    at dispatch (E:\\nodeJS\\koa\\koa2\\node_modules\\_koa-compose@4.0.0@koa-compose\\index.js:42:32)\n    at next (E:\\nodeJS\\koa\\koa2\\node_modules\\_koa-compose@4.0.0@koa-compose\\index.js:43:18)\n    at bodyParser (E:\\nodeJS\\koa\\koa2\\node_modules\\_koa-bodyparser@4.2.0@koa-bodyparser\\index.js:73:54)\n    at dispatch (E:\\nodeJS\\koa\\koa2\\node_modules\\_koa-compose@4.0.0@koa-compose\\index.js:42:32)\n    at next (E:\\nodeJS\\koa\\koa2\\node_modules\\_koa-compose@4.0.0@koa-compose\\index.js:43:18)","userAgent":"Mozilla/5.0 (Windows NT 6.1; Win64; x64) AppleWebKit/537.36 (KHTML, like Gecko) Chrome/67.0.3396.99 Safari/537.36"}
[2018-07-05T14:44:44.098] [ERROR] cheese - {"method":"POST","url":"/douban/subject","host":"localhost:3000","message":"log error","userAgent":"Mozilla/5.0 (Windows NT 6.1; Win64; x64) AppleWebKit/537.36 (KHTML, like Gecko) Chrome/67.0.3396.99 Safari/537.36"}
[2018-07-05T14:44:44.356] [INFO] cheese - 响应时间为0.271s
[2018-07-05T14:54:52.854] [ERROR] cheese - {"method":"POST","url":"/douban/in_theaters","host":"localhost:3000","message":"log error","userAgent":"Mozilla/5.0 (Windows NT 6.1; Win64; x64) AppleWebKit/537.36 (KHTML, like Gecko) Chrome/67.0.3396.99 Safari/537.36"}
[2018-07-05T14:54:53.130] [INFO] cheese - 响应时间为0.279s
[2018-07-05T15:30:13.425] [ERROR] cheese - {"method":"POST","url":"/douban/in_theaters","host":"localhost","message":"log error","referer":"https://servicewechat.com/wx40e50e29dd52b171/devtools/page-frame.html","userAgent":"Mozilla/5.0 (iPhone; CPU iPhone OS 9_1 like Mac OS X) AppleWebKit/601.1.46 (KHTML, like Gecko) Version/9.0 Mobile/13B143 Safari/601.1 wechatdevtools/1.02.1806120 MicroMessenger/6.5.7 Language/zh_CN webview/"}
[2018-07-05T15:30:13.869] [INFO] cheese - 响应时间为0.445s
[2018-07-05T15:31:00.243] [ERROR] cheese - {"method":"POST","url":"/douban/in_theaters","host":"localhost","message":"log error","referer":"https://servicewechat.com/wx40e50e29dd52b171/devtools/page-frame.html","userAgent":"Mozilla/5.0 (iPhone; CPU iPhone OS 9_1 like Mac OS X) AppleWebKit/601.1.46 (KHTML, like Gecko) Version/9.0 Mobile/13B143 Safari/601.1 wechatdevtools/1.02.1806120 MicroMessenger/6.5.7 Language/zh_CN webview/"}
[2018-07-05T15:31:00.494] [INFO] cheese - 响应时间为0.253s
[2018-07-05T15:31:33.281] [ERROR] cheese - {"method":"POST","url":"/douban/in_theaters","host":"localhost","message":"log error","referer":"https://servicewechat.com/wx40e50e29dd52b171/devtools/page-frame.html","userAgent":"Mozilla/5.0 (iPhone; CPU iPhone OS 9_1 like Mac OS X) AppleWebKit/601.1.46 (KHTML, like Gecko) Version/9.0 Mobile/13B143 Safari/601.1 wechatdevtools/1.02.1806120 MicroMessenger/6.5.7 Language/zh_CN webview/"}
[2018-07-05T15:31:33.588] [INFO] cheese - 响应时间为0.308s
[2018-07-05T15:31:34.230] [ERROR] cheese - {"method":"POST","url":"/douban/in_theaters","host":"localhost","message":"log error","referer":"https://servicewechat.com/wx40e50e29dd52b171/devtools/page-frame.html","userAgent":"Mozilla/5.0 (iPhone; CPU iPhone OS 9_1 like Mac OS X) AppleWebKit/601.1.46 (KHTML, like Gecko) Version/9.0 Mobile/13B143 Safari/601.1 wechatdevtools/1.02.1806120 MicroMessenger/6.5.7 Language/zh_CN webview/"}
[2018-07-05T15:31:34.475] [INFO] cheese - 响应时间为0.247s
[2018-07-05T15:32:15.886] [ERROR] cheese - {"method":"POST","url":"/douban/in_theaters","host":"localhost","message":"log error","referer":"https://servicewechat.com/wx40e50e29dd52b171/devtools/page-frame.html","userAgent":"Mozilla/5.0 (iPhone; CPU iPhone OS 9_1 like Mac OS X) AppleWebKit/601.1.46 (KHTML, like Gecko) Version/9.0 Mobile/13B143 Safari/601.1 wechatdevtools/1.02.1806120 MicroMessenger/6.5.7 Language/zh_CN webview/"}
[2018-07-05T15:32:16.133] [INFO] cheese - 响应时间为0.249s
[2018-07-05T15:32:26.059] [ERROR] cheese - {"method":"POST","url":"/douban/in_theaters","host":"localhost","message":"log error","referer":"https://servicewechat.com/wx40e50e29dd52b171/devtools/page-frame.html","userAgent":"Mozilla/5.0 (iPhone; CPU iPhone OS 9_1 like Mac OS X) AppleWebKit/601.1.46 (KHTML, like Gecko) Version/9.0 Mobile/13B143 Safari/601.1 wechatdevtools/1.02.1806120 MicroMessenger/6.5.7 Language/zh_CN webview/"}
[2018-07-05T15:32:26.327] [INFO] cheese - 响应时间为0.27s
[2018-07-05T15:32:49.722] [ERROR] cheese - {"method":"POST","url":"/douban/in_theaters","host":"localhost","message":"log error","referer":"https://servicewechat.com/wx40e50e29dd52b171/devtools/page-frame.html","userAgent":"Mozilla/5.0 (iPhone; CPU iPhone OS 9_1 like Mac OS X) AppleWebKit/601.1.46 (KHTML, like Gecko) Version/9.0 Mobile/13B143 Safari/601.1 wechatdevtools/1.02.1806120 MicroMessenger/6.5.7 Language/zh_CN webview/"}
[2018-07-05T15:32:50.048] [INFO] cheese - 响应时间为0.328s
[2018-07-05T15:33:06.954] [ERROR] cheese - {"method":"POST","url":"/douban/in_theaters","host":"localhost","message":"log error","referer":"https://servicewechat.com/wx40e50e29dd52b171/devtools/page-frame.html","userAgent":"Mozilla/5.0 (iPhone; CPU iPhone OS 9_1 like Mac OS X) AppleWebKit/601.1.46 (KHTML, like Gecko) Version/9.0 Mobile/13B143 Safari/601.1 wechatdevtools/1.02.1806120 MicroMessenger/6.5.7 Language/zh_CN webview/"}
[2018-07-05T15:33:07.204] [INFO] cheese - 响应时间为0.25s
[2018-07-05T15:33:13.315] [ERROR] cheese - {"method":"POST","url":"/douban/in_theaters","host":"localhost","message":"log error","referer":"https://servicewechat.com/wx40e50e29dd52b171/devtools/page-frame.html","userAgent":"Mozilla/5.0 (iPhone; CPU iPhone OS 9_1 like Mac OS X) AppleWebKit/601.1.46 (KHTML, like Gecko) Version/9.0 Mobile/13B143 Safari/601.1 wechatdevtools/1.02.1806120 MicroMessenger/6.5.7 Language/zh_CN webview/"}
[2018-07-05T15:33:13.563] [INFO] cheese - 响应时间为0.249s
[2018-07-05T15:33:45.977] [ERROR] cheese - {"method":"POST","url":"/douban/in_theaters","host":"localhost","message":"log error","referer":"https://servicewechat.com/wx40e50e29dd52b171/devtools/page-frame.html","userAgent":"Mozilla/5.0 (iPhone; CPU iPhone OS 9_1 like Mac OS X) AppleWebKit/601.1.46 (KHTML, like Gecko) Version/9.0 Mobile/13B143 Safari/601.1 wechatdevtools/1.02.1806120 MicroMessenger/6.5.7 Language/zh_CN webview/"}
[2018-07-05T15:33:46.224] [INFO] cheese - 响应时间为0.248s
[2018-07-05T15:36:01.110] [ERROR] cheese - {"method":"POST","url":"/douban/in_theaters","host":"localhost","message":"log error","referer":"https://servicewechat.com/wx40e50e29dd52b171/devtools/page-frame.html","userAgent":"Mozilla/5.0 (iPhone; CPU iPhone OS 9_1 like Mac OS X) AppleWebKit/601.1.46 (KHTML, like Gecko) Version/9.0 Mobile/13B143 Safari/601.1 wechatdevtools/1.02.1806120 MicroMessenger/6.5.7 Language/zh_CN webview/"}
[2018-07-05T15:36:01.427] [INFO] cheese - 响应时间为0.319s
[2018-07-05T15:36:07.925] [ERROR] cheese - {"method":"POST","url":"/douban/in_theaters","host":"localhost","message":"log error","referer":"https://servicewechat.com/wx40e50e29dd52b171/devtools/page-frame.html","userAgent":"Mozilla/5.0 (iPhone; CPU iPhone OS 9_1 like Mac OS X) AppleWebKit/601.1.46 (KHTML, like Gecko) Version/9.0 Mobile/13B143 Safari/601.1 wechatdevtools/1.02.1806120 MicroMessenger/6.5.7 Language/zh_CN webview/"}
[2018-07-05T15:36:08.173] [INFO] cheese - 响应时间为0.25s
[2018-07-05T15:42:02.917] [ERROR] cheese - {"method":"POST","url":"/douban/in_theaters","host":"localhost","message":"log error","referer":"https://servicewechat.com/wx40e50e29dd52b171/devtools/page-frame.html","userAgent":"Mozilla/5.0 (iPhone; CPU iPhone OS 9_1 like Mac OS X) AppleWebKit/601.1.46 (KHTML, like Gecko) Version/9.0 Mobile/13B143 Safari/601.1 wechatdevtools/1.02.1806120 MicroMessenger/6.5.7 Language/zh_CN webview/"}
[2018-07-05T15:42:03.238] [INFO] cheese - 响应时间为0.323s
[2018-07-05T15:43:01.864] [ERROR] cheese - {"method":"POST","url":"/douban/in_theaters","host":"localhost","message":"log error","referer":"https://servicewechat.com/wx40e50e29dd52b171/devtools/page-frame.html","userAgent":"Mozilla/5.0 (iPhone; CPU iPhone OS 9_1 like Mac OS X) AppleWebKit/601.1.46 (KHTML, like Gecko) Version/9.0 Mobile/13B143 Safari/601.1 wechatdevtools/1.02.1806120 MicroMessenger/6.5.7 Language/zh_CN webview/"}
[2018-07-05T15:43:02.116] [INFO] cheese - 响应时间为0.254s
[2018-07-05T15:43:49.310] [ERROR] cheese - {"method":"POST","url":"/douban/in_theaters","host":"localhost","message":"log error","referer":"https://servicewechat.com/wx40e50e29dd52b171/devtools/page-frame.html","userAgent":"Mozilla/5.0 (iPhone; CPU iPhone OS 9_1 like Mac OS X) AppleWebKit/601.1.46 (KHTML, like Gecko) Version/9.0 Mobile/13B143 Safari/601.1 wechatdevtools/1.02.1806120 MicroMessenger/6.5.7 Language/zh_CN webview/"}
[2018-07-05T15:43:49.556] [INFO] cheese - 响应时间为0.247s
[2018-07-05T15:45:39.958] [ERROR] cheese - {"method":"POST","url":"/douban/in_theaters","host":"localhost","message":"log error","referer":"https://servicewechat.com/wx40e50e29dd52b171/devtools/page-frame.html","userAgent":"Mozilla/5.0 (iPhone; CPU iPhone OS 9_1 like Mac OS X) AppleWebKit/601.1.46 (KHTML, like Gecko) Version/9.0 Mobile/13B143 Safari/601.1 wechatdevtools/1.02.1806120 MicroMessenger/6.5.7 Language/zh_CN webview/"}
[2018-07-05T15:45:40.229] [INFO] cheese - 响应时间为0.273s
[2018-07-05T15:46:34.769] [ERROR] cheese - {"method":"POST","url":"/douban/in_theaters","host":"localhost","message":"log error","referer":"https://servicewechat.com/wx40e50e29dd52b171/devtools/page-frame.html","userAgent":"Mozilla/5.0 (iPhone; CPU iPhone OS 9_1 like Mac OS X) AppleWebKit/601.1.46 (KHTML, like Gecko) Version/9.0 Mobile/13B143 Safari/601.1 wechatdevtools/1.02.1806120 MicroMessenger/6.5.7 Language/zh_CN webview/"}
[2018-07-05T15:46:35.020] [INFO] cheese - 响应时间为0.252s
[2018-07-05T15:47:24.322] [ERROR] cheese - {"method":"POST","url":"/douban/in_theaters","host":"localhost","message":"log error","referer":"https://servicewechat.com/wx40e50e29dd52b171/devtools/page-frame.html","userAgent":"Mozilla/5.0 (iPhone; CPU iPhone OS 9_1 like Mac OS X) AppleWebKit/601.1.46 (KHTML, like Gecko) Version/9.0 Mobile/13B143 Safari/601.1 wechatdevtools/1.02.1806120 MicroMessenger/6.5.7 Language/zh_CN webview/"}
[2018-07-05T15:47:24.633] [INFO] cheese - 响应时间为0.313s
[2018-07-05T15:47:39.237] [ERROR] cheese - {"method":"POST","url":"/douban/in_theaters","host":"localhost","message":"log error","referer":"https://servicewechat.com/wx40e50e29dd52b171/devtools/page-frame.html","userAgent":"Mozilla/5.0 (iPhone; CPU iPhone OS 9_1 like Mac OS X) AppleWebKit/601.1.46 (KHTML, like Gecko) Version/9.0 Mobile/13B143 Safari/601.1 wechatdevtools/1.02.1806120 MicroMessenger/6.5.7 Language/zh_CN webview/"}
[2018-07-05T15:47:39.481] [INFO] cheese - 响应时间为0.246s
[2018-07-05T15:47:55.277] [ERROR] cheese - {"method":"POST","url":"/douban/in_theaters","host":"localhost","message":"log error","referer":"https://servicewechat.com/wx40e50e29dd52b171/devtools/page-frame.html","userAgent":"Mozilla/5.0 (iPhone; CPU iPhone OS 9_1 like Mac OS X) AppleWebKit/601.1.46 (KHTML, like Gecko) Version/9.0 Mobile/13B143 Safari/601.1 wechatdevtools/1.02.1806120 MicroMessenger/6.5.7 Language/zh_CN webview/"}
[2018-07-05T15:47:55.515] [INFO] cheese - 响应时间为0.239s
[2018-07-05T15:48:23.585] [ERROR] cheese - {"method":"POST","url":"/douban/in_theaters","host":"localhost","message":"log error","referer":"https://servicewechat.com/wx40e50e29dd52b171/devtools/page-frame.html","userAgent":"Mozilla/5.0 (iPhone; CPU iPhone OS 9_1 like Mac OS X) AppleWebKit/601.1.46 (KHTML, like Gecko) Version/9.0 Mobile/13B143 Safari/601.1 wechatdevtools/1.02.1806120 MicroMessenger/6.5.7 Language/zh_CN webview/"}
[2018-07-05T15:48:23.828] [INFO] cheese - 响应时间为0.244s
[2018-07-05T15:49:53.761] [ERROR] cheese - {"method":"POST","url":"/douban/in_theaters","host":"localhost","message":"log error","referer":"https://servicewechat.com/wx40e50e29dd52b171/devtools/page-frame.html","userAgent":"Mozilla/5.0 (iPhone; CPU iPhone OS 9_1 like Mac OS X) AppleWebKit/601.1.46 (KHTML, like Gecko) Version/9.0 Mobile/13B143 Safari/601.1 wechatdevtools/1.02.1806120 MicroMessenger/6.5.7 Language/zh_CN webview/"}
[2018-07-05T15:49:54.010] [INFO] cheese - 响应时间为0.251s
[2018-07-05T15:50:01.757] [ERROR] cheese - {"method":"POST","url":"/douban/in_theaters","host":"localhost","message":"log error","referer":"https://servicewechat.com/wx40e50e29dd52b171/devtools/page-frame.html","userAgent":"Mozilla/5.0 (iPhone; CPU iPhone OS 9_1 like Mac OS X) AppleWebKit/601.1.46 (KHTML, like Gecko) Version/9.0 Mobile/13B143 Safari/601.1 wechatdevtools/1.02.1806120 MicroMessenger/6.5.7 Language/zh_CN webview/"}
[2018-07-05T15:50:01.999] [INFO] cheese - 响应时间为0.243s
[2018-07-05T15:50:18.375] [ERROR] cheese - {"method":"POST","url":"/douban/in_theaters","host":"localhost","message":"log error","referer":"https://servicewechat.com/wx40e50e29dd52b171/devtools/page-frame.html","userAgent":"Mozilla/5.0 (iPhone; CPU iPhone OS 9_1 like Mac OS X) AppleWebKit/601.1.46 (KHTML, like Gecko) Version/9.0 Mobile/13B143 Safari/601.1 wechatdevtools/1.02.1806120 MicroMessenger/6.5.7 Language/zh_CN webview/"}
[2018-07-05T15:50:18.617] [INFO] cheese - 响应时间为0.244s
[2018-07-05T15:50:20.548] [ERROR] cheese - {"method":"POST","url":"/douban/in_theaters","host":"localhost","message":"log error","referer":"https://servicewechat.com/wx40e50e29dd52b171/devtools/page-frame.html","userAgent":"Mozilla/5.0 (iPhone; CPU iPhone OS 9_1 like Mac OS X) AppleWebKit/601.1.46 (KHTML, like Gecko) Version/9.0 Mobile/13B143 Safari/601.1 wechatdevtools/1.02.1806120 MicroMessenger/6.5.7 Language/zh_CN webview/"}
[2018-07-05T15:50:20.789] [INFO] cheese - 响应时间为0.242s
[2018-07-05T15:50:28.825] [ERROR] cheese - {"method":"POST","url":"/douban/in_theaters","host":"localhost","message":"log error","referer":"https://servicewechat.com/wx40e50e29dd52b171/devtools/page-frame.html","userAgent":"Mozilla/5.0 (iPhone; CPU iPhone OS 9_1 like Mac OS X) AppleWebKit/601.1.46 (KHTML, like Gecko) Version/9.0 Mobile/13B143 Safari/601.1 wechatdevtools/1.02.1806120 MicroMessenger/6.5.7 Language/zh_CN webview/"}
[2018-07-05T15:50:29.067] [INFO] cheese - 响应时间为0.243s
[2018-07-05T15:50:40.956] [ERROR] cheese - {"method":"POST","url":"/douban/in_theaters","host":"localhost","message":"log error","referer":"https://servicewechat.com/wx40e50e29dd52b171/devtools/page-frame.html","userAgent":"Mozilla/5.0 (iPhone; CPU iPhone OS 9_1 like Mac OS X) AppleWebKit/601.1.46 (KHTML, like Gecko) Version/9.0 Mobile/13B143 Safari/601.1 wechatdevtools/1.02.1806120 MicroMessenger/6.5.7 Language/zh_CN webview/"}
[2018-07-05T15:50:41.235] [INFO] cheese - 响应时间为0.281s
[2018-07-05T15:51:25.662] [ERROR] cheese - {"method":"POST","url":"/douban/in_theaters","host":"localhost","message":"log error","referer":"https://servicewechat.com/wx40e50e29dd52b171/devtools/page-frame.html","userAgent":"Mozilla/5.0 (iPhone; CPU iPhone OS 9_1 like Mac OS X) AppleWebKit/601.1.46 (KHTML, like Gecko) Version/9.0 Mobile/13B143 Safari/601.1 wechatdevtools/1.02.1806120 MicroMessenger/6.5.7 Language/zh_CN webview/"}
[2018-07-05T15:51:25.909] [INFO] cheese - 响应时间为0.248s
[2018-07-05T15:51:38.367] [ERROR] cheese - {"method":"POST","url":"/douban/in_theaters","host":"localhost","message":"log error","referer":"https://servicewechat.com/wx40e50e29dd52b171/devtools/page-frame.html","userAgent":"Mozilla/5.0 (iPhone; CPU iPhone OS 9_1 like Mac OS X) AppleWebKit/601.1.46 (KHTML, like Gecko) Version/9.0 Mobile/13B143 Safari/601.1 wechatdevtools/1.02.1806120 MicroMessenger/6.5.7 Language/zh_CN webview/"}
[2018-07-05T15:51:38.608] [INFO] cheese - 响应时间为0.242s
[2018-07-05T15:52:09.327] [ERROR] cheese - {"method":"POST","url":"/douban/in_theaters","host":"localhost","message":"log error","referer":"https://servicewechat.com/wx40e50e29dd52b171/devtools/page-frame.html","userAgent":"Mozilla/5.0 (iPhone; CPU iPhone OS 9_1 like Mac OS X) AppleWebKit/601.1.46 (KHTML, like Gecko) Version/9.0 Mobile/13B143 Safari/601.1 wechatdevtools/1.02.1806120 MicroMessenger/6.5.7 Language/zh_CN webview/"}
[2018-07-05T15:52:09.599] [INFO] cheese - 响应时间为0.274s
[2018-07-05T15:54:26.677] [ERROR] cheese - {"method":"POST","url":"/douban/in_theaters","host":"localhost","message":"log error","referer":"https://servicewechat.com/wx40e50e29dd52b171/devtools/page-frame.html","userAgent":"Mozilla/5.0 (iPhone; CPU iPhone OS 9_1 like Mac OS X) AppleWebKit/601.1.46 (KHTML, like Gecko) Version/9.0 Mobile/13B143 Safari/601.1 wechatdevtools/1.02.1806120 MicroMessenger/6.5.7 Language/zh_CN webview/"}
[2018-07-05T15:54:26.978] [INFO] cheese - 响应时间为0.301s
[2018-07-05T15:54:41.049] [ERROR] cheese - {"method":"POST","url":"/douban/in_theaters","host":"localhost","message":"log error","referer":"https://servicewechat.com/wx40e50e29dd52b171/devtools/page-frame.html","userAgent":"Mozilla/5.0 (iPhone; CPU iPhone OS 9_1 like Mac OS X) AppleWebKit/601.1.46 (KHTML, like Gecko) Version/9.0 Mobile/13B143 Safari/601.1 wechatdevtools/1.02.1806120 MicroMessenger/6.5.7 Language/zh_CN webview/"}
[2018-07-05T15:54:41.313] [INFO] cheese - 响应时间为0.297s
[2018-07-05T15:55:06.528] [ERROR] cheese - {"method":"POST","url":"/douban/in_theaters","host":"localhost","message":"log error","referer":"https://servicewechat.com/wx40e50e29dd52b171/devtools/page-frame.html","userAgent":"Mozilla/5.0 (iPhone; CPU iPhone OS 9_1 like Mac OS X) AppleWebKit/601.1.46 (KHTML, like Gecko) Version/9.0 Mobile/13B143 Safari/601.1 wechatdevtools/1.02.1806120 MicroMessenger/6.5.7 Language/zh_CN webview/"}
[2018-07-05T15:55:06.775] [INFO] cheese - 响应时间为0.252s
[2018-07-05T15:55:47.080] [ERROR] cheese - {"method":"POST","url":"/douban/in_theaters","host":"localhost","message":"log error","referer":"https://servicewechat.com/wx40e50e29dd52b171/devtools/page-frame.html","userAgent":"Mozilla/5.0 (iPhone; CPU iPhone OS 9_1 like Mac OS X) AppleWebKit/601.1.46 (KHTML, like Gecko) Version/9.0 Mobile/13B143 Safari/601.1 wechatdevtools/1.02.1806120 MicroMessenger/6.5.7 Language/zh_CN webview/"}
[2018-07-05T15:55:47.353] [INFO] cheese - 响应时间为0.276s
[2018-07-05T15:57:10.035] [ERROR] cheese - {"method":"POST","url":"/douban/in_theaters","host":"localhost","message":"log error","referer":"https://servicewechat.com/wx40e50e29dd52b171/devtools/page-frame.html","userAgent":"Mozilla/5.0 (iPhone; CPU iPhone OS 9_1 like Mac OS X) AppleWebKit/601.1.46 (KHTML, like Gecko) Version/9.0 Mobile/13B143 Safari/601.1 wechatdevtools/1.02.1806120 MicroMessenger/6.5.7 Language/zh_CN webview/"}
[2018-07-05T15:57:10.305] [INFO] cheese - 响应时间为0.271s
[2018-07-05T15:57:17.514] [ERROR] cheese - {"method":"POST","url":"/douban/in_theaters","host":"localhost","message":"log error","referer":"https://servicewechat.com/wx40e50e29dd52b171/devtools/page-frame.html","userAgent":"Mozilla/5.0 (iPhone; CPU iPhone OS 9_1 like Mac OS X) AppleWebKit/601.1.46 (KHTML, like Gecko) Version/9.0 Mobile/13B143 Safari/601.1 wechatdevtools/1.02.1806120 MicroMessenger/6.5.7 Language/zh_CN webview/"}
[2018-07-05T15:57:17.756] [INFO] cheese - 响应时间为0.244s
[2018-07-05T15:58:19.723] [ERROR] cheese - {"method":"POST","url":"/douban/in_theaters","host":"localhost","message":"log error","referer":"https://servicewechat.com/wx40e50e29dd52b171/devtools/page-frame.html","userAgent":"Mozilla/5.0 (iPhone; CPU iPhone OS 9_1 like Mac OS X) AppleWebKit/601.1.46 (KHTML, like Gecko) Version/9.0 Mobile/13B143 Safari/601.1 wechatdevtools/1.02.1806120 MicroMessenger/6.5.7 Language/zh_CN webview/"}
[2018-07-05T15:58:19.962] [INFO] cheese - 响应时间为0.241s
[2018-07-05T15:58:28.398] [ERROR] cheese - {"method":"POST","url":"/douban/in_theaters","host":"localhost","message":"log error","referer":"https://servicewechat.com/wx40e50e29dd52b171/devtools/page-frame.html","userAgent":"Mozilla/5.0 (iPhone; CPU iPhone OS 9_1 like Mac OS X) AppleWebKit/601.1.46 (KHTML, like Gecko) Version/9.0 Mobile/13B143 Safari/601.1 wechatdevtools/1.02.1806120 MicroMessenger/6.5.7 Language/zh_CN webview/"}
[2018-07-05T15:58:28.645] [INFO] cheese - 响应时间为0.249s
[2018-07-05T15:58:54.264] [ERROR] cheese - {"method":"POST","url":"/douban/in_theaters","host":"localhost","message":"log error","referer":"https://servicewechat.com/wx40e50e29dd52b171/devtools/page-frame.html","userAgent":"Mozilla/5.0 (iPhone; CPU iPhone OS 9_1 like Mac OS X) AppleWebKit/601.1.46 (KHTML, like Gecko) Version/9.0 Mobile/13B143 Safari/601.1 wechatdevtools/1.02.1806120 MicroMessenger/6.5.7 Language/zh_CN webview/"}
[2018-07-05T15:58:54.519] [INFO] cheese - 响应时间为0.256s
[2018-07-05T15:59:38.408] [ERROR] cheese - {"method":"POST","url":"/douban/in_theaters","host":"localhost","message":"log error","referer":"https://servicewechat.com/wx40e50e29dd52b171/devtools/page-frame.html","userAgent":"Mozilla/5.0 (iPhone; CPU iPhone OS 9_1 like Mac OS X) AppleWebKit/601.1.46 (KHTML, like Gecko) Version/9.0 Mobile/13B143 Safari/601.1 wechatdevtools/1.02.1806120 MicroMessenger/6.5.7 Language/zh_CN webview/"}
[2018-07-05T15:59:38.698] [INFO] cheese - 响应时间为0.291s
[2018-07-05T15:59:52.798] [ERROR] cheese - {"method":"POST","url":"/douban/in_theaters","host":"localhost","message":"log error","referer":"https://servicewechat.com/wx40e50e29dd52b171/devtools/page-frame.html","userAgent":"Mozilla/5.0 (iPhone; CPU iPhone OS 9_1 like Mac OS X) AppleWebKit/601.1.46 (KHTML, like Gecko) Version/9.0 Mobile/13B143 Safari/601.1 wechatdevtools/1.02.1806120 MicroMessenger/6.5.7 Language/zh_CN webview/"}
[2018-07-05T15:59:53.068] [INFO] cheese - 响应时间为0.271s
[2018-07-05T16:00:14.132] [ERROR] cheese - {"method":"POST","url":"/douban/in_theaters","host":"localhost","message":"log error","referer":"https://servicewechat.com/wx40e50e29dd52b171/devtools/page-frame.html","userAgent":"Mozilla/5.0 (iPhone; CPU iPhone OS 9_1 like Mac OS X) AppleWebKit/601.1.46 (KHTML, like Gecko) Version/9.0 Mobile/13B143 Safari/601.1 wechatdevtools/1.02.1806120 MicroMessenger/6.5.7 Language/zh_CN webview/"}
[2018-07-05T16:00:14.372] [INFO] cheese - 响应时间为0.241s
[2018-07-05T16:00:19.130] [ERROR] cheese - {"method":"POST","url":"/douban/in_theaters","host":"localhost","message":"log error","referer":"https://servicewechat.com/wx40e50e29dd52b171/devtools/page-frame.html","userAgent":"Mozilla/5.0 (iPhone; CPU iPhone OS 9_1 like Mac OS X) AppleWebKit/601.1.46 (KHTML, like Gecko) Version/9.0 Mobile/13B143 Safari/601.1 wechatdevtools/1.02.1806120 MicroMessenger/6.5.7 Language/zh_CN webview/"}
[2018-07-05T16:00:19.367] [INFO] cheese - 响应时间为0.238s
[2018-07-05T16:01:04.392] [ERROR] cheese - {"method":"POST","url":"/douban/in_theaters","host":"localhost","message":"log error","referer":"https://servicewechat.com/wx40e50e29dd52b171/devtools/page-frame.html","userAgent":"Mozilla/5.0 (iPhone; CPU iPhone OS 9_1 like Mac OS X) AppleWebKit/601.1.46 (KHTML, like Gecko) Version/9.0 Mobile/13B143 Safari/601.1 wechatdevtools/1.02.1806120 MicroMessenger/6.5.7 Language/zh_CN webview/"}
[2018-07-05T16:01:04.673] [INFO] cheese - 响应时间为0.282s
[2018-07-05T16:01:47.327] [ERROR] cheese - {"method":"POST","url":"/douban/in_theaters","host":"localhost","message":"log error","referer":"https://servicewechat.com/wx40e50e29dd52b171/devtools/page-frame.html","userAgent":"Mozilla/5.0 (iPhone; CPU iPhone OS 9_1 like Mac OS X) AppleWebKit/601.1.46 (KHTML, like Gecko) Version/9.0 Mobile/13B143 Safari/601.1 wechatdevtools/1.02.1806120 MicroMessenger/6.5.7 Language/zh_CN webview/"}
[2018-07-05T16:01:47.570] [INFO] cheese - 响应时间为0.244s
[2018-07-05T16:02:13.692] [ERROR] cheese - {"method":"POST","url":"/douban/in_theaters","host":"localhost","message":"log error","referer":"https://servicewechat.com/wx40e50e29dd52b171/devtools/page-frame.html","userAgent":"Mozilla/5.0 (iPhone; CPU iPhone OS 9_1 like Mac OS X) AppleWebKit/601.1.46 (KHTML, like Gecko) Version/9.0 Mobile/13B143 Safari/601.1 wechatdevtools/1.02.1806120 MicroMessenger/6.5.7 Language/zh_CN webview/"}
[2018-07-05T16:02:13.961] [INFO] cheese - 响应时间为0.271s
[2018-07-05T16:03:11.299] [ERROR] cheese - {"method":"POST","url":"/douban/in_theaters","host":"localhost","message":"log error","referer":"https://servicewechat.com/wx40e50e29dd52b171/devtools/page-frame.html","userAgent":"Mozilla/5.0 (iPhone; CPU iPhone OS 9_1 like Mac OS X) AppleWebKit/601.1.46 (KHTML, like Gecko) Version/9.0 Mobile/13B143 Safari/601.1 wechatdevtools/1.02.1806120 MicroMessenger/6.5.7 Language/zh_CN webview/"}
[2018-07-05T16:03:11.616] [INFO] cheese - 响应时间为0.318s
[2018-07-05T16:03:14.122] [ERROR] cheese - {"method":"POST","url":"/douban/in_theaters","host":"localhost","message":"log error","referer":"https://servicewechat.com/wx40e50e29dd52b171/devtools/page-frame.html","userAgent":"Mozilla/5.0 (iPhone; CPU iPhone OS 9_1 like Mac OS X) AppleWebKit/601.1.46 (KHTML, like Gecko) Version/9.0 Mobile/13B143 Safari/601.1 wechatdevtools/1.02.1806120 MicroMessenger/6.5.7 Language/zh_CN webview/"}
[2018-07-05T16:03:14.368] [INFO] cheese - 响应时间为0.247s
[2018-07-05T16:03:35.482] [ERROR] cheese - {"method":"POST","url":"/douban/in_theaters","host":"localhost","message":"log error","referer":"https://servicewechat.com/wx40e50e29dd52b171/devtools/page-frame.html","userAgent":"Mozilla/5.0 (iPhone; CPU iPhone OS 9_1 like Mac OS X) AppleWebKit/601.1.46 (KHTML, like Gecko) Version/9.0 Mobile/13B143 Safari/601.1 wechatdevtools/1.02.1806120 MicroMessenger/6.5.7 Language/zh_CN webview/"}
[2018-07-05T16:03:35.729] [INFO] cheese - 响应时间为0.248s
[2018-07-05T16:04:07.946] [ERROR] cheese - {"method":"POST","url":"/douban/in_theaters","host":"localhost","message":"log error","referer":"https://servicewechat.com/wx40e50e29dd52b171/devtools/page-frame.html","userAgent":"Mozilla/5.0 (iPhone; CPU iPhone OS 9_1 like Mac OS X) AppleWebKit/601.1.46 (KHTML, like Gecko) Version/9.0 Mobile/13B143 Safari/601.1 wechatdevtools/1.02.1806120 MicroMessenger/6.5.7 Language/zh_CN webview/"}
[2018-07-05T16:04:08.202] [INFO] cheese - 响应时间为0.258s
[2018-07-05T16:04:13.195] [ERROR] cheese - {"method":"POST","url":"/douban/in_theaters","host":"localhost","message":"log error","referer":"https://servicewechat.com/wx40e50e29dd52b171/devtools/page-frame.html","userAgent":"Mozilla/5.0 (iPhone; CPU iPhone OS 9_1 like Mac OS X) AppleWebKit/601.1.46 (KHTML, like Gecko) Version/9.0 Mobile/13B143 Safari/601.1 wechatdevtools/1.02.1806120 MicroMessenger/6.5.7 Language/zh_CN webview/"}
[2018-07-05T16:04:13.458] [INFO] cheese - 响应时间为0.264s
[2018-07-05T16:04:23.388] [ERROR] cheese - {"method":"POST","url":"/douban/in_theaters","host":"localhost","message":"log error","referer":"https://servicewechat.com/wx40e50e29dd52b171/devtools/page-frame.html","userAgent":"Mozilla/5.0 (iPhone; CPU iPhone OS 9_1 like Mac OS X) AppleWebKit/601.1.46 (KHTML, like Gecko) Version/9.0 Mobile/13B143 Safari/601.1 wechatdevtools/1.02.1806120 MicroMessenger/6.5.7 Language/zh_CN webview/"}
[2018-07-05T16:04:23.648] [INFO] cheese - 响应时间为0.262s
[2018-07-05T16:04:51.574] [ERROR] cheese - {"method":"POST","url":"/douban/in_theaters","host":"localhost","message":"log error","referer":"https://servicewechat.com/wx40e50e29dd52b171/devtools/page-frame.html","userAgent":"Mozilla/5.0 (iPhone; CPU iPhone OS 9_1 like Mac OS X) AppleWebKit/601.1.46 (KHTML, like Gecko) Version/9.0 Mobile/13B143 Safari/601.1 wechatdevtools/1.02.1806120 MicroMessenger/6.5.7 Language/zh_CN webview/"}
[2018-07-05T16:04:51.873] [INFO] cheese - 响应时间为0.302s
[2018-07-05T16:05:22.964] [ERROR] cheese - {"method":"POST","url":"/douban/in_theaters","host":"localhost","message":"log error","referer":"https://servicewechat.com/wx40e50e29dd52b171/devtools/page-frame.html","userAgent":"Mozilla/5.0 (iPhone; CPU iPhone OS 9_1 like Mac OS X) AppleWebKit/601.1.46 (KHTML, like Gecko) Version/9.0 Mobile/13B143 Safari/601.1 wechatdevtools/1.02.1806120 MicroMessenger/6.5.7 Language/zh_CN webview/"}
[2018-07-05T16:05:23.245] [INFO] cheese - 响应时间为0.283s
[2018-07-05T16:05:41.518] [ERROR] cheese - {"method":"POST","url":"/douban/in_theaters","host":"localhost","message":"log error","referer":"https://servicewechat.com/wx40e50e29dd52b171/devtools/page-frame.html","userAgent":"Mozilla/5.0 (iPhone; CPU iPhone OS 9_1 like Mac OS X) AppleWebKit/601.1.46 (KHTML, like Gecko) Version/9.0 Mobile/13B143 Safari/601.1 wechatdevtools/1.02.1806120 MicroMessenger/6.5.7 Language/zh_CN webview/"}
[2018-07-05T16:05:41.764] [INFO] cheese - 响应时间为0.247s
[2018-07-05T16:05:53.125] [ERROR] cheese - {"method":"POST","url":"/douban/in_theaters","host":"localhost","message":"log error","referer":"https://servicewechat.com/wx40e50e29dd52b171/devtools/page-frame.html","userAgent":"Mozilla/5.0 (iPhone; CPU iPhone OS 9_1 like Mac OS X) AppleWebKit/601.1.46 (KHTML, like Gecko) Version/9.0 Mobile/13B143 Safari/601.1 wechatdevtools/1.02.1806120 MicroMessenger/6.5.7 Language/zh_CN webview/"}
[2018-07-05T16:05:53.373] [INFO] cheese - 响应时间为0.249s
[2018-07-05T16:06:15.372] [ERROR] cheese - {"method":"POST","url":"/douban/in_theaters","host":"localhost","message":"log error","referer":"https://servicewechat.com/wx40e50e29dd52b171/devtools/page-frame.html","userAgent":"Mozilla/5.0 (iPhone; CPU iPhone OS 9_1 like Mac OS X) AppleWebKit/601.1.46 (KHTML, like Gecko) Version/9.0 Mobile/13B143 Safari/601.1 wechatdevtools/1.02.1806120 MicroMessenger/6.5.7 Language/zh_CN webview/"}
[2018-07-05T16:06:15.628] [INFO] cheese - 响应时间为0.258s
[2018-07-05T16:06:21.719] [ERROR] cheese - {"method":"POST","url":"/douban/in_theaters","host":"localhost","message":"log error","referer":"https://servicewechat.com/wx40e50e29dd52b171/devtools/page-frame.html","userAgent":"Mozilla/5.0 (iPhone; CPU iPhone OS 9_1 like Mac OS X) AppleWebKit/601.1.46 (KHTML, like Gecko) Version/9.0 Mobile/13B143 Safari/601.1 wechatdevtools/1.02.1806120 MicroMessenger/6.5.7 Language/zh_CN webview/"}
[2018-07-05T16:06:21.972] [INFO] cheese - 响应时间为0.255s
[2018-07-05T16:06:26.449] [ERROR] cheese - {"method":"POST","url":"/douban/in_theaters","host":"localhost","message":"log error","referer":"https://servicewechat.com/wx40e50e29dd52b171/devtools/page-frame.html","userAgent":"Mozilla/5.0 (iPhone; CPU iPhone OS 9_1 like Mac OS X) AppleWebKit/601.1.46 (KHTML, like Gecko) Version/9.0 Mobile/13B143 Safari/601.1 wechatdevtools/1.02.1806120 MicroMessenger/6.5.7 Language/zh_CN webview/"}
[2018-07-05T16:06:26.723] [INFO] cheese - 响应时间为0.276s
[2018-07-05T16:09:43.012] [ERROR] cheese - {"method":"POST","url":"/douban/in_theaters","host":"localhost","message":"log error","referer":"https://servicewechat.com/wx40e50e29dd52b171/devtools/page-frame.html","userAgent":"Mozilla/5.0 (iPhone; CPU iPhone OS 9_1 like Mac OS X) AppleWebKit/601.1.46 (KHTML, like Gecko) Version/9.0 Mobile/13B143 Safari/601.1 wechatdevtools/1.02.1806120 MicroMessenger/6.5.7 Language/zh_CN webview/"}
[2018-07-05T16:09:43.291] [INFO] cheese - 响应时间为0.28s
[2018-07-05T16:09:47.706] [ERROR] cheese - {"method":"POST","url":"/douban/in_theaters","host":"localhost","message":"log error","referer":"https://servicewechat.com/wx40e50e29dd52b171/devtools/page-frame.html","userAgent":"Mozilla/5.0 (iPhone; CPU iPhone OS 9_1 like Mac OS X) AppleWebKit/601.1.46 (KHTML, like Gecko) Version/9.0 Mobile/13B143 Safari/601.1 wechatdevtools/1.02.1806120 MicroMessenger/6.5.7 Language/zh_CN webview/"}
[2018-07-05T16:09:47.943] [INFO] cheese - 响应时间为0.239s
[2018-07-05T16:12:08.306] [ERROR] cheese - {"method":"POST","url":"/douban/in_theaters","host":"localhost","message":"log error","referer":"https://servicewechat.com/wx40e50e29dd52b171/devtools/page-frame.html","userAgent":"Mozilla/5.0 (iPhone; CPU iPhone OS 9_1 like Mac OS X) AppleWebKit/601.1.46 (KHTML, like Gecko) Version/9.0 Mobile/13B143 Safari/601.1 wechatdevtools/1.02.1806120 MicroMessenger/6.5.7 Language/zh_CN webview/"}
[2018-07-05T16:12:08.594] [INFO] cheese - 响应时间为0.288s
[2018-07-05T16:17:36.082] [ERROR] cheese - {"method":"POST","url":"/douban/in_theaters","host":"localhost","message":"log error","referer":"https://servicewechat.com/wx40e50e29dd52b171/devtools/page-frame.html","userAgent":"Mozilla/5.0 (iPhone; CPU iPhone OS 9_1 like Mac OS X) AppleWebKit/601.1.46 (KHTML, like Gecko) Version/9.0 Mobile/13B143 Safari/601.1 wechatdevtools/1.02.1806120 MicroMessenger/6.5.7 Language/zh_CN webview/"}
[2018-07-05T16:17:36.421] [INFO] cheese - 响应时间为0.34s
[2018-07-05T16:17:47.801] [ERROR] cheese - {"method":"POST","url":"/douban/in_theaters","host":"localhost","message":"log error","referer":"https://servicewechat.com/wx40e50e29dd52b171/devtools/page-frame.html","userAgent":"Mozilla/5.0 (iPhone; CPU iPhone OS 9_1 like Mac OS X) AppleWebKit/601.1.46 (KHTML, like Gecko) Version/9.0 Mobile/13B143 Safari/601.1 wechatdevtools/1.02.1806120 MicroMessenger/6.5.7 Language/zh_CN webview/"}
[2018-07-05T16:17:48.066] [INFO] cheese - 响应时间为0.267s
[2018-07-05T16:18:08.769] [ERROR] cheese - {"method":"POST","url":"/douban/in_theaters","host":"localhost","message":"log error","referer":"https://servicewechat.com/wx40e50e29dd52b171/devtools/page-frame.html","userAgent":"Mozilla/5.0 (iPhone; CPU iPhone OS 9_1 like Mac OS X) AppleWebKit/601.1.46 (KHTML, like Gecko) Version/9.0 Mobile/13B143 Safari/601.1 wechatdevtools/1.02.1806120 MicroMessenger/6.5.7 Language/zh_CN webview/"}
[2018-07-05T16:18:09.016] [INFO] cheese - 响应时间为0.248s
[2018-07-05T16:18:42.977] [ERROR] cheese - {"method":"POST","url":"/douban/in_theaters","host":"localhost","message":"log error","referer":"https://servicewechat.com/wx40e50e29dd52b171/devtools/page-frame.html","userAgent":"Mozilla/5.0 (iPhone; CPU iPhone OS 9_1 like Mac OS X) AppleWebKit/601.1.46 (KHTML, like Gecko) Version/9.0 Mobile/13B143 Safari/601.1 wechatdevtools/1.02.1806120 MicroMessenger/6.5.7 Language/zh_CN webview/"}
[2018-07-05T16:18:43.257] [INFO] cheese - 响应时间为0.28s
[2018-07-05T16:19:26.672] [ERROR] cheese - {"method":"POST","url":"/douban/in_theaters","host":"localhost","message":"log error","referer":"https://servicewechat.com/wx40e50e29dd52b171/devtools/page-frame.html","userAgent":"Mozilla/5.0 (iPhone; CPU iPhone OS 9_1 like Mac OS X) AppleWebKit/601.1.46 (KHTML, like Gecko) Version/9.0 Mobile/13B143 Safari/601.1 wechatdevtools/1.02.1806120 MicroMessenger/6.5.7 Language/zh_CN webview/"}
[2018-07-05T16:19:26.924] [INFO] cheese - 响应时间为0.254s
[2018-07-05T16:19:32.844] [ERROR] cheese - {"method":"POST","url":"/douban/in_theaters","host":"localhost","message":"log error","referer":"https://servicewechat.com/wx40e50e29dd52b171/devtools/page-frame.html","userAgent":"Mozilla/5.0 (iPhone; CPU iPhone OS 9_1 like Mac OS X) AppleWebKit/601.1.46 (KHTML, like Gecko) Version/9.0 Mobile/13B143 Safari/601.1 wechatdevtools/1.02.1806120 MicroMessenger/6.5.7 Language/zh_CN webview/"}
[2018-07-05T16:19:33.097] [INFO] cheese - 响应时间为0.255s
[2018-07-05T16:19:46.009] [ERROR] cheese - {"method":"POST","url":"/douban/in_theaters","host":"localhost","message":"log error","referer":"https://servicewechat.com/wx40e50e29dd52b171/devtools/page-frame.html","userAgent":"Mozilla/5.0 (iPhone; CPU iPhone OS 9_1 like Mac OS X) AppleWebKit/601.1.46 (KHTML, like Gecko) Version/9.0 Mobile/13B143 Safari/601.1 wechatdevtools/1.02.1806120 MicroMessenger/6.5.7 Language/zh_CN webview/"}
[2018-07-05T16:19:46.281] [INFO] cheese - 响应时间为0.273s
[2018-07-05T16:20:02.879] [ERROR] cheese - {"method":"POST","url":"/douban/in_theaters","host":"localhost","message":"log error","referer":"https://servicewechat.com/wx40e50e29dd52b171/devtools/page-frame.html","userAgent":"Mozilla/5.0 (iPhone; CPU iPhone OS 9_1 like Mac OS X) AppleWebKit/601.1.46 (KHTML, like Gecko) Version/9.0 Mobile/13B143 Safari/601.1 wechatdevtools/1.02.1806120 MicroMessenger/6.5.7 Language/zh_CN webview/"}
[2018-07-05T16:20:03.128] [INFO] cheese - 响应时间为0.251s
[2018-07-05T16:20:20.446] [ERROR] cheese - {"method":"POST","url":"/douban/in_theaters","host":"localhost","message":"log error","referer":"https://servicewechat.com/wx40e50e29dd52b171/devtools/page-frame.html","userAgent":"Mozilla/5.0 (iPhone; CPU iPhone OS 9_1 like Mac OS X) AppleWebKit/601.1.46 (KHTML, like Gecko) Version/9.0 Mobile/13B143 Safari/601.1 wechatdevtools/1.02.1806120 MicroMessenger/6.5.7 Language/zh_CN webview/"}
[2018-07-05T16:20:20.691] [INFO] cheese - 响应时间为0.247s
[2018-07-05T16:20:25.713] [ERROR] cheese - {"method":"POST","url":"/douban/in_theaters","host":"localhost","message":"log error","referer":"https://servicewechat.com/wx40e50e29dd52b171/devtools/page-frame.html","userAgent":"Mozilla/5.0 (iPhone; CPU iPhone OS 9_1 like Mac OS X) AppleWebKit/601.1.46 (KHTML, like Gecko) Version/9.0 Mobile/13B143 Safari/601.1 wechatdevtools/1.02.1806120 MicroMessenger/6.5.7 Language/zh_CN webview/"}
[2018-07-05T16:20:26.031] [INFO] cheese - 响应时间为0.319s
[2018-07-05T16:20:28.643] [ERROR] cheese - {"method":"POST","url":"/douban/in_theaters","host":"localhost","message":"log error","referer":"https://servicewechat.com/wx40e50e29dd52b171/devtools/page-frame.html","userAgent":"Mozilla/5.0 (iPhone; CPU iPhone OS 9_1 like Mac OS X) AppleWebKit/601.1.46 (KHTML, like Gecko) Version/9.0 Mobile/13B143 Safari/601.1 wechatdevtools/1.02.1806120 MicroMessenger/6.5.7 Language/zh_CN webview/"}
[2018-07-05T16:20:28.887] [INFO] cheese - 响应时间为0.245s
[2018-07-05T16:20:53.477] [ERROR] cheese - {"method":"POST","url":"/douban/in_theaters","host":"localhost","message":"log error","referer":"https://servicewechat.com/wx40e50e29dd52b171/devtools/page-frame.html","userAgent":"Mozilla/5.0 (iPhone; CPU iPhone OS 9_1 like Mac OS X) AppleWebKit/601.1.46 (KHTML, like Gecko) Version/9.0 Mobile/13B143 Safari/601.1 wechatdevtools/1.02.1806120 MicroMessenger/6.5.7 Language/zh_CN webview/"}
[2018-07-05T16:20:53.748] [INFO] cheese - 响应时间为0.273s
[2018-07-05T16:21:07.714] [ERROR] cheese - {"method":"POST","url":"/douban/in_theaters","host":"localhost","message":"log error","referer":"https://servicewechat.com/wx40e50e29dd52b171/devtools/page-frame.html","userAgent":"Mozilla/5.0 (iPhone; CPU iPhone OS 9_1 like Mac OS X) AppleWebKit/601.1.46 (KHTML, like Gecko) Version/9.0 Mobile/13B143 Safari/601.1 wechatdevtools/1.02.1806120 MicroMessenger/6.5.7 Language/zh_CN webview/"}
[2018-07-05T16:21:07.956] [INFO] cheese - 响应时间为0.243s
[2018-07-05T16:21:17.505] [ERROR] cheese - {"method":"POST","url":"/douban/in_theaters","host":"localhost","message":"log error","referer":"https://servicewechat.com/wx40e50e29dd52b171/devtools/page-frame.html","userAgent":"Mozilla/5.0 (iPhone; CPU iPhone OS 9_1 like Mac OS X) AppleWebKit/601.1.46 (KHTML, like Gecko) Version/9.0 Mobile/13B143 Safari/601.1 wechatdevtools/1.02.1806120 MicroMessenger/6.5.7 Language/zh_CN webview/"}
[2018-07-05T16:21:17.757] [INFO] cheese - 响应时间为0.254s
[2018-07-05T16:21:29.048] [ERROR] cheese - {"method":"POST","url":"/douban/in_theaters","host":"localhost","message":"log error","referer":"https://servicewechat.com/wx40e50e29dd52b171/devtools/page-frame.html","userAgent":"Mozilla/5.0 (iPhone; CPU iPhone OS 9_1 like Mac OS X) AppleWebKit/601.1.46 (KHTML, like Gecko) Version/9.0 Mobile/13B143 Safari/601.1 wechatdevtools/1.02.1806120 MicroMessenger/6.5.7 Language/zh_CN webview/"}
[2018-07-05T16:21:29.292] [INFO] cheese - 响应时间为0.246s
[2018-07-05T16:21:50.009] [ERROR] cheese - {"method":"POST","url":"/douban/in_theaters","host":"localhost","message":"log error","referer":"https://servicewechat.com/wx40e50e29dd52b171/devtools/page-frame.html","userAgent":"Mozilla/5.0 (iPhone; CPU iPhone OS 9_1 like Mac OS X) AppleWebKit/601.1.46 (KHTML, like Gecko) Version/9.0 Mobile/13B143 Safari/601.1 wechatdevtools/1.02.1806120 MicroMessenger/6.5.7 Language/zh_CN webview/"}
[2018-07-05T16:21:50.254] [INFO] cheese - 响应时间为0.247s
[2018-07-05T16:22:01.704] [ERROR] cheese - {"method":"POST","url":"/douban/in_theaters","host":"localhost","message":"log error","referer":"https://servicewechat.com/wx40e50e29dd52b171/devtools/page-frame.html","userAgent":"Mozilla/5.0 (iPhone; CPU iPhone OS 9_1 like Mac OS X) AppleWebKit/601.1.46 (KHTML, like Gecko) Version/9.0 Mobile/13B143 Safari/601.1 wechatdevtools/1.02.1806120 MicroMessenger/6.5.7 Language/zh_CN webview/"}
[2018-07-05T16:22:01.983] [INFO] cheese - 响应时间为0.281s
[2018-07-05T16:22:57.637] [ERROR] cheese - {"method":"POST","url":"/douban/in_theaters","host":"localhost","message":"log error","referer":"https://servicewechat.com/wx40e50e29dd52b171/devtools/page-frame.html","userAgent":"Mozilla/5.0 (iPhone; CPU iPhone OS 9_1 like Mac OS X) AppleWebKit/601.1.46 (KHTML, like Gecko) Version/9.0 Mobile/13B143 Safari/601.1 wechatdevtools/1.02.1806120 MicroMessenger/6.5.7 Language/zh_CN webview/"}
[2018-07-05T16:22:57.932] [INFO] cheese - 响应时间为0.296s
[2018-07-05T16:23:15.817] [ERROR] cheese - {"method":"POST","url":"/douban/in_theaters","host":"localhost","message":"log error","referer":"https://servicewechat.com/wx40e50e29dd52b171/devtools/page-frame.html","userAgent":"Mozilla/5.0 (iPhone; CPU iPhone OS 9_1 like Mac OS X) AppleWebKit/601.1.46 (KHTML, like Gecko) Version/9.0 Mobile/13B143 Safari/601.1 wechatdevtools/1.02.1806120 MicroMessenger/6.5.7 Language/zh_CN webview/"}
[2018-07-05T16:23:16.205] [INFO] cheese - 响应时间为0.389s
[2018-07-05T16:23:41.030] [ERROR] cheese - {"method":"POST","url":"/douban/in_theaters","host":"localhost","message":"log error","referer":"https://servicewechat.com/wx40e50e29dd52b171/devtools/page-frame.html","userAgent":"Mozilla/5.0 (iPhone; CPU iPhone OS 9_1 like Mac OS X) AppleWebKit/601.1.46 (KHTML, like Gecko) Version/9.0 Mobile/13B143 Safari/601.1 wechatdevtools/1.02.1806120 MicroMessenger/6.5.7 Language/zh_CN webview/"}
[2018-07-05T16:23:41.268] [INFO] cheese - 响应时间为0.239s
[2018-07-05T16:26:58.675] [ERROR] cheese - {"method":"POST","url":"/douban/in_theaters","host":"localhost","message":"log error","referer":"https://servicewechat.com/wx40e50e29dd52b171/devtools/page-frame.html","userAgent":"Mozilla/5.0 (iPhone; CPU iPhone OS 9_1 like Mac OS X) AppleWebKit/601.1.46 (KHTML, like Gecko) Version/9.0 Mobile/13B143 Safari/601.1 wechatdevtools/1.02.1806120 MicroMessenger/6.5.7 Language/zh_CN webview/"}
[2018-07-05T16:26:59.162] [INFO] cheese - 响应时间为0.488s
[2018-07-05T16:27:19.330] [ERROR] cheese - {"method":"POST","url":"/douban/in_theaters","host":"localhost","message":"log error","referer":"https://servicewechat.com/wx40e50e29dd52b171/devtools/page-frame.html","userAgent":"Mozilla/5.0 (iPhone; CPU iPhone OS 9_1 like Mac OS X) AppleWebKit/601.1.46 (KHTML, like Gecko) Version/9.0 Mobile/13B143 Safari/601.1 wechatdevtools/1.02.1806120 MicroMessenger/6.5.7 Language/zh_CN webview/"}
[2018-07-05T16:27:19.734] [INFO] cheese - 响应时间为0.406s
[2018-07-05T16:27:57.060] [ERROR] cheese - {"method":"POST","url":"/douban/in_theaters","host":"localhost","message":"log error","referer":"https://servicewechat.com/wx40e50e29dd52b171/devtools/page-frame.html","userAgent":"Mozilla/5.0 (iPhone; CPU iPhone OS 9_1 like Mac OS X) AppleWebKit/601.1.46 (KHTML, like Gecko) Version/9.0 Mobile/13B143 Safari/601.1 wechatdevtools/1.02.1806120 MicroMessenger/6.5.7 Language/zh_CN webview/"}
[2018-07-05T16:27:57.465] [INFO] cheese - 响应时间为0.406s
[2018-07-05T16:28:09.875] [ERROR] cheese - {"method":"POST","url":"/douban/in_theaters","host":"localhost","message":"log error","referer":"https://servicewechat.com/wx40e50e29dd52b171/devtools/page-frame.html","userAgent":"Mozilla/5.0 (iPhone; CPU iPhone OS 9_1 like Mac OS X) AppleWebKit/601.1.46 (KHTML, like Gecko) Version/9.0 Mobile/13B143 Safari/601.1 wechatdevtools/1.02.1806120 MicroMessenger/6.5.7 Language/zh_CN webview/"}
[2018-07-05T16:28:10.363] [INFO] cheese - 响应时间为0.489s
[2018-07-05T16:29:01.531] [ERROR] cheese - {"method":"POST","url":"/douban/in_theaters","host":"localhost","message":"log error","referer":"https://servicewechat.com/wx40e50e29dd52b171/devtools/page-frame.html","userAgent":"Mozilla/5.0 (iPhone; CPU iPhone OS 9_1 like Mac OS X) AppleWebKit/601.1.46 (KHTML, like Gecko) Version/9.0 Mobile/13B143 Safari/601.1 wechatdevtools/1.02.1806120 MicroMessenger/6.5.7 Language/zh_CN webview/"}
[2018-07-05T16:29:01.970] [INFO] cheese - 响应时间为0.441s
[2018-07-05T16:29:09.569] [ERROR] cheese - {"method":"POST","url":"/douban/in_theaters","host":"localhost","message":"log error","referer":"https://servicewechat.com/wx40e50e29dd52b171/devtools/page-frame.html","userAgent":"Mozilla/5.0 (iPhone; CPU iPhone OS 9_1 like Mac OS X) AppleWebKit/601.1.46 (KHTML, like Gecko) Version/9.0 Mobile/13B143 Safari/601.1 wechatdevtools/1.02.1806120 MicroMessenger/6.5.7 Language/zh_CN webview/"}
[2018-07-05T16:29:10.006] [INFO] cheese - 响应时间为0.439s
[2018-07-05T16:29:26.816] [ERROR] cheese - {"method":"POST","url":"/douban/in_theaters","host":"localhost","message":"log error","referer":"https://servicewechat.com/wx40e50e29dd52b171/devtools/page-frame.html","userAgent":"Mozilla/5.0 (iPhone; CPU iPhone OS 9_1 like Mac OS X) AppleWebKit/601.1.46 (KHTML, like Gecko) Version/9.0 Mobile/13B143 Safari/601.1 wechatdevtools/1.02.1806120 MicroMessenger/6.5.7 Language/zh_CN webview/"}
[2018-07-05T16:29:27.280] [INFO] cheese - 响应时间为0.467s
[2018-07-05T16:29:33.983] [ERROR] cheese - {"method":"POST","url":"/douban/in_theaters","host":"localhost","message":"log error","referer":"https://servicewechat.com/wx40e50e29dd52b171/devtools/page-frame.html","userAgent":"Mozilla/5.0 (iPhone; CPU iPhone OS 9_1 like Mac OS X) AppleWebKit/601.1.46 (KHTML, like Gecko) Version/9.0 Mobile/13B143 Safari/601.1 wechatdevtools/1.02.1806120 MicroMessenger/6.5.7 Language/zh_CN webview/"}
[2018-07-05T16:29:34.445] [INFO] cheese - 响应时间为0.463s
[2018-07-05T16:30:46.337] [ERROR] cheese - {"method":"POST","url":"/douban/in_theaters","host":"localhost","message":"log error","referer":"https://servicewechat.com/wx40e50e29dd52b171/devtools/page-frame.html","userAgent":"Mozilla/5.0 (iPhone; CPU iPhone OS 9_1 like Mac OS X) AppleWebKit/601.1.46 (KHTML, like Gecko) Version/9.0 Mobile/13B143 Safari/601.1 wechatdevtools/1.02.1806120 MicroMessenger/6.5.7 Language/zh_CN webview/"}
[2018-07-05T16:30:46.784] [INFO] cheese - 响应时间为0.449s
[2018-07-05T16:32:40.772] [ERROR] cheese - {"method":"POST","url":"/douban/in_theaters","host":"localhost","message":"log error","referer":"https://servicewechat.com/wx40e50e29dd52b171/devtools/page-frame.html","userAgent":"Mozilla/5.0 (iPhone; CPU iPhone OS 9_1 like Mac OS X) AppleWebKit/601.1.46 (KHTML, like Gecko) Version/9.0 Mobile/13B143 Safari/601.1 wechatdevtools/1.02.1806120 MicroMessenger/6.5.7 Language/zh_CN webview/"}
[2018-07-05T16:32:41.229] [INFO] cheese - 响应时间为0.458s
[2018-07-05T16:36:48.426] [ERROR] cheese - {"method":"POST","url":"/douban/in_theaters","host":"localhost:3000","message":"log error","userAgent":"Mozilla/5.0 (Windows NT 6.1; Win64; x64) AppleWebKit/537.36 (KHTML, like Gecko) Chrome/67.0.3396.99 Safari/537.36"}
[2018-07-05T16:36:48.776] [INFO] cheese - 响应时间为0.351s
[2018-07-05T16:38:01.415] [ERROR] cheese - {"method":"POST","url":"/douban/in_theaters","host":"localhost","message":"log error","referer":"https://servicewechat.com/wx40e50e29dd52b171/devtools/page-frame.html","userAgent":"Mozilla/5.0 (iPhone; CPU iPhone OS 9_1 like Mac OS X) AppleWebKit/601.1.46 (KHTML, like Gecko) Version/9.0 Mobile/13B143 Safari/601.1 wechatdevtools/1.02.1806120 MicroMessenger/6.5.7 Language/zh_CN webview/"}
[2018-07-05T16:38:01.877] [INFO] cheese - 响应时间为0.463s
[2018-07-05T16:38:54.486] [ERROR] cheese - {"method":"POST","url":"/douban/in_theaters","host":"localhost","message":"log error","referer":"https://servicewechat.com/wx40e50e29dd52b171/devtools/page-frame.html","userAgent":"Mozilla/5.0 (iPhone; CPU iPhone OS 9_1 like Mac OS X) AppleWebKit/601.1.46 (KHTML, like Gecko) Version/9.0 Mobile/13B143 Safari/601.1 wechatdevtools/1.02.1806120 MicroMessenger/6.5.7 Language/zh_CN webview/"}
[2018-07-05T16:38:54.894] [INFO] cheese - 响应时间为0.41s
[2018-07-05T16:40:54.763] [ERROR] cheese - {"method":"POST","url":"/douban/in_theaters","host":"localhost","message":"log error","referer":"https://servicewechat.com/wx40e50e29dd52b171/devtools/page-frame.html","userAgent":"Mozilla/5.0 (iPhone; CPU iPhone OS 9_1 like Mac OS X) AppleWebKit/601.1.46 (KHTML, like Gecko) Version/9.0 Mobile/13B143 Safari/601.1 wechatdevtools/1.02.1806120 MicroMessenger/6.5.7 Language/zh_CN webview/"}
[2018-07-05T16:40:55.208] [INFO] cheese - 响应时间为0.446s
[2018-07-05T16:41:32.701] [ERROR] cheese - {"method":"POST","url":"/douban/in_theaters","host":"localhost","message":"log error","referer":"https://servicewechat.com/wx40e50e29dd52b171/devtools/page-frame.html","userAgent":"Mozilla/5.0 (iPhone; CPU iPhone OS 9_1 like Mac OS X) AppleWebKit/601.1.46 (KHTML, like Gecko) Version/9.0 Mobile/13B143 Safari/601.1 wechatdevtools/1.02.1806120 MicroMessenger/6.5.7 Language/zh_CN webview/"}
[2018-07-05T16:41:33.126] [INFO] cheese - 响应时间为0.427s
[2018-07-05T16:41:57.815] [ERROR] cheese - {"method":"POST","url":"/douban/in_theaters","host":"localhost","message":"log error","referer":"https://servicewechat.com/wx40e50e29dd52b171/devtools/page-frame.html","userAgent":"Mozilla/5.0 (iPhone; CPU iPhone OS 9_1 like Mac OS X) AppleWebKit/601.1.46 (KHTML, like Gecko) Version/9.0 Mobile/13B143 Safari/601.1 wechatdevtools/1.02.1806120 MicroMessenger/6.5.7 Language/zh_CN webview/"}
[2018-07-05T16:41:58.287] [INFO] cheese - 响应时间为0.475s
[2018-07-05T16:41:59.909] [ERROR] cheese - {"method":"POST","url":"/douban/in_theaters","host":"localhost","message":"log error","referer":"https://servicewechat.com/wx40e50e29dd52b171/devtools/page-frame.html","userAgent":"Mozilla/5.0 (iPhone; CPU iPhone OS 9_1 like Mac OS X) AppleWebKit/601.1.46 (KHTML, like Gecko) Version/9.0 Mobile/13B143 Safari/601.1 wechatdevtools/1.02.1806120 MicroMessenger/6.5.7 Language/zh_CN webview/"}
[2018-07-05T16:42:00.321] [INFO] cheese - 响应时间为0.413s
[2018-07-05T16:42:55.438] [ERROR] cheese - {"method":"POST","url":"/douban/in_theaters","host":"localhost","message":"log error","referer":"https://servicewechat.com/wx40e50e29dd52b171/devtools/page-frame.html","userAgent":"Mozilla/5.0 (iPhone; CPU iPhone OS 9_1 like Mac OS X) AppleWebKit/601.1.46 (KHTML, like Gecko) Version/9.0 Mobile/13B143 Safari/601.1 wechatdevtools/1.02.1806120 MicroMessenger/6.5.7 Language/zh_CN webview/"}
[2018-07-05T16:42:55.842] [INFO] cheese - 响应时间为0.406s
[2018-07-05T16:43:31.906] [ERROR] cheese - {"method":"POST","url":"/douban/in_theaters","host":"localhost","message":"log error","referer":"https://servicewechat.com/wx40e50e29dd52b171/devtools/page-frame.html","userAgent":"Mozilla/5.0 (iPhone; CPU iPhone OS 9_1 like Mac OS X) AppleWebKit/601.1.46 (KHTML, like Gecko) Version/9.0 Mobile/13B143 Safari/601.1 wechatdevtools/1.02.1806120 MicroMessenger/6.5.7 Language/zh_CN webview/"}
[2018-07-05T16:43:32.357] [INFO] cheese - 响应时间为0.452s
[2018-07-05T16:43:46.074] [ERROR] cheese - {"method":"POST","url":"/douban/in_theaters","host":"localhost","message":"log error","referer":"https://servicewechat.com/wx40e50e29dd52b171/devtools/page-frame.html","userAgent":"Mozilla/5.0 (iPhone; CPU iPhone OS 9_1 like Mac OS X) AppleWebKit/601.1.46 (KHTML, like Gecko) Version/9.0 Mobile/13B143 Safari/601.1 wechatdevtools/1.02.1806120 MicroMessenger/6.5.7 Language/zh_CN webview/"}
[2018-07-05T16:43:46.494] [INFO] cheese - 响应时间为0.422s
[2018-07-05T16:44:15.158] [ERROR] cheese - {"method":"POST","url":"/douban/in_theaters","host":"localhost","message":"log error","referer":"https://servicewechat.com/wx40e50e29dd52b171/devtools/page-frame.html","userAgent":"Mozilla/5.0 (iPhone; CPU iPhone OS 9_1 like Mac OS X) AppleWebKit/601.1.46 (KHTML, like Gecko) Version/9.0 Mobile/13B143 Safari/601.1 wechatdevtools/1.02.1806120 MicroMessenger/6.5.7 Language/zh_CN webview/"}
[2018-07-05T16:44:15.585] [INFO] cheese - 响应时间为0.428s
[2018-07-05T16:44:19.404] [ERROR] cheese - {"method":"POST","url":"/douban/in_theaters","host":"localhost","message":"log error","referer":"https://servicewechat.com/wx40e50e29dd52b171/devtools/page-frame.html","userAgent":"Mozilla/5.0 (iPhone; CPU iPhone OS 9_1 like Mac OS X) AppleWebKit/601.1.46 (KHTML, like Gecko) Version/9.0 Mobile/13B143 Safari/601.1 wechatdevtools/1.02.1806120 MicroMessenger/6.5.7 Language/zh_CN webview/"}
[2018-07-05T16:44:19.725] [INFO] cheese - 响应时间为0.323s
[2018-07-05T16:44:29.610] [ERROR] cheese - {"method":"POST","url":"/douban/in_theaters","host":"localhost","message":"log error","referer":"https://servicewechat.com/wx40e50e29dd52b171/devtools/page-frame.html","userAgent":"Mozilla/5.0 (iPhone; CPU iPhone OS 9_1 like Mac OS X) AppleWebKit/601.1.46 (KHTML, like Gecko) Version/9.0 Mobile/13B143 Safari/601.1 wechatdevtools/1.02.1806120 MicroMessenger/6.5.7 Language/zh_CN webview/"}
[2018-07-05T16:44:29.927] [INFO] cheese - 响应时间为0.319s
[2018-07-05T16:44:30.891] [ERROR] cheese - {"method":"POST","url":"/douban/in_theaters","host":"localhost","message":"log error","referer":"https://servicewechat.com/wx40e50e29dd52b171/devtools/page-frame.html","userAgent":"Mozilla/5.0 (iPhone; CPU iPhone OS 9_1 like Mac OS X) AppleWebKit/601.1.46 (KHTML, like Gecko) Version/9.0 Mobile/13B143 Safari/601.1 wechatdevtools/1.02.1806120 MicroMessenger/6.5.7 Language/zh_CN webview/"}
[2018-07-05T16:44:31.281] [INFO] cheese - 响应时间为0.391s
[2018-07-05T16:44:31.977] [ERROR] cheese - {"method":"POST","url":"/douban/in_theaters","host":"localhost","message":"log error","referer":"https://servicewechat.com/wx40e50e29dd52b171/devtools/page-frame.html","userAgent":"Mozilla/5.0 (iPhone; CPU iPhone OS 9_1 like Mac OS X) AppleWebKit/601.1.46 (KHTML, like Gecko) Version/9.0 Mobile/13B143 Safari/601.1 wechatdevtools/1.02.1806120 MicroMessenger/6.5.7 Language/zh_CN webview/"}
[2018-07-05T16:44:32.434] [INFO] cheese - 响应时间为0.459s
[2018-07-05T16:44:37.843] [ERROR] cheese - {"method":"POST","url":"/douban/in_theaters","host":"localhost","message":"log error","referer":"https://servicewechat.com/wx40e50e29dd52b171/devtools/page-frame.html","userAgent":"Mozilla/5.0 (iPhone; CPU iPhone OS 9_1 like Mac OS X) AppleWebKit/601.1.46 (KHTML, like Gecko) Version/9.0 Mobile/13B143 Safari/601.1 wechatdevtools/1.02.1806120 MicroMessenger/6.5.7 Language/zh_CN webview/"}
[2018-07-05T16:44:38.172] [INFO] cheese - 响应时间为0.33s
[2018-07-05T16:44:39.704] [ERROR] cheese - {"method":"POST","url":"/douban/in_theaters","host":"localhost","message":"log error","referer":"https://servicewechat.com/wx40e50e29dd52b171/devtools/page-frame.html","userAgent":"Mozilla/5.0 (iPhone; CPU iPhone OS 9_1 like Mac OS X) AppleWebKit/601.1.46 (KHTML, like Gecko) Version/9.0 Mobile/13B143 Safari/601.1 wechatdevtools/1.02.1806120 MicroMessenger/6.5.7 Language/zh_CN webview/"}
[2018-07-05T16:44:40.054] [INFO] cheese - 响应时间为0.351s
[2018-07-05T16:44:40.936] [ERROR] cheese - {"method":"POST","url":"/douban/in_theaters","host":"localhost","message":"log error","referer":"https://servicewechat.com/wx40e50e29dd52b171/devtools/page-frame.html","userAgent":"Mozilla/5.0 (iPhone; CPU iPhone OS 9_1 like Mac OS X) AppleWebKit/601.1.46 (KHTML, like Gecko) Version/9.0 Mobile/13B143 Safari/601.1 wechatdevtools/1.02.1806120 MicroMessenger/6.5.7 Language/zh_CN webview/"}
[2018-07-05T16:44:41.263] [INFO] cheese - 响应时间为0.33s
[2018-07-05T16:46:33.913] [ERROR] cheese - {"method":"POST","url":"/douban/in_theaters","host":"localhost","message":"log error","referer":"https://servicewechat.com/wx40e50e29dd52b171/devtools/page-frame.html","userAgent":"Mozilla/5.0 (iPhone; CPU iPhone OS 9_1 like Mac OS X) AppleWebKit/601.1.46 (KHTML, like Gecko) Version/9.0 Mobile/13B143 Safari/601.1 wechatdevtools/1.02.1806120 MicroMessenger/6.5.7 Language/zh_CN webview/"}
[2018-07-05T16:46:34.318] [INFO] cheese - 响应时间为0.406s
[2018-07-05T16:46:35.902] [ERROR] cheese - {"method":"POST","url":"/douban/in_theaters","host":"localhost","message":"log error","referer":"https://servicewechat.com/wx40e50e29dd52b171/devtools/page-frame.html","userAgent":"Mozilla/5.0 (iPhone; CPU iPhone OS 9_1 like Mac OS X) AppleWebKit/601.1.46 (KHTML, like Gecko) Version/9.0 Mobile/13B143 Safari/601.1 wechatdevtools/1.02.1806120 MicroMessenger/6.5.7 Language/zh_CN webview/"}
[2018-07-05T16:46:36.214] [INFO] cheese - 响应时间为0.313s
[2018-07-05T16:46:43.172] [ERROR] cheese - {"method":"POST","url":"/douban/in_theaters","host":"localhost","message":"log error","referer":"https://servicewechat.com/wx40e50e29dd52b171/devtools/page-frame.html","userAgent":"Mozilla/5.0 (iPhone; CPU iPhone OS 9_1 like Mac OS X) AppleWebKit/601.1.46 (KHTML, like Gecko) Version/9.0 Mobile/13B143 Safari/601.1 wechatdevtools/1.02.1806120 MicroMessenger/6.5.7 Language/zh_CN webview/"}
[2018-07-05T16:46:43.585] [INFO] cheese - 响应时间为0.414s
[2018-07-05T16:46:51.312] [ERROR] cheese - {"method":"POST","url":"/douban/in_theaters","host":"localhost","message":"log error","referer":"https://servicewechat.com/wx40e50e29dd52b171/devtools/page-frame.html","userAgent":"Mozilla/5.0 (iPhone; CPU iPhone OS 9_1 like Mac OS X) AppleWebKit/601.1.46 (KHTML, like Gecko) Version/9.0 Mobile/13B143 Safari/601.1 wechatdevtools/1.02.1806120 MicroMessenger/6.5.7 Language/zh_CN webview/"}
[2018-07-05T16:46:51.680] [INFO] cheese - 响应时间为0.37s
[2018-07-05T16:46:54.649] [ERROR] cheese - {"method":"POST","url":"/douban/in_theaters","host":"localhost","message":"log error","referer":"https://servicewechat.com/wx40e50e29dd52b171/devtools/page-frame.html","userAgent":"Mozilla/5.0 (iPhone; CPU iPhone OS 9_1 like Mac OS X) AppleWebKit/601.1.46 (KHTML, like Gecko) Version/9.0 Mobile/13B143 Safari/601.1 wechatdevtools/1.02.1806120 MicroMessenger/6.5.7 Language/zh_CN webview/"}
[2018-07-05T16:46:54.984] [INFO] cheese - 响应时间为0.339s
[2018-07-05T16:46:56.689] [ERROR] cheese - {"method":"POST","url":"/douban/in_theaters","host":"localhost","message":"log error","referer":"https://servicewechat.com/wx40e50e29dd52b171/devtools/page-frame.html","userAgent":"Mozilla/5.0 (iPhone; CPU iPhone OS 9_1 like Mac OS X) AppleWebKit/601.1.46 (KHTML, like Gecko) Version/9.0 Mobile/13B143 Safari/601.1 wechatdevtools/1.02.1806120 MicroMessenger/6.5.7 Language/zh_CN webview/"}
[2018-07-05T16:46:56.854] [INFO] cheese - 响应时间为0.166s
[2018-07-05T16:46:57.514] [ERROR] cheese - {"method":"POST","url":"/douban/in_theaters","host":"localhost","message":"log error","referer":"https://servicewechat.com/wx40e50e29dd52b171/devtools/page-frame.html","userAgent":"Mozilla/5.0 (iPhone; CPU iPhone OS 9_1 like Mac OS X) AppleWebKit/601.1.46 (KHTML, like Gecko) Version/9.0 Mobile/13B143 Safari/601.1 wechatdevtools/1.02.1806120 MicroMessenger/6.5.7 Language/zh_CN webview/"}
[2018-07-05T16:46:57.662] [INFO] cheese - 响应时间为0.149s
[2018-07-05T16:50:31.459] [ERROR] cheese - {"method":"POST","url":"/douban/in_theaters","host":"localhost","message":"log error","referer":"https://servicewechat.com/wx40e50e29dd52b171/devtools/page-frame.html","userAgent":"Mozilla/5.0 (iPhone; CPU iPhone OS 9_1 like Mac OS X) AppleWebKit/601.1.46 (KHTML, like Gecko) Version/9.0 Mobile/13B143 Safari/601.1 wechatdevtools/1.02.1806120 MicroMessenger/6.5.7 Language/zh_CN webview/"}
[2018-07-05T16:50:31.948] [INFO] cheese - 响应时间为0.49s
[2018-07-05T16:51:21.839] [ERROR] cheese - {"method":"POST","url":"/douban/in_theaters","host":"localhost","message":"log error","referer":"https://servicewechat.com/wx40e50e29dd52b171/devtools/page-frame.html","userAgent":"Mozilla/5.0 (iPhone; CPU iPhone OS 9_1 like Mac OS X) AppleWebKit/601.1.46 (KHTML, like Gecko) Version/9.0 Mobile/13B143 Safari/601.1 wechatdevtools/1.02.1806120 MicroMessenger/6.5.7 Language/zh_CN webview/"}
[2018-07-05T16:51:22.258] [INFO] cheese - 响应时间为0.421s
[2018-07-05T16:51:45.585] [ERROR] cheese - {"method":"POST","url":"/douban/in_theaters","host":"localhost","message":"log error","referer":"https://servicewechat.com/wx40e50e29dd52b171/devtools/page-frame.html","userAgent":"Mozilla/5.0 (iPhone; CPU iPhone OS 9_1 like Mac OS X) AppleWebKit/601.1.46 (KHTML, like Gecko) Version/9.0 Mobile/13B143 Safari/601.1 wechatdevtools/1.02.1806120 MicroMessenger/6.5.7 Language/zh_CN webview/"}
[2018-07-05T16:51:46.018] [INFO] cheese - 响应时间为0.435s
[2018-07-05T16:51:49.219] [ERROR] cheese - {"method":"POST","url":"/douban/in_theaters","host":"localhost","message":"log error","referer":"https://servicewechat.com/wx40e50e29dd52b171/devtools/page-frame.html","userAgent":"Mozilla/5.0 (iPhone; CPU iPhone OS 9_1 like Mac OS X) AppleWebKit/601.1.46 (KHTML, like Gecko) Version/9.0 Mobile/13B143 Safari/601.1 wechatdevtools/1.02.1806120 MicroMessenger/6.5.7 Language/zh_CN webview/"}
[2018-07-05T16:51:49.690] [INFO] cheese - 响应时间为0.473s
[2018-07-05T16:51:50.490] [ERROR] cheese - {"method":"POST","url":"/douban/in_theaters","host":"localhost","message":"log error","referer":"https://servicewechat.com/wx40e50e29dd52b171/devtools/page-frame.html","userAgent":"Mozilla/5.0 (iPhone; CPU iPhone OS 9_1 like Mac OS X) AppleWebKit/601.1.46 (KHTML, like Gecko) Version/9.0 Mobile/13B143 Safari/601.1 wechatdevtools/1.02.1806120 MicroMessenger/6.5.7 Language/zh_CN webview/"}
[2018-07-05T16:51:50.809] [INFO] cheese - 响应时间为0.32s
[2018-07-05T16:51:51.722] [ERROR] cheese - {"method":"POST","url":"/douban/in_theaters","host":"localhost","message":"log error","referer":"https://servicewechat.com/wx40e50e29dd52b171/devtools/page-frame.html","userAgent":"Mozilla/5.0 (iPhone; CPU iPhone OS 9_1 like Mac OS X) AppleWebKit/601.1.46 (KHTML, like Gecko) Version/9.0 Mobile/13B143 Safari/601.1 wechatdevtools/1.02.1806120 MicroMessenger/6.5.7 Language/zh_CN webview/"}
[2018-07-05T16:51:52.251] [INFO] cheese - 响应时间为0.53s
[2018-07-05T16:51:53.107] [ERROR] cheese - {"method":"POST","url":"/douban/in_theaters","host":"localhost","message":"log error","referer":"https://servicewechat.com/wx40e50e29dd52b171/devtools/page-frame.html","userAgent":"Mozilla/5.0 (iPhone; CPU iPhone OS 9_1 like Mac OS X) AppleWebKit/601.1.46 (KHTML, like Gecko) Version/9.0 Mobile/13B143 Safari/601.1 wechatdevtools/1.02.1806120 MicroMessenger/6.5.7 Language/zh_CN webview/"}
[2018-07-05T16:51:53.454] [INFO] cheese - 响应时间为0.348s
[2018-07-05T16:51:54.350] [ERROR] cheese - {"method":"POST","url":"/douban/in_theaters","host":"localhost","message":"log error","referer":"https://servicewechat.com/wx40e50e29dd52b171/devtools/page-frame.html","userAgent":"Mozilla/5.0 (iPhone; CPU iPhone OS 9_1 like Mac OS X) AppleWebKit/601.1.46 (KHTML, like Gecko) Version/9.0 Mobile/13B143 Safari/601.1 wechatdevtools/1.02.1806120 MicroMessenger/6.5.7 Language/zh_CN webview/"}
[2018-07-05T16:51:54.653] [INFO] cheese - 响应时间为0.306s
[2018-07-05T16:51:55.249] [ERROR] cheese - {"method":"POST","url":"/douban/in_theaters","host":"localhost","message":"log error","referer":"https://servicewechat.com/wx40e50e29dd52b171/devtools/page-frame.html","userAgent":"Mozilla/5.0 (iPhone; CPU iPhone OS 9_1 like Mac OS X) AppleWebKit/601.1.46 (KHTML, like Gecko) Version/9.0 Mobile/13B143 Safari/601.1 wechatdevtools/1.02.1806120 MicroMessenger/6.5.7 Language/zh_CN webview/"}
[2018-07-05T16:51:55.419] [INFO] cheese - 响应时间为0.172s
[2018-07-05T16:52:48.623] [ERROR] cheese - {"method":"POST","url":"/douban/in_theaters","host":"localhost","message":"log error","referer":"https://servicewechat.com/wx40e50e29dd52b171/devtools/page-frame.html","userAgent":"Mozilla/5.0 (iPhone; CPU iPhone OS 9_1 like Mac OS X) AppleWebKit/601.1.46 (KHTML, like Gecko) Version/9.0 Mobile/13B143 Safari/601.1 wechatdevtools/1.02.1806120 MicroMessenger/6.5.7 Language/zh_CN webview/"}
[2018-07-05T16:52:49.048] [INFO] cheese - 响应时间为0.429s
[2018-07-05T16:52:50.582] [ERROR] cheese - {"method":"POST","url":"/douban/in_theaters","host":"localhost","message":"log error","referer":"https://servicewechat.com/wx40e50e29dd52b171/devtools/page-frame.html","userAgent":"Mozilla/5.0 (iPhone; CPU iPhone OS 9_1 like Mac OS X) AppleWebKit/601.1.46 (KHTML, like Gecko) Version/9.0 Mobile/13B143 Safari/601.1 wechatdevtools/1.02.1806120 MicroMessenger/6.5.7 Language/zh_CN webview/"}
[2018-07-05T16:52:50.889] [INFO] cheese - 响应时间为0.309s
[2018-07-05T16:53:05.358] [ERROR] cheese - {"method":"POST","url":"/douban/in_theaters","host":"localhost","message":"log error","referer":"https://servicewechat.com/wx40e50e29dd52b171/devtools/page-frame.html","userAgent":"Mozilla/5.0 (iPhone; CPU iPhone OS 9_1 like Mac OS X) AppleWebKit/601.1.46 (KHTML, like Gecko) Version/9.0 Mobile/13B143 Safari/601.1 wechatdevtools/1.02.1806120 MicroMessenger/6.5.7 Language/zh_CN webview/"}
[2018-07-05T16:53:05.819] [INFO] cheese - 响应时间为0.462s
[2018-07-05T16:56:03.618] [ERROR] cheese - {"method":"POST","url":"/douban/in_theaters","host":"localhost","message":"log error","referer":"https://servicewechat.com/wx40e50e29dd52b171/devtools/page-frame.html","userAgent":"Mozilla/5.0 (iPhone; CPU iPhone OS 9_1 like Mac OS X) AppleWebKit/601.1.46 (KHTML, like Gecko) Version/9.0 Mobile/13B143 Safari/601.1 wechatdevtools/1.02.1806120 MicroMessenger/6.5.7 Language/zh_CN webview/"}
[2018-07-05T16:56:04.270] [INFO] cheese - 响应时间为0.653s
[2018-07-05T16:56:18.302] [ERROR] cheese - {"method":"POST","url":"/douban/in_theaters","host":"localhost","message":"log error","referer":"https://servicewechat.com/wx40e50e29dd52b171/devtools/page-frame.html","userAgent":"Mozilla/5.0 (iPhone; CPU iPhone OS 9_1 like Mac OS X) AppleWebKit/601.1.46 (KHTML, like Gecko) Version/9.0 Mobile/13B143 Safari/601.1 wechatdevtools/1.02.1806120 MicroMessenger/6.5.7 Language/zh_CN webview/"}
[2018-07-05T16:56:18.735] [INFO] cheese - 响应时间为0.433s
[2018-07-05T16:57:02.090] [ERROR] cheese - {"method":"POST","url":"/douban/in_theaters","host":"localhost","message":"log error","referer":"https://servicewechat.com/wx40e50e29dd52b171/devtools/page-frame.html","userAgent":"Mozilla/5.0 (iPhone; CPU iPhone OS 9_1 like Mac OS X) AppleWebKit/601.1.46 (KHTML, like Gecko) Version/9.0 Mobile/13B143 Safari/601.1 wechatdevtools/1.02.1806120 MicroMessenger/6.5.7 Language/zh_CN webview/"}
[2018-07-05T16:57:02.506] [INFO] cheese - 响应时间为0.418s
[2018-07-05T16:58:05.139] [ERROR] cheese - {"method":"POST","url":"/douban/in_theaters","host":"localhost","message":"log error","referer":"https://servicewechat.com/wx40e50e29dd52b171/devtools/page-frame.html","userAgent":"Mozilla/5.0 (iPhone; CPU iPhone OS 9_1 like Mac OS X) AppleWebKit/601.1.46 (KHTML, like Gecko) Version/9.0 Mobile/13B143 Safari/601.1 wechatdevtools/1.02.1806120 MicroMessenger/6.5.7 Language/zh_CN webview/"}
[2018-07-05T16:58:05.578] [INFO] cheese - 响应时间为0.44s
[2018-07-05T16:58:22.128] [ERROR] cheese - {"method":"POST","url":"/douban/in_theaters","host":"localhost","message":"log error","referer":"https://servicewechat.com/wx40e50e29dd52b171/devtools/page-frame.html","userAgent":"Mozilla/5.0 (iPhone; CPU iPhone OS 9_1 like Mac OS X) AppleWebKit/601.1.46 (KHTML, like Gecko) Version/9.0 Mobile/13B143 Safari/601.1 wechatdevtools/1.02.1806120 MicroMessenger/6.5.7 Language/zh_CN webview/"}
[2018-07-05T16:58:22.698] [INFO] cheese - 响应时间为0.571s
[2018-07-05T16:58:40.157] [ERROR] cheese - {"method":"POST","url":"/douban/in_theaters","host":"localhost","message":"log error","referer":"https://servicewechat.com/wx40e50e29dd52b171/devtools/page-frame.html","userAgent":"Mozilla/5.0 (iPhone; CPU iPhone OS 9_1 like Mac OS X) AppleWebKit/601.1.46 (KHTML, like Gecko) Version/9.0 Mobile/13B143 Safari/601.1 wechatdevtools/1.02.1806120 MicroMessenger/6.5.7 Language/zh_CN webview/"}
[2018-07-05T16:58:40.576] [INFO] cheese - 响应时间为0.42s
[2018-07-05T16:59:58.104] [ERROR] cheese - {"method":"POST","url":"/douban/in_theaters","host":"localhost","message":"log error","referer":"https://servicewechat.com/wx40e50e29dd52b171/devtools/page-frame.html","userAgent":"Mozilla/5.0 (iPhone; CPU iPhone OS 9_1 like Mac OS X) AppleWebKit/601.1.46 (KHTML, like Gecko) Version/9.0 Mobile/13B143 Safari/601.1 wechatdevtools/1.02.1806120 MicroMessenger/6.5.7 Language/zh_CN webview/"}
[2018-07-05T16:59:58.533] [INFO] cheese - 响应时间为0.43s
[2018-07-05T17:00:01.523] [ERROR] cheese - {"method":"POST","url":"/douban/subject","host":"localhost","message":"log error","referer":"https://servicewechat.com/wx40e50e29dd52b171/devtools/page-frame.html","userAgent":"Mozilla/5.0 (iPhone; CPU iPhone OS 9_1 like Mac OS X) AppleWebKit/601.1.46 (KHTML, like Gecko) Version/9.0 Mobile/13B143 Safari/601.1 wechatdevtools/1.02.1806120 MicroMessenger/6.5.7 Language/zh_CN webview/"}
[2018-07-05T17:00:01.664] [INFO] cheese - 响应时间为0.142s
[2018-07-05T17:01:17.796] [ERROR] cheese - {"method":"POST","url":"/douban/in_theaters","host":"localhost","message":"log error","referer":"https://servicewechat.com/wx40e50e29dd52b171/devtools/page-frame.html","userAgent":"Mozilla/5.0 (iPhone; CPU iPhone OS 9_1 like Mac OS X) AppleWebKit/601.1.46 (KHTML, like Gecko) Version/9.0 Mobile/13B143 Safari/601.1 wechatdevtools/1.02.1806120 MicroMessenger/6.5.7 Language/zh_CN webview/"}
[2018-07-05T17:01:18.279] [INFO] cheese - 响应时间为0.485s
[2018-07-05T17:01:50.228] [ERROR] cheese - {"method":"POST","url":"/douban/in_theaters","host":"localhost","message":"log error","referer":"https://servicewechat.com/wx40e50e29dd52b171/devtools/page-frame.html","userAgent":"Mozilla/5.0 (iPhone; CPU iPhone OS 9_1 like Mac OS X) AppleWebKit/601.1.46 (KHTML, like Gecko) Version/9.0 Mobile/13B143 Safari/601.1 wechatdevtools/1.02.1806120 MicroMessenger/6.5.7 Language/zh_CN webview/"}
[2018-07-05T17:01:50.650] [INFO] cheese - 响应时间为0.423s
[2018-07-05T17:06:21.422] [ERROR] cheese - {"method":"POST","url":"/douban/in_theaters","host":"localhost","message":"log error","referer":"https://servicewechat.com/wx40e50e29dd52b171/devtools/page-frame.html","userAgent":"Mozilla/5.0 (iPhone; CPU iPhone OS 9_1 like Mac OS X) AppleWebKit/601.1.46 (KHTML, like Gecko) Version/9.0 Mobile/13B143 Safari/601.1 wechatdevtools/1.02.1806120 MicroMessenger/6.5.7 Language/zh_CN webview/"}
[2018-07-05T17:06:21.895] [INFO] cheese - 响应时间为0.474s
[2018-07-05T17:07:42.125] [ERROR] cheese - {"method":"POST","url":"/douban/in_theaters","host":"192.168.5.52","message":"log error","referer":"https://servicewechat.com/wx40e50e29dd52b171/devtools/page-frame.html","userAgent":"Mozilla/5.0 (iPhone; CPU iPhone OS 9_1 like Mac OS X) AppleWebKit/601.1.46 (KHTML, like Gecko) Version/9.0 Mobile/13B143 Safari/601.1 wechatdevtools/1.02.1806120 MicroMessenger/6.5.7 Language/zh_CN webview/"}
[2018-07-05T17:07:42.780] [INFO] cheese - 响应时间为0.656s
[2018-07-05T17:08:10.890] [ERROR] cheese - {"method":"POST","url":"/douban/in_theaters","host":"192.168.5.52:3000","message":"log error","referer":"https://servicewechat.com/wx40e50e29dd52b171/devtools/page-frame.html","userAgent":"Mozilla/5.0 (iPhone; CPU iPhone OS 9_1 like Mac OS X) AppleWebKit/601.1.46 (KHTML, like Gecko) Version/9.0 Mobile/13B143 Safari/601.1 wechatdevtools/1.02.1806120 MicroMessenger/6.5.7 Language/zh_CN webview/"}
[2018-07-05T17:08:11.301] [INFO] cheese - 响应时间为0.412s
[2018-07-05T17:08:16.491] [ERROR] cheese - {"method":"POST","url":"/douban/in_theaters","host":"192.168.5.52:3000","message":"log error","referer":"https://servicewechat.com/wx40e50e29dd52b171/0/page-frame.html","userAgent":"Mozilla/5.0 (iPhone; CPU iPhone OS 11_1_2 like Mac OS X) AppleWebKit/604.3.5 (KHTML, like Gecko) Mobile/15B202 MicroMessenger/6.7.0 NetType/WIFI Language/zh_CN"}
[2018-07-05T17:08:16.948] [INFO] cheese - 响应时间为0.459s
[2018-07-05T17:08:18.944] [ERROR] cheese - {"method":"POST","url":"/douban/in_theaters","host":"192.168.5.52:3000","message":"log error","referer":"https://servicewechat.com/wx40e50e29dd52b171/0/page-frame.html","userAgent":"Mozilla/5.0 (iPhone; CPU iPhone OS 11_1_2 like Mac OS X) AppleWebKit/604.3.5 (KHTML, like Gecko) Mobile/15B202 MicroMessenger/6.7.0 NetType/WIFI Language/zh_CN"}
[2018-07-05T17:08:19.345] [INFO] cheese - 响应时间为0.402s
[2018-07-05T17:08:20.816] [ERROR] cheese - {"method":"POST","url":"/douban/in_theaters","host":"192.168.5.52:3000","message":"log error","referer":"https://servicewechat.com/wx40e50e29dd52b171/0/page-frame.html","userAgent":"Mozilla/5.0 (iPhone; CPU iPhone OS 11_1_2 like Mac OS X) AppleWebKit/604.3.5 (KHTML, like Gecko) Mobile/15B202 MicroMessenger/6.7.0 NetType/WIFI Language/zh_CN"}
[2018-07-05T17:08:21.688] [INFO] cheese - 响应时间为0.874s
[2018-07-05T17:08:22.583] [ERROR] cheese - {"method":"POST","url":"/douban/in_theaters","host":"192.168.5.52:3000","message":"log error","referer":"https://servicewechat.com/wx40e50e29dd52b171/0/page-frame.html","userAgent":"Mozilla/5.0 (iPhone; CPU iPhone OS 11_1_2 like Mac OS X) AppleWebKit/604.3.5 (KHTML, like Gecko) Mobile/15B202 MicroMessenger/6.7.0 NetType/WIFI Language/zh_CN"}
[2018-07-05T17:08:22.911] [INFO] cheese - 响应时间为0.329s
[2018-07-05T17:08:24.027] [ERROR] cheese - {"method":"POST","url":"/douban/in_theaters","host":"192.168.5.52:3000","message":"log error","referer":"https://servicewechat.com/wx40e50e29dd52b171/0/page-frame.html","userAgent":"Mozilla/5.0 (iPhone; CPU iPhone OS 11_1_2 like Mac OS X) AppleWebKit/604.3.5 (KHTML, like Gecko) Mobile/15B202 MicroMessenger/6.7.0 NetType/WIFI Language/zh_CN"}
[2018-07-05T17:08:24.317] [INFO] cheese - 响应时间为0.292s
[2018-07-05T17:08:25.275] [ERROR] cheese - {"method":"POST","url":"/douban/in_theaters","host":"192.168.5.52:3000","message":"log error","referer":"https://servicewechat.com/wx40e50e29dd52b171/0/page-frame.html","userAgent":"Mozilla/5.0 (iPhone; CPU iPhone OS 11_1_2 like Mac OS X) AppleWebKit/604.3.5 (KHTML, like Gecko) Mobile/15B202 MicroMessenger/6.7.0 NetType/WIFI Language/zh_CN"}
[2018-07-05T17:08:25.564] [INFO] cheese - 响应时间为0.291s
[2018-07-05T17:09:29.462] [ERROR] cheese - {"method":"POST","url":"/douban/in_theaters","host":"192.168.5.52:3000","message":"log error","referer":"https://servicewechat.com/wx40e50e29dd52b171/devtools/page-frame.html","userAgent":"Mozilla/5.0 (iPhone; CPU iPhone OS 9_1 like Mac OS X) AppleWebKit/601.1.46 (KHTML, like Gecko) Version/9.0 Mobile/13B143 Safari/601.1 wechatdevtools/1.02.1806120 MicroMessenger/6.5.7 Language/zh_CN webview/"}
[2018-07-05T17:09:29.936] [INFO] cheese - 响应时间为0.475s
[2018-07-05T17:09:30.978] [ERROR] cheese - {"method":"POST","url":"/douban/in_theaters","host":"192.168.5.52:3000","message":"log error","referer":"https://servicewechat.com/wx40e50e29dd52b171/devtools/page-frame.html","userAgent":"Mozilla/5.0 (iPhone; CPU iPhone OS 9_1 like Mac OS X) AppleWebKit/601.1.46 (KHTML, like Gecko) Version/9.0 Mobile/13B143 Safari/601.1 wechatdevtools/1.02.1806120 MicroMessenger/6.5.7 Language/zh_CN webview/"}
[2018-07-05T17:09:31.386] [INFO] cheese - 响应时间为0.41s
[2018-07-05T17:09:35.166] [ERROR] cheese - {"method":"POST","url":"/douban/in_theaters","host":"192.168.5.52:3000","message":"log error","referer":"https://servicewechat.com/wx40e50e29dd52b171/devtools/page-frame.html","userAgent":"Mozilla/5.0 (iPhone; CPU iPhone OS 9_1 like Mac OS X) AppleWebKit/601.1.46 (KHTML, like Gecko) Version/9.0 Mobile/13B143 Safari/601.1 wechatdevtools/1.02.1806120 MicroMessenger/6.5.7 Language/zh_CN webview/"}
[2018-07-05T17:09:35.669] [INFO] cheese - 响应时间为0.505s
[2018-07-05T17:14:33.249] [ERROR] cheese - {"method":"POST","url":"/douban/in_theaters","host":"192.168.5.52:3000","message":"log error","referer":"https://servicewechat.com/wx40e50e29dd52b171/devtools/page-frame.html","userAgent":"Mozilla/5.0 (iPhone; CPU iPhone OS 9_1 like Mac OS X) AppleWebKit/601.1.46 (KHTML, like Gecko) Version/9.0 Mobile/13B143 Safari/601.1 wechatdevtools/1.02.1806120 MicroMessenger/6.5.7 Language/zh_CN webview/"}
[2018-07-05T17:14:33.815] [INFO] cheese - 响应时间为0.567s
[2018-07-05T17:14:37.881] [ERROR] cheese - {"method":"POST","url":"/douban/in_theaters","host":"192.168.5.52:3000","message":"log error","referer":"https://servicewechat.com/wx40e50e29dd52b171/devtools/page-frame.html","userAgent":"Mozilla/5.0 (iPhone; CPU iPhone OS 9_1 like Mac OS X) AppleWebKit/601.1.46 (KHTML, like Gecko) Version/9.0 Mobile/13B143 Safari/601.1 wechatdevtools/1.02.1806120 MicroMessenger/6.5.7 Language/zh_CN webview/"}
[2018-07-05T17:14:38.305] [INFO] cheese - 响应时间为0.425s
[2018-07-05T17:14:42.828] [ERROR] cheese - {"method":"POST","url":"/douban/in_theaters","host":"192.168.5.52:3000","message":"log error","referer":"https://servicewechat.com/wx40e50e29dd52b171/devtools/page-frame.html","userAgent":"Mozilla/5.0 (iPhone; CPU iPhone OS 9_1 like Mac OS X) AppleWebKit/601.1.46 (KHTML, like Gecko) Version/9.0 Mobile/13B143 Safari/601.1 wechatdevtools/1.02.1806120 MicroMessenger/6.5.7 Language/zh_CN webview/"}
[2018-07-05T17:14:43.229] [INFO] cheese - 响应时间为0.404s
[2018-07-05T17:15:04.603] [ERROR] cheese - {"method":"POST","url":"/douban/in_theaters","host":"192.168.5.52:3000","message":"log error","referer":"https://servicewechat.com/wx40e50e29dd52b171/devtools/page-frame.html","userAgent":"Mozilla/5.0 (iPhone; CPU iPhone OS 9_1 like Mac OS X) AppleWebKit/601.1.46 (KHTML, like Gecko) Version/9.0 Mobile/13B143 Safari/601.1 wechatdevtools/1.02.1806120 MicroMessenger/6.5.7 Language/zh_CN webview/"}
[2018-07-05T17:15:04.924] [INFO] cheese - 响应时间为0.322s
[2018-07-05T17:15:06.534] [ERROR] cheese - {"method":"POST","url":"/douban/in_theaters","host":"192.168.5.52:3000","message":"log error","referer":"https://servicewechat.com/wx40e50e29dd52b171/devtools/page-frame.html","userAgent":"Mozilla/5.0 (iPhone; CPU iPhone OS 9_1 like Mac OS X) AppleWebKit/601.1.46 (KHTML, like Gecko) Version/9.0 Mobile/13B143 Safari/601.1 wechatdevtools/1.02.1806120 MicroMessenger/6.5.7 Language/zh_CN webview/"}
[2018-07-05T17:15:07.099] [INFO] cheese - 响应时间为0.567s
[2018-07-05T17:20:14.210] [ERROR] cheese - {"method":"POST","url":"/douban/in_theaters","host":"192.168.5.52:3000","message":"log error","referer":"https://servicewechat.com/wx40e50e29dd52b171/devtools/page-frame.html","userAgent":"Mozilla/5.0 (iPhone; CPU iPhone OS 9_1 like Mac OS X) AppleWebKit/601.1.46 (KHTML, like Gecko) Version/9.0 Mobile/13B143 Safari/601.1 wechatdevtools/1.02.1806120 MicroMessenger/6.5.7 Language/zh_CN webview/"}
[2018-07-05T17:20:14.683] [INFO] cheese - 响应时间为0.475s
[2018-07-05T17:21:09.928] [ERROR] cheese - {"method":"POST","url":"/douban/in_theaters","host":"192.168.5.52:3000","message":"log error","referer":"https://servicewechat.com/wx40e50e29dd52b171/devtools/page-frame.html","userAgent":"Mozilla/5.0 (iPhone; CPU iPhone OS 9_1 like Mac OS X) AppleWebKit/601.1.46 (KHTML, like Gecko) Version/9.0 Mobile/13B143 Safari/601.1 wechatdevtools/1.02.1806120 MicroMessenger/6.5.7 Language/zh_CN webview/"}
[2018-07-05T17:21:10.346] [INFO] cheese - 响应时间为0.42s
[2018-07-05T17:22:29.103] [ERROR] cheese - {"method":"POST","url":"/douban/in_theaters","host":"192.168.5.52:3000","message":"log error","referer":"https://servicewechat.com/wx40e50e29dd52b171/devtools/page-frame.html","userAgent":"Mozilla/5.0 (iPhone; CPU iPhone OS 9_1 like Mac OS X) AppleWebKit/601.1.46 (KHTML, like Gecko) Version/9.0 Mobile/13B143 Safari/601.1 wechatdevtools/1.02.1806120 MicroMessenger/6.5.7 Language/zh_CN webview/"}
[2018-07-05T17:22:29.548] [INFO] cheese - 响应时间为0.446s
[2018-07-05T17:23:24.433] [ERROR] cheese - {"method":"POST","url":"/douban/in_theaters","host":"192.168.5.52:3000","message":"log error","referer":"https://servicewechat.com/wx40e50e29dd52b171/devtools/page-frame.html","userAgent":"Mozilla/5.0 (iPhone; CPU iPhone OS 9_1 like Mac OS X) AppleWebKit/601.1.46 (KHTML, like Gecko) Version/9.0 Mobile/13B143 Safari/601.1 wechatdevtools/1.02.1806120 MicroMessenger/6.5.7 Language/zh_CN webview/"}
[2018-07-05T17:23:24.854] [INFO] cheese - 响应时间为0.423s
[2018-07-05T17:24:30.923] [ERROR] cheese - {"method":"POST","url":"/douban/in_theaters","host":"192.168.5.52:3000","message":"log error","referer":"https://servicewechat.com/wx40e50e29dd52b171/devtools/page-frame.html","userAgent":"Mozilla/5.0 (iPhone; CPU iPhone OS 9_1 like Mac OS X) AppleWebKit/601.1.46 (KHTML, like Gecko) Version/9.0 Mobile/13B143 Safari/601.1 wechatdevtools/1.02.1806120 MicroMessenger/6.5.7 Language/zh_CN webview/"}
[2018-07-05T17:24:31.392] [INFO] cheese - 响应时间为0.472s
[2018-07-05T17:24:54.419] [ERROR] cheese - {"method":"POST","url":"/douban/in_theaters","host":"192.168.5.52:3000","message":"log error","referer":"https://servicewechat.com/wx40e50e29dd52b171/devtools/page-frame.html","userAgent":"Mozilla/5.0 (iPhone; CPU iPhone OS 9_1 like Mac OS X) AppleWebKit/601.1.46 (KHTML, like Gecko) Version/9.0 Mobile/13B143 Safari/601.1 wechatdevtools/1.02.1806120 MicroMessenger/6.5.7 Language/zh_CN webview/"}
[2018-07-05T17:24:54.905] [INFO] cheese - 响应时间为0.487s
[2018-07-05T17:25:12.874] [ERROR] cheese - {"method":"POST","url":"/douban/in_theaters","host":"192.168.5.52:3000","message":"log error","referer":"https://servicewechat.com/wx40e50e29dd52b171/devtools/page-frame.html","userAgent":"Mozilla/5.0 (iPhone; CPU iPhone OS 9_1 like Mac OS X) AppleWebKit/601.1.46 (KHTML, like Gecko) Version/9.0 Mobile/13B143 Safari/601.1 wechatdevtools/1.02.1806120 MicroMessenger/6.5.7 Language/zh_CN webview/"}
[2018-07-05T17:25:13.591] [INFO] cheese - 响应时间为0.718s
[2018-07-05T17:25:25.832] [ERROR] cheese - {"method":"POST","url":"/douban/in_theaters","host":"192.168.5.52:3000","message":"log error","referer":"https://servicewechat.com/wx40e50e29dd52b171/devtools/page-frame.html","userAgent":"Mozilla/5.0 (iPhone; CPU iPhone OS 9_1 like Mac OS X) AppleWebKit/601.1.46 (KHTML, like Gecko) Version/9.0 Mobile/13B143 Safari/601.1 wechatdevtools/1.02.1806120 MicroMessenger/6.5.7 Language/zh_CN webview/"}
[2018-07-05T17:25:26.332] [INFO] cheese - 响应时间为0.501s
[2018-07-05T17:25:38.380] [ERROR] cheese - {"method":"POST","url":"/douban/in_theaters","host":"192.168.5.52:3000","message":"log error","referer":"https://servicewechat.com/wx40e50e29dd52b171/devtools/page-frame.html","userAgent":"Mozilla/5.0 (iPhone; CPU iPhone OS 9_1 like Mac OS X) AppleWebKit/601.1.46 (KHTML, like Gecko) Version/9.0 Mobile/13B143 Safari/601.1 wechatdevtools/1.02.1806120 MicroMessenger/6.5.7 Language/zh_CN webview/"}
[2018-07-05T17:25:39.176] [INFO] cheese - 响应时间为0.798s
[2018-07-05T17:26:17.634] [ERROR] cheese - {"method":"POST","url":"/douban/in_theaters","host":"192.168.5.52:3000","message":"log error","referer":"https://servicewechat.com/wx40e50e29dd52b171/devtools/page-frame.html","userAgent":"Mozilla/5.0 (iPhone; CPU iPhone OS 9_1 like Mac OS X) AppleWebKit/601.1.46 (KHTML, like Gecko) Version/9.0 Mobile/13B143 Safari/601.1 wechatdevtools/1.02.1806120 MicroMessenger/6.5.7 Language/zh_CN webview/"}
[2018-07-05T17:26:18.033] [INFO] cheese - 响应时间为0.4s
[2018-07-05T17:26:28.457] [ERROR] cheese - {"method":"POST","url":"/douban/in_theaters","host":"192.168.5.52:3000","message":"log error","referer":"https://servicewechat.com/wx40e50e29dd52b171/devtools/page-frame.html","userAgent":"Mozilla/5.0 (iPhone; CPU iPhone OS 9_1 like Mac OS X) AppleWebKit/601.1.46 (KHTML, like Gecko) Version/9.0 Mobile/13B143 Safari/601.1 wechatdevtools/1.02.1806120 MicroMessenger/6.5.7 Language/zh_CN webview/"}
[2018-07-05T17:26:28.938] [INFO] cheese - 响应时间为0.482s
[2018-07-05T17:37:22.018] [ERROR] cheese - {"method":"POST","url":"/douban/in_theaters","host":"192.168.5.52:3000","message":"log error","referer":"https://servicewechat.com/wx40e50e29dd52b171/devtools/page-frame.html","userAgent":"Mozilla/5.0 (iPhone; CPU iPhone OS 9_1 like Mac OS X) AppleWebKit/601.1.46 (KHTML, like Gecko) Version/9.0 Mobile/13B143 Safari/601.1 wechatdevtools/1.02.1806120 MicroMessenger/6.5.7 Language/zh_CN webview/"}
[2018-07-05T17:37:22.503] [INFO] cheese - 响应时间为0.487s
[2018-07-05T17:37:22.774] [ERROR] cheese - {"method":"POST","url":"/douban/in_theaters","host":"192.168.5.52:3000","message":"log error","referer":"https://servicewechat.com/wx40e50e29dd52b171/devtools/page-frame.html","userAgent":"Mozilla/5.0 (iPhone; CPU iPhone OS 9_1 like Mac OS X) AppleWebKit/601.1.46 (KHTML, like Gecko) Version/9.0 Mobile/13B143 Safari/601.1 wechatdevtools/1.02.1806120 MicroMessenger/6.5.7 Language/zh_CN webview/"}
[2018-07-05T17:37:23.191] [INFO] cheese - 响应时间为0.419s
