[2018-03-29T16:27:21.554] [ERROR] cheese - {"method":"GET","url":"/tx/nlp_textpolar","host":"localhost:3000","message":"log error","userAgent":"Mozilla/5.0 (Windows NT 6.1; Win64; x64) AppleWebKit/537.36 (KHTML, like Gecko) Chrome/65.0.3325.181 Safari/537.36"}
[2018-03-29T16:27:21.557] [INFO] cheese - 响应时间为0.091s
[2018-03-29T16:27:22.307] [ERROR] cheese - {"method":"GET","url":"/favicon.ico","host":"localhost:3000","message":"log error","referer":"http://localhost:3000/tx/nlp_textpolar","userAgent":"Mozilla/5.0 (Windows NT 6.1; Win64; x64) AppleWebKit/537.36 (KHTML, like Gecko) Chrome/65.0.3325.181 Safari/537.36"}
[2018-03-29T16:27:22.311] [INFO] cheese - 响应时间为0.006s
[2018-03-29T16:28:17.062] [ERROR] cheese - {"method":"POST","url":"/getsign","host":"localhost:3000","message":"log error","userAgent":"Mozilla/5.0 (Windows NT 6.1; Win64; x64) AppleWebKit/537.36 (KHTML, like Gecko) Chrome/65.0.3325.181 Safari/537.36"}
[2018-03-29T16:28:17.078] [INFO] cheese - 响应时间为0.066s
[2018-03-29T16:34:34.684] [ERROR] cheese - {"method":"POST","url":"/getsign","host":"localhost:3000","message":"log error","userAgent":"Mozilla/5.0 (Windows NT 6.1; Win64; x64) AppleWebKit/537.36 (KHTML, like Gecko) Chrome/65.0.3325.181 Safari/537.36"}
[2018-03-29T16:34:34.695] [INFO] cheese - 响应时间为0.059s
[2018-03-29T16:40:43.915] [ERROR] cheese - {"method":"POST","url":"/getsign","host":"localhost:3000","message":"log error","userAgent":"Mozilla/5.0 (Windows NT 6.1; Win64; x64) AppleWebKit/537.36 (KHTML, like Gecko) Chrome/65.0.3325.181 Safari/537.36"}
[2018-03-29T16:40:43.916] [INFO] cheese - 响应时间为0.005s
[2018-03-29T16:44:11.588] [ERROR] cheese - {"method":"POST","url":"/getsign","host":"localhost:3000","message":"log error","userAgent":"Mozilla/5.0 (Windows NT 6.1; Win64; x64) AppleWebKit/537.36 (KHTML, like Gecko) Chrome/65.0.3325.181 Safari/537.36"}
[2018-03-29T16:44:11.600] [ERROR] cheese - {"method":"POST","url":"/getsign","host":"localhost:3000","message":"ReferenceError: APPKEY is not defined\n    at module.exports (E:\\nodeJS\\koa\\koa2\\service\\tencentAI.js:82:30)\n    at Object.getSign (E:\\nodeJS\\koa\\koa2\\service\\home.js:42:19)\n    at getSign (E:\\nodeJS\\koa\\koa2\\controller\\home.js:36:37)\n    at dispatch (E:\\nodeJS\\koa\\koa2\\node_modules\\_koa-compose@3.2.1@koa-compose\\index.js:44:32)\n    at next (E:\\nodeJS\\koa\\koa2\\node_modules\\_koa-compose@3.2.1@koa-compose\\index.js:45:18)\n    at E:\\nodeJS\\koa\\koa2\\node_modules\\_koa-router@7.4.0@koa-router\\lib\\router.js:346:16\n    at dispatch (E:\\nodeJS\\koa\\koa2\\node_modules\\_koa-compose@3.2.1@koa-compose\\index.js:44:32)\n    at E:\\nodeJS\\koa\\koa2\\node_modules\\_koa-compose@3.2.1@koa-compose\\index.js:36:12\n    at dispatch (E:\\nodeJS\\koa\\koa2\\node_modules\\_koa-router@7.4.0@koa-router\\lib\\router.js:351:31)\n    at dispatch (E:\\nodeJS\\koa\\koa2\\node_modules\\_koa-compose@4.0.0@koa-compose\\index.js:42:32)\n    at next (E:\\nodeJS\\koa\\koa2\\node_modules\\_koa-compose@4.0.0@koa-compose\\index.js:43:18)\n    at E:\\nodeJS\\koa\\koa2\\middleware\\mi-send\\index.js:9:15\n    at dispatch (E:\\nodeJS\\koa\\koa2\\node_modules\\_koa-compose@4.0.0@koa-compose\\index.js:42:32)\n    at next (E:\\nodeJS\\koa\\koa2\\node_modules\\_koa-compose@4.0.0@koa-compose\\index.js:43:18)\n    at bodyParser (E:\\nodeJS\\koa\\koa2\\node_modules\\_koa-bodyparser@4.2.0@koa-bodyparser\\index.js:86:11)\n    at <anonymous>","userAgent":"Mozilla/5.0 (Windows NT 6.1; Win64; x64) AppleWebKit/537.36 (KHTML, like Gecko) Chrome/65.0.3325.181 Safari/537.36"}
[2018-03-29T16:44:52.529] [ERROR] cheese - {"method":"POST","url":"/getsign","host":"localhost:3000","message":"log error","userAgent":"Mozilla/5.0 (Windows NT 6.1; Win64; x64) AppleWebKit/537.36 (KHTML, like Gecko) Chrome/65.0.3325.181 Safari/537.36"}
[2018-03-29T16:44:52.534] [INFO] cheese - 响应时间为0.062s
[2018-03-29T16:47:40.747] [ERROR] cheese - {"method":"POST","url":"/getsign","host":"localhost:3000","message":"log error","userAgent":"Mozilla/5.0 (Windows NT 6.1; Win64; x64) AppleWebKit/537.36 (KHTML, like Gecko) Chrome/65.0.3325.181 Safari/537.36"}
[2018-03-29T16:47:40.752] [INFO] cheese - 响应时间为0.056s
[2018-03-29T16:49:57.836] [ERROR] cheese - {"method":"POST","url":"/getsign","host":"localhost:3000","message":"log error","userAgent":"Mozilla/5.0 (Windows NT 6.1; Win64; x64) AppleWebKit/537.36 (KHTML, like Gecko) Chrome/65.0.3325.181 Safari/537.36"}
[2018-03-29T16:49:57.840] [INFO] cheese - 响应时间为0.059s
[2018-03-29T16:49:58.847] [ERROR] cheese - {"method":"POST","url":"/getsign","host":"localhost:3000","message":"log error","userAgent":"Mozilla/5.0 (Windows NT 6.1; Win64; x64) AppleWebKit/537.36 (KHTML, like Gecko) Chrome/65.0.3325.181 Safari/537.36"}
[2018-03-29T16:49:58.851] [INFO] cheese - 响应时间为0.006s
[2018-03-29T16:49:59.774] [ERROR] cheese - {"method":"POST","url":"/getsign","host":"localhost:3000","message":"log error","userAgent":"Mozilla/5.0 (Windows NT 6.1; Win64; x64) AppleWebKit/537.36 (KHTML, like Gecko) Chrome/65.0.3325.181 Safari/537.36"}
[2018-03-29T16:49:59.775] [INFO] cheese - 响应时间为0.003s
[2018-03-29T16:50:17.495] [ERROR] cheese - {"method":"POST","url":"/getsign","host":"localhost:3000","message":"log error","userAgent":"Mozilla/5.0 (Windows NT 6.1; Win64; x64) AppleWebKit/537.36 (KHTML, like Gecko) Chrome/65.0.3325.181 Safari/537.36"}
[2018-03-29T16:50:17.497] [INFO] cheese - 响应时间为0.004s
[2018-03-29T16:50:57.517] [ERROR] cheese - {"method":"POST","url":"/getsign","host":"localhost:3000","message":"log error","userAgent":"Mozilla/5.0 (Windows NT 6.1; Win64; x64) AppleWebKit/537.36 (KHTML, like Gecko) Chrome/65.0.3325.181 Safari/537.36"}
[2018-03-29T16:50:57.523] [INFO] cheese - 响应时间为0.051s
[2018-03-29T16:53:18.966] [ERROR] cheese - {"method":"POST","url":"/getsign","host":"localhost:3000","message":"log error","userAgent":"Mozilla/5.0 (Windows NT 6.1; Win64; x64) AppleWebKit/537.36 (KHTML, like Gecko) Chrome/65.0.3325.181 Safari/537.36"}
[2018-03-29T16:53:18.970] [INFO] cheese - 响应时间为0.007s
[2018-03-29T16:58:06.327] [ERROR] cheese - {"method":"POST","url":"/getsign","host":"localhost:3000","message":"log error","userAgent":"Mozilla/5.0 (Windows NT 6.1; Win64; x64) AppleWebKit/537.36 (KHTML, like Gecko) Chrome/65.0.3325.181 Safari/537.36"}
[2018-03-29T16:58:06.329] [INFO] cheese - 响应时间为0.004s
[2018-03-29T16:59:38.403] [ERROR] cheese - {"method":"POST","url":"/getsign","host":"localhost:3000","message":"log error","userAgent":"Mozilla/5.0 (Windows NT 6.1; Win64; x64) AppleWebKit/537.36 (KHTML, like Gecko) Chrome/65.0.3325.181 Safari/537.36"}
[2018-03-29T16:59:38.406] [INFO] cheese - 响应时间为0.005s
[2018-03-29T17:01:15.224] [ERROR] cheese - {"method":"POST","url":"/getsign","host":"localhost:3000","message":"log error","userAgent":"Mozilla/5.0 (Windows NT 6.1; Win64; x64) AppleWebKit/537.36 (KHTML, like Gecko) Chrome/65.0.3325.181 Safari/537.36"}
[2018-03-29T17:01:15.230] [INFO] cheese - 响应时间为0.069s
[2018-03-29T17:02:05.408] [ERROR] cheese - {"method":"POST","url":"/getsign","host":"localhost:3000","message":"log error","userAgent":"Mozilla/5.0 (Windows NT 6.1; Win64; x64) AppleWebKit/537.36 (KHTML, like Gecko) Chrome/65.0.3325.181 Safari/537.36"}
[2018-03-29T17:02:05.416] [INFO] cheese - 响应时间为0.058s
[2018-03-29T17:05:56.720] [ERROR] cheese - {"method":"POST","url":"/getsign","host":"localhost:3000","message":"log error","userAgent":"Mozilla/5.0 (Windows NT 6.1; Win64; x64) AppleWebKit/537.36 (KHTML, like Gecko) Chrome/65.0.3325.181 Safari/537.36"}
[2018-03-29T17:05:56.727] [INFO] cheese - 响应时间为0.062s
[2018-03-29T17:07:44.726] [ERROR] cheese - {"method":"POST","url":"/getsign","host":"localhost:3000","message":"log error","userAgent":"Mozilla/5.0 (Windows NT 6.1; Win64; x64) AppleWebKit/537.36 (KHTML, like Gecko) Chrome/65.0.3325.181 Safari/537.36"}
[2018-03-29T17:07:44.744] [INFO] cheese - 响应时间为0.067s
[2018-03-29T17:07:53.166] [ERROR] cheese - {"method":"POST","url":"/getsign","host":"localhost:3000","message":"log error","userAgent":"Mozilla/5.0 (Windows NT 6.1; Win64; x64) AppleWebKit/537.36 (KHTML, like Gecko) Chrome/65.0.3325.181 Safari/537.36"}
[2018-03-29T17:07:53.173] [INFO] cheese - 响应时间为0.011s
[2018-03-29T17:08:57.347] [ERROR] cheese - {"method":"POST","url":"/getsign","host":"localhost:3000","message":"log error","userAgent":"Mozilla/5.0 (Windows NT 6.1; Win64; x64) AppleWebKit/537.36 (KHTML, like Gecko) Chrome/65.0.3325.181 Safari/537.36"}
[2018-03-29T17:08:57.360] [INFO] cheese - 响应时间为0.08s
[2018-03-29T17:27:02.732] [ERROR] cheese - {"method":"POST","url":"/getsign","host":"localhost:3000","message":"log error","userAgent":"Mozilla/5.0 (Windows NT 6.1; Win64; x64) AppleWebKit/537.36 (KHTML, like Gecko) Chrome/65.0.3325.181 Safari/537.36"}
[2018-03-29T17:27:02.738] [ERROR] cheese - {"method":"POST","url":"/getsign","host":"localhost:3000","message":"ReferenceError: appkey is not defined\n    at Object.nlp_textpolar (E:\\nodeJS\\koa\\koa2\\service\\tencentAPI.js:24:43)\n    at Object.getSign (E:\\nodeJS\\koa\\koa2\\service\\home.js:28:26)\n    at getSign (E:\\nodeJS\\koa\\koa2\\controller\\home.js:36:37)\n    at dispatch (E:\\nodeJS\\koa\\koa2\\node_modules\\_koa-compose@3.2.1@koa-compose\\index.js:44:32)\n    at next (E:\\nodeJS\\koa\\koa2\\node_modules\\_koa-compose@3.2.1@koa-compose\\index.js:45:18)\n    at E:\\nodeJS\\koa\\koa2\\node_modules\\_koa-router@7.4.0@koa-router\\lib\\router.js:346:16\n    at dispatch (E:\\nodeJS\\koa\\koa2\\node_modules\\_koa-compose@3.2.1@koa-compose\\index.js:44:32)\n    at E:\\nodeJS\\koa\\koa2\\node_modules\\_koa-compose@3.2.1@koa-compose\\index.js:36:12\n    at dispatch (E:\\nodeJS\\koa\\koa2\\node_modules\\_koa-router@7.4.0@koa-router\\lib\\router.js:351:31)\n    at dispatch (E:\\nodeJS\\koa\\koa2\\node_modules\\_koa-compose@4.0.0@koa-compose\\index.js:42:32)\n    at next (E:\\nodeJS\\koa\\koa2\\node_modules\\_koa-compose@4.0.0@koa-compose\\index.js:43:18)\n    at E:\\nodeJS\\koa\\koa2\\middleware\\mi-send\\index.js:9:15\n    at dispatch (E:\\nodeJS\\koa\\koa2\\node_modules\\_koa-compose@4.0.0@koa-compose\\index.js:42:32)\n    at next (E:\\nodeJS\\koa\\koa2\\node_modules\\_koa-compose@4.0.0@koa-compose\\index.js:43:18)\n    at bodyParser (E:\\nodeJS\\koa\\koa2\\node_modules\\_koa-bodyparser@4.2.0@koa-bodyparser\\index.js:86:11)\n    at <anonymous>","userAgent":"Mozilla/5.0 (Windows NT 6.1; Win64; x64) AppleWebKit/537.36 (KHTML, like Gecko) Chrome/65.0.3325.181 Safari/537.36"}
[2018-03-29T17:27:49.984] [ERROR] cheese - {"method":"POST","url":"/getsign","host":"localhost:3000","message":"log error","userAgent":"Mozilla/5.0 (Windows NT 6.1; Win64; x64) AppleWebKit/537.36 (KHTML, like Gecko) Chrome/65.0.3325.181 Safari/537.36"}
[2018-03-29T17:27:50.012] [INFO] cheese - 响应时间为0.086s
[2018-03-29T17:36:45.845] [ERROR] cheese - {"method":"POST","url":"/getsign","host":"localhost:3000","message":"log error","userAgent":"Mozilla/5.0 (Windows NT 6.1; Win64; x64) AppleWebKit/537.36 (KHTML, like Gecko) Chrome/65.0.3325.181 Safari/537.36"}
[2018-03-29T17:36:45.948] [INFO] cheese - 响应时间为0.167s
[2018-03-29T17:39:03.006] [ERROR] cheese - {"method":"POST","url":"/getsign","host":"localhost:3000","message":"log error","userAgent":"Mozilla/5.0 (Windows NT 6.1; Win64; x64) AppleWebKit/537.36 (KHTML, like Gecko) Chrome/65.0.3325.181 Safari/537.36"}
[2018-03-29T17:39:03.031] [INFO] cheese - 响应时间为0.082s
[2018-03-29T17:39:26.991] [ERROR] cheese - {"method":"POST","url":"/getsign","host":"localhost:3000","message":"log error","userAgent":"Mozilla/5.0 (Windows NT 6.1; Win64; x64) AppleWebKit/537.36 (KHTML, like Gecko) Chrome/65.0.3325.181 Safari/537.36"}
[2018-03-29T17:39:27.010] [INFO] cheese - 响应时间为0.07s
[2018-03-29T17:40:47.694] [ERROR] cheese - {"method":"POST","url":"/getsign","host":"localhost:3000","message":"log error","userAgent":"Mozilla/5.0 (Windows NT 6.1; Win64; x64) AppleWebKit/537.36 (KHTML, like Gecko) Chrome/65.0.3325.181 Safari/537.36"}
[2018-03-29T17:40:47.724] [INFO] cheese - 响应时间为0.08s
[2018-03-29T17:41:53.059] [ERROR] cheese - {"method":"POST","url":"/getsign","host":"localhost:3000","message":"log error","userAgent":"Mozilla/5.0 (Windows NT 6.1; Win64; x64) AppleWebKit/537.36 (KHTML, like Gecko) Chrome/65.0.3325.181 Safari/537.36"}
[2018-03-29T17:41:53.086] [INFO] cheese - 响应时间为0.072s
[2018-03-29T17:42:09.655] [ERROR] cheese - {"method":"POST","url":"/getsign","host":"localhost:3000","message":"log error","userAgent":"Mozilla/5.0 (Windows NT 6.1; Win64; x64) AppleWebKit/537.36 (KHTML, like Gecko) Chrome/65.0.3325.181 Safari/537.36"}
[2018-03-29T17:42:09.659] [INFO] cheese - 响应时间为0.038s
[2018-03-29T17:58:57.264] [ERROR] cheese - {"method":"POST","url":"/getsign","host":"localhost:3000","message":"log error","userAgent":"Mozilla/5.0 (Windows NT 6.1; Win64; x64) AppleWebKit/537.36 (KHTML, like Gecko) Chrome/65.0.3325.181 Safari/537.36"}
[2018-03-29T17:58:57.271] [ERROR] cheese - {"method":"POST","url":"/getsign","host":"localhost:3000","message":"TypeError: API.nlp_textpolar is not a function\n    at Object.getSign (E:\\nodeJS\\koa\\koa2\\service\\home.js:27:29)\n    at getSign (E:\\nodeJS\\koa\\koa2\\controller\\home.js:36:37)\n    at dispatch (E:\\nodeJS\\koa\\koa2\\node_modules\\_koa-compose@3.2.1@koa-compose\\index.js:44:32)\n    at next (E:\\nodeJS\\koa\\koa2\\node_modules\\_koa-compose@3.2.1@koa-compose\\index.js:45:18)\n    at E:\\nodeJS\\koa\\koa2\\node_modules\\_koa-router@7.4.0@koa-router\\lib\\router.js:346:16\n    at dispatch (E:\\nodeJS\\koa\\koa2\\node_modules\\_koa-compose@3.2.1@koa-compose\\index.js:44:32)\n    at E:\\nodeJS\\koa\\koa2\\node_modules\\_koa-compose@3.2.1@koa-compose\\index.js:36:12\n    at dispatch (E:\\nodeJS\\koa\\koa2\\node_modules\\_koa-router@7.4.0@koa-router\\lib\\router.js:351:31)\n    at dispatch (E:\\nodeJS\\koa\\koa2\\node_modules\\_koa-compose@4.0.0@koa-compose\\index.js:42:32)\n    at next (E:\\nodeJS\\koa\\koa2\\node_modules\\_koa-compose@4.0.0@koa-compose\\index.js:43:18)\n    at E:\\nodeJS\\koa\\koa2\\middleware\\mi-send\\index.js:9:15\n    at dispatch (E:\\nodeJS\\koa\\koa2\\node_modules\\_koa-compose@4.0.0@koa-compose\\index.js:42:32)\n    at next (E:\\nodeJS\\koa\\koa2\\node_modules\\_koa-compose@4.0.0@koa-compose\\index.js:43:18)\n    at bodyParser (E:\\nodeJS\\koa\\koa2\\node_modules\\_koa-bodyparser@4.2.0@koa-bodyparser\\index.js:86:11)\n    at <anonymous>\n    at process._tickCallback (internal/process/next_tick.js:188:7)","userAgent":"Mozilla/5.0 (Windows NT 6.1; Win64; x64) AppleWebKit/537.36 (KHTML, like Gecko) Chrome/65.0.3325.181 Safari/537.36"}
[2018-03-29T18:00:25.235] [ERROR] cheese - {"method":"POST","url":"/getsign","host":"localhost:3000","message":"log error","userAgent":"Mozilla/5.0 (Windows NT 6.1; Win64; x64) AppleWebKit/537.36 (KHTML, like Gecko) Chrome/65.0.3325.181 Safari/537.36"}
[2018-03-29T18:02:17.345] [ERROR] cheese - {"method":"POST","url":"/getsign","host":"localhost:3000","message":"log error","userAgent":"Mozilla/5.0 (Windows NT 6.1; Win64; x64) AppleWebKit/537.36 (KHTML, like Gecko) Chrome/65.0.3325.181 Safari/537.36"}
[2018-03-29T18:02:17.352] [ERROR] cheese - {"method":"POST","url":"/getsign","host":"localhost:3000","message":"TypeError: API.nlp_textpolar is not a function\n    at Object.getSign (E:\\nodeJS\\koa\\koa2\\service\\home.js:27:30)\n    at getSign (E:\\nodeJS\\koa\\koa2\\controller\\home.js:36:37)\n    at dispatch (E:\\nodeJS\\koa\\koa2\\node_modules\\_koa-compose@3.2.1@koa-compose\\index.js:44:32)\n    at next (E:\\nodeJS\\koa\\koa2\\node_modules\\_koa-compose@3.2.1@koa-compose\\index.js:45:18)\n    at E:\\nodeJS\\koa\\koa2\\node_modules\\_koa-router@7.4.0@koa-router\\lib\\router.js:346:16\n    at dispatch (E:\\nodeJS\\koa\\koa2\\node_modules\\_koa-compose@3.2.1@koa-compose\\index.js:44:32)\n    at E:\\nodeJS\\koa\\koa2\\node_modules\\_koa-compose@3.2.1@koa-compose\\index.js:36:12\n    at dispatch (E:\\nodeJS\\koa\\koa2\\node_modules\\_koa-router@7.4.0@koa-router\\lib\\router.js:351:31)\n    at dispatch (E:\\nodeJS\\koa\\koa2\\node_modules\\_koa-compose@4.0.0@koa-compose\\index.js:42:32)\n    at next (E:\\nodeJS\\koa\\koa2\\node_modules\\_koa-compose@4.0.0@koa-compose\\index.js:43:18)\n    at E:\\nodeJS\\koa\\koa2\\middleware\\mi-send\\index.js:9:15\n    at dispatch (E:\\nodeJS\\koa\\koa2\\node_modules\\_koa-compose@4.0.0@koa-compose\\index.js:42:32)\n    at next (E:\\nodeJS\\koa\\koa2\\node_modules\\_koa-compose@4.0.0@koa-compose\\index.js:43:18)\n    at bodyParser (E:\\nodeJS\\koa\\koa2\\node_modules\\_koa-bodyparser@4.2.0@koa-bodyparser\\index.js:86:11)\n    at <anonymous>\n    at process._tickCallback (internal/process/next_tick.js:188:7)","userAgent":"Mozilla/5.0 (Windows NT 6.1; Win64; x64) AppleWebKit/537.36 (KHTML, like Gecko) Chrome/65.0.3325.181 Safari/537.36"}
[2018-03-29T18:08:09.289] [ERROR] cheese - {"method":"POST","url":"/getsign","host":"localhost:3000","message":"log error","userAgent":"Mozilla/5.0 (Windows NT 6.1; Win64; x64) AppleWebKit/537.36 (KHTML, like Gecko) Chrome/65.0.3325.181 Safari/537.36"}
[2018-03-29T18:08:09.309] [ERROR] cheese - {"method":"POST","url":"/getsign","host":"localhost:3000","message":"TypeError: API.nlp_textpolar is not a function\n    at Object.getSign (E:\\nodeJS\\koa\\koa2\\service\\home.js:27:30)\n    at getSign (E:\\nodeJS\\koa\\koa2\\controller\\home.js:36:37)\n    at dispatch (E:\\nodeJS\\koa\\koa2\\node_modules\\_koa-compose@3.2.1@koa-compose\\index.js:44:32)\n    at next (E:\\nodeJS\\koa\\koa2\\node_modules\\_koa-compose@3.2.1@koa-compose\\index.js:45:18)\n    at E:\\nodeJS\\koa\\koa2\\node_modules\\_koa-router@7.4.0@koa-router\\lib\\router.js:346:16\n    at dispatch (E:\\nodeJS\\koa\\koa2\\node_modules\\_koa-compose@3.2.1@koa-compose\\index.js:44:32)\n    at E:\\nodeJS\\koa\\koa2\\node_modules\\_koa-compose@3.2.1@koa-compose\\index.js:36:12\n    at dispatch (E:\\nodeJS\\koa\\koa2\\node_modules\\_koa-router@7.4.0@koa-router\\lib\\router.js:351:31)\n    at dispatch (E:\\nodeJS\\koa\\koa2\\node_modules\\_koa-compose@4.0.0@koa-compose\\index.js:42:32)\n    at next (E:\\nodeJS\\koa\\koa2\\node_modules\\_koa-compose@4.0.0@koa-compose\\index.js:43:18)\n    at E:\\nodeJS\\koa\\koa2\\middleware\\mi-send\\index.js:9:15\n    at dispatch (E:\\nodeJS\\koa\\koa2\\node_modules\\_koa-compose@4.0.0@koa-compose\\index.js:42:32)\n    at next (E:\\nodeJS\\koa\\koa2\\node_modules\\_koa-compose@4.0.0@koa-compose\\index.js:43:18)\n    at bodyParser (E:\\nodeJS\\koa\\koa2\\node_modules\\_koa-bodyparser@4.2.0@koa-bodyparser\\index.js:86:11)\n    at <anonymous>\n    at process._tickCallback (internal/process/next_tick.js:188:7)","userAgent":"Mozilla/5.0 (Windows NT 6.1; Win64; x64) AppleWebKit/537.36 (KHTML, like Gecko) Chrome/65.0.3325.181 Safari/537.36"}
[2018-03-29T18:09:03.335] [ERROR] cheese - {"method":"POST","url":"/getsign","host":"localhost:3000","message":"log error","userAgent":"Mozilla/5.0 (Windows NT 6.1; Win64; x64) AppleWebKit/537.36 (KHTML, like Gecko) Chrome/65.0.3325.181 Safari/537.36"}
[2018-03-29T18:09:03.341] [ERROR] cheese - {"method":"POST","url":"/getsign","host":"localhost:3000","message":"TypeError: API.nlp_textpolar is not a function\n    at Object.getSign (E:\\nodeJS\\koa\\koa2\\service\\home.js:28:30)\n    at getSign (E:\\nodeJS\\koa\\koa2\\controller\\home.js:36:37)\n    at dispatch (E:\\nodeJS\\koa\\koa2\\node_modules\\_koa-compose@3.2.1@koa-compose\\index.js:44:32)\n    at next (E:\\nodeJS\\koa\\koa2\\node_modules\\_koa-compose@3.2.1@koa-compose\\index.js:45:18)\n    at E:\\nodeJS\\koa\\koa2\\node_modules\\_koa-router@7.4.0@koa-router\\lib\\router.js:346:16\n    at dispatch (E:\\nodeJS\\koa\\koa2\\node_modules\\_koa-compose@3.2.1@koa-compose\\index.js:44:32)\n    at E:\\nodeJS\\koa\\koa2\\node_modules\\_koa-compose@3.2.1@koa-compose\\index.js:36:12\n    at dispatch (E:\\nodeJS\\koa\\koa2\\node_modules\\_koa-router@7.4.0@koa-router\\lib\\router.js:351:31)\n    at dispatch (E:\\nodeJS\\koa\\koa2\\node_modules\\_koa-compose@4.0.0@koa-compose\\index.js:42:32)\n    at next (E:\\nodeJS\\koa\\koa2\\node_modules\\_koa-compose@4.0.0@koa-compose\\index.js:43:18)\n    at E:\\nodeJS\\koa\\koa2\\middleware\\mi-send\\index.js:9:15\n    at dispatch (E:\\nodeJS\\koa\\koa2\\node_modules\\_koa-compose@4.0.0@koa-compose\\index.js:42:32)\n    at next (E:\\nodeJS\\koa\\koa2\\node_modules\\_koa-compose@4.0.0@koa-compose\\index.js:43:18)\n    at bodyParser (E:\\nodeJS\\koa\\koa2\\node_modules\\_koa-bodyparser@4.2.0@koa-bodyparser\\index.js:86:11)\n    at <anonymous>\n    at process._tickCallback (internal/process/next_tick.js:188:7)","userAgent":"Mozilla/5.0 (Windows NT 6.1; Win64; x64) AppleWebKit/537.36 (KHTML, like Gecko) Chrome/65.0.3325.181 Safari/537.36"}
