[2018-07-09T15:09:34.031] [ERROR] cheese - {"method":"GET","url":"/hp/device/InternalPages/Index?id=ConfigurationPage","host":"192.168.5.97","message":"log error","userAgent":"Mozilla/4.0 (compatible; MSIE 8.0; Windows NT 6.1)"}
[2018-07-09T15:09:34.034] [INFO] cheese - 响应时间为0.032s
[2018-07-09T15:09:43.124] [ERROR] cheese - {"method":"POST","url":"/wx/day","host":"localhost:3000","message":"log error","userAgent":"Mozilla/5.0 (Windows NT 6.1; Win64; x64) AppleWebKit/537.36 (KHTML, like Gecko) Chrome/67.0.3396.99 Safari/537.36"}
[2018-07-09T15:09:43.280] [INFO] cheese - 响应时间为0.158s
[2018-07-09T15:09:53.657] [ERROR] cheese - {"method":"POST","url":"/wx/day","host":"localhost:3000","message":"log error","userAgent":"Mozilla/5.0 (Windows NT 6.1; Win64; x64) AppleWebKit/537.36 (KHTML, like Gecko) Chrome/67.0.3396.99 Safari/537.36"}
[2018-07-09T15:09:53.787] [INFO] cheese - 响应时间为0.131s
[2018-07-09T15:14:55.818] [ERROR] cheese - {"method":"POST","url":"/wx/summary","host":"localhost:3000","message":"log error","userAgent":"Mozilla/5.0 (Windows NT 6.1; Win64; x64) AppleWebKit/537.36 (KHTML, like Gecko) Chrome/67.0.3396.99 Safari/537.36"}
[2018-07-09T15:14:56.051] [INFO] cheese - 响应时间为0.246s
[2018-07-09T16:36:23.764] [ERROR] cheese - {"method":"POST","url":"/wx/summary","host":"localhost:3000","message":"log error","referer":"https://servicewechat.com/wx40e50e29dd52b171/devtools/page-frame.html","userAgent":"Mozilla/5.0 (iPhone; CPU iPhone OS 9_1 like Mac OS X) AppleWebKit/601.1.46 (KHTML, like Gecko) Version/9.0 Mobile/13B143 Safari/601.1 wechatdevtools/1.02.1806120 MicroMessenger/6.5.7 Language/zh_CN webview/"}
[2018-07-09T16:36:24.136] [INFO] cheese - 响应时间为0.578s
[2018-07-09T16:41:01.984] [ERROR] cheese - {"method":"POST","url":"/wx/summary","host":"localhost:3000","message":"log error","referer":"https://servicewechat.com/wx40e50e29dd52b171/devtools/page-frame.html","userAgent":"Mozilla/5.0 (iPhone; CPU iPhone OS 9_1 like Mac OS X) AppleWebKit/601.1.46 (KHTML, like Gecko) Version/9.0 Mobile/13B143 Safari/601.1 wechatdevtools/1.02.1806120 MicroMessenger/6.5.7 Language/zh_CN webview/"}
[2018-07-09T16:41:02.183] [INFO] cheese - 响应时间为0.201s
[2018-07-09T16:41:11.080] [ERROR] cheese - {"method":"POST","url":"/wx/summary","host":"localhost:3000","message":"log error","referer":"https://servicewechat.com/wx40e50e29dd52b171/devtools/page-frame.html","userAgent":"Mozilla/5.0 (iPhone; CPU iPhone OS 9_1 like Mac OS X) AppleWebKit/601.1.46 (KHTML, like Gecko) Version/9.0 Mobile/13B143 Safari/601.1 wechatdevtools/1.02.1806120 MicroMessenger/6.5.7 Language/zh_CN webview/"}
[2018-07-09T16:41:11.090] [ERROR] cheese - {"method":"POST","url":"/wx/day","host":"localhost:3000","message":"log error","referer":"https://servicewechat.com/wx40e50e29dd52b171/devtools/page-frame.html","userAgent":"Mozilla/5.0 (iPhone; CPU iPhone OS 9_1 like Mac OS X) AppleWebKit/601.1.46 (KHTML, like Gecko) Version/9.0 Mobile/13B143 Safari/601.1 wechatdevtools/1.02.1806120 MicroMessenger/6.5.7 Language/zh_CN webview/"}
[2018-07-09T16:41:11.122] [ERROR] cheese - {"method":"POST","url":"/wx/week","host":"localhost:3000","message":"log error","referer":"https://servicewechat.com/wx40e50e29dd52b171/devtools/page-frame.html","userAgent":"Mozilla/5.0 (iPhone; CPU iPhone OS 9_1 like Mac OS X) AppleWebKit/601.1.46 (KHTML, like Gecko) Version/9.0 Mobile/13B143 Safari/601.1 wechatdevtools/1.02.1806120 MicroMessenger/6.5.7 Language/zh_CN webview/"}
[2018-07-09T16:41:11.124] [ERROR] cheese - {"method":"POST","url":"/wx/month","host":"localhost:3000","message":"log error","referer":"https://servicewechat.com/wx40e50e29dd52b171/devtools/page-frame.html","userAgent":"Mozilla/5.0 (iPhone; CPU iPhone OS 9_1 like Mac OS X) AppleWebKit/601.1.46 (KHTML, like Gecko) Version/9.0 Mobile/13B143 Safari/601.1 wechatdevtools/1.02.1806120 MicroMessenger/6.5.7 Language/zh_CN webview/"}
[2018-07-09T16:41:11.220] [INFO] cheese - 响应时间为0.142s
[2018-07-09T16:41:11.254] [INFO] cheese - 响应时间为0.166s
[2018-07-09T16:41:11.268] [INFO] cheese - 响应时间为0.144s
[2018-07-09T16:41:11.282] [INFO] cheese - 响应时间为0.162s
[2018-07-09T16:42:48.342] [ERROR] cheese - {"method":"POST","url":"/wx/summary","host":"localhost:3000","message":"log error","referer":"https://servicewechat.com/wx40e50e29dd52b171/devtools/page-frame.html","userAgent":"Mozilla/5.0 (iPhone; CPU iPhone OS 9_1 like Mac OS X) AppleWebKit/601.1.46 (KHTML, like Gecko) Version/9.0 Mobile/13B143 Safari/601.1 wechatdevtools/1.02.1806120 MicroMessenger/6.5.7 Language/zh_CN webview/"}
[2018-07-09T16:42:48.346] [ERROR] cheese - {"method":"POST","url":"/wx/day","host":"localhost:3000","message":"log error","referer":"https://servicewechat.com/wx40e50e29dd52b171/devtools/page-frame.html","userAgent":"Mozilla/5.0 (iPhone; CPU iPhone OS 9_1 like Mac OS X) AppleWebKit/601.1.46 (KHTML, like Gecko) Version/9.0 Mobile/13B143 Safari/601.1 wechatdevtools/1.02.1806120 MicroMessenger/6.5.7 Language/zh_CN webview/"}
[2018-07-09T16:42:48.353] [ERROR] cheese - {"method":"POST","url":"/wx/week","host":"localhost:3000","message":"log error","referer":"https://servicewechat.com/wx40e50e29dd52b171/devtools/page-frame.html","userAgent":"Mozilla/5.0 (iPhone; CPU iPhone OS 9_1 like Mac OS X) AppleWebKit/601.1.46 (KHTML, like Gecko) Version/9.0 Mobile/13B143 Safari/601.1 wechatdevtools/1.02.1806120 MicroMessenger/6.5.7 Language/zh_CN webview/"}
[2018-07-09T16:42:48.480] [INFO] cheese - 响应时间为0.143s
[2018-07-09T16:42:48.514] [INFO] cheese - 响应时间为0.169s
[2018-07-09T16:42:48.534] [INFO] cheese - 响应时间为0.186s
[2018-07-09T16:44:49.841] [ERROR] cheese - {"method":"POST","url":"/wx/summary","host":"localhost:3000","message":"log error","referer":"https://servicewechat.com/wx40e50e29dd52b171/devtools/page-frame.html","userAgent":"Mozilla/5.0 (iPhone; CPU iPhone OS 9_1 like Mac OS X) AppleWebKit/601.1.46 (KHTML, like Gecko) Version/9.0 Mobile/13B143 Safari/601.1 wechatdevtools/1.02.1806120 MicroMessenger/6.5.7 Language/zh_CN webview/"}
[2018-07-09T16:44:49.888] [ERROR] cheese - {"method":"POST","url":"/wx/day","host":"localhost:3000","message":"log error","referer":"https://servicewechat.com/wx40e50e29dd52b171/devtools/page-frame.html","userAgent":"Mozilla/5.0 (iPhone; CPU iPhone OS 9_1 like Mac OS X) AppleWebKit/601.1.46 (KHTML, like Gecko) Version/9.0 Mobile/13B143 Safari/601.1 wechatdevtools/1.02.1806120 MicroMessenger/6.5.7 Language/zh_CN webview/"}
[2018-07-09T16:44:49.891] [ERROR] cheese - {"method":"POST","url":"/wx/week","host":"localhost:3000","message":"log error","referer":"https://servicewechat.com/wx40e50e29dd52b171/devtools/page-frame.html","userAgent":"Mozilla/5.0 (iPhone; CPU iPhone OS 9_1 like Mac OS X) AppleWebKit/601.1.46 (KHTML, like Gecko) Version/9.0 Mobile/13B143 Safari/601.1 wechatdevtools/1.02.1806120 MicroMessenger/6.5.7 Language/zh_CN webview/"}
[2018-07-09T16:44:49.978] [INFO] cheese - 响应时间为0.139s
[2018-07-09T16:44:50.022] [INFO] cheese - 响应时间为0.133s
[2018-07-09T16:44:50.054] [INFO] cheese - 响应时间为0.169s
[2018-07-09T16:45:03.133] [ERROR] cheese - {"method":"POST","url":"/wx/summary","host":"localhost:3000","message":"log error","referer":"https://servicewechat.com/wx40e50e29dd52b171/devtools/page-frame.html","userAgent":"Mozilla/5.0 (iPhone; CPU iPhone OS 9_1 like Mac OS X) AppleWebKit/601.1.46 (KHTML, like Gecko) Version/9.0 Mobile/13B143 Safari/601.1 wechatdevtools/1.02.1806120 MicroMessenger/6.5.7 Language/zh_CN webview/"}
[2018-07-09T16:45:03.266] [ERROR] cheese - {"method":"POST","url":"/wx/day","host":"localhost:3000","message":"log error","referer":"https://servicewechat.com/wx40e50e29dd52b171/devtools/page-frame.html","userAgent":"Mozilla/5.0 (iPhone; CPU iPhone OS 9_1 like Mac OS X) AppleWebKit/601.1.46 (KHTML, like Gecko) Version/9.0 Mobile/13B143 Safari/601.1 wechatdevtools/1.02.1806120 MicroMessenger/6.5.7 Language/zh_CN webview/"}
[2018-07-09T16:45:03.295] [INFO] cheese - 响应时间为0.164s
[2018-07-09T16:45:03.309] [ERROR] cheese - {"method":"POST","url":"/wx/week","host":"localhost:3000","message":"log error","referer":"https://servicewechat.com/wx40e50e29dd52b171/devtools/page-frame.html","userAgent":"Mozilla/5.0 (iPhone; CPU iPhone OS 9_1 like Mac OS X) AppleWebKit/601.1.46 (KHTML, like Gecko) Version/9.0 Mobile/13B143 Safari/601.1 wechatdevtools/1.02.1806120 MicroMessenger/6.5.7 Language/zh_CN webview/"}
[2018-07-09T16:45:03.527] [INFO] cheese - 响应时间为0.219s
[2018-07-09T16:45:03.541] [INFO] cheese - 响应时间为0.277s
[2018-07-09T16:47:54.001] [ERROR] cheese - {"method":"POST","url":"/wx/summary","host":"localhost:3000","message":"log error","referer":"https://servicewechat.com/wx40e50e29dd52b171/devtools/page-frame.html","userAgent":"Mozilla/5.0 (iPhone; CPU iPhone OS 9_1 like Mac OS X) AppleWebKit/601.1.46 (KHTML, like Gecko) Version/9.0 Mobile/13B143 Safari/601.1 wechatdevtools/1.02.1806120 MicroMessenger/6.5.7 Language/zh_CN webview/"}
[2018-07-09T16:47:54.004] [ERROR] cheese - {"method":"POST","url":"/wx/day","host":"localhost:3000","message":"log error","referer":"https://servicewechat.com/wx40e50e29dd52b171/devtools/page-frame.html","userAgent":"Mozilla/5.0 (iPhone; CPU iPhone OS 9_1 like Mac OS X) AppleWebKit/601.1.46 (KHTML, like Gecko) Version/9.0 Mobile/13B143 Safari/601.1 wechatdevtools/1.02.1806120 MicroMessenger/6.5.7 Language/zh_CN webview/"}
[2018-07-09T16:47:54.044] [ERROR] cheese - {"method":"POST","url":"/wx/week","host":"localhost:3000","message":"log error","referer":"https://servicewechat.com/wx40e50e29dd52b171/devtools/page-frame.html","userAgent":"Mozilla/5.0 (iPhone; CPU iPhone OS 9_1 like Mac OS X) AppleWebKit/601.1.46 (KHTML, like Gecko) Version/9.0 Mobile/13B143 Safari/601.1 wechatdevtools/1.02.1806120 MicroMessenger/6.5.7 Language/zh_CN webview/"}
[2018-07-09T16:47:54.317] [INFO] cheese - 响应时间为0.314s
[2018-07-09T16:47:54.318] [INFO] cheese - 响应时间为0.319s
[2018-07-09T16:47:54.342] [INFO] cheese - 响应时间为0.337s
[2018-07-09T16:48:12.526] [ERROR] cheese - {"method":"POST","url":"/wx/summary","host":"localhost:3000","message":"log error","referer":"https://servicewechat.com/wx40e50e29dd52b171/devtools/page-frame.html","userAgent":"Mozilla/5.0 (iPhone; CPU iPhone OS 9_1 like Mac OS X) AppleWebKit/601.1.46 (KHTML, like Gecko) Version/9.0 Mobile/13B143 Safari/601.1 wechatdevtools/1.02.1806120 MicroMessenger/6.5.7 Language/zh_CN webview/"}
[2018-07-09T16:48:12.541] [ERROR] cheese - {"method":"POST","url":"/wx/day","host":"localhost:3000","message":"log error","referer":"https://servicewechat.com/wx40e50e29dd52b171/devtools/page-frame.html","userAgent":"Mozilla/5.0 (iPhone; CPU iPhone OS 9_1 like Mac OS X) AppleWebKit/601.1.46 (KHTML, like Gecko) Version/9.0 Mobile/13B143 Safari/601.1 wechatdevtools/1.02.1806120 MicroMessenger/6.5.7 Language/zh_CN webview/"}
[2018-07-09T16:48:12.547] [ERROR] cheese - {"method":"POST","url":"/wx/week","host":"localhost:3000","message":"log error","referer":"https://servicewechat.com/wx40e50e29dd52b171/devtools/page-frame.html","userAgent":"Mozilla/5.0 (iPhone; CPU iPhone OS 9_1 like Mac OS X) AppleWebKit/601.1.46 (KHTML, like Gecko) Version/9.0 Mobile/13B143 Safari/601.1 wechatdevtools/1.02.1806120 MicroMessenger/6.5.7 Language/zh_CN webview/"}
[2018-07-09T16:48:12.671] [INFO] cheese - 响应时间为0.147s
[2018-07-09T16:48:12.719] [INFO] cheese - 响应时间为0.18s
[2018-07-09T16:48:12.758] [INFO] cheese - 响应时间为0.213s
[2018-07-09T17:12:58.467] [ERROR] cheese - {"method":"POST","url":"/douban/in_theaters","host":"localhost:3000","message":"log error","userAgent":"Mozilla/5.0 (Windows NT 6.1; Win64; x64) AppleWebKit/537.36 (KHTML, like Gecko) Chrome/67.0.3396.99 Safari/537.36"}
[2018-07-09T17:12:58.876] [INFO] cheese - 响应时间为0.43s
[2018-07-09T17:16:15.906] [ERROR] cheese - {"method":"POST","url":"/wx/summary","host":"localhost:3000","message":"log error","referer":"https://servicewechat.com/wx40e50e29dd52b171/devtools/page-frame.html","userAgent":"Mozilla/5.0 (iPhone; CPU iPhone OS 9_1 like Mac OS X) AppleWebKit/601.1.46 (KHTML, like Gecko) Version/9.0 Mobile/13B143 Safari/601.1 wechatdevtools/1.02.1806120 MicroMessenger/6.5.7 Language/zh_CN webview/"}
[2018-07-09T17:16:15.920] [ERROR] cheese - {"method":"POST","url":"/wx/day","host":"localhost:3000","message":"log error","referer":"https://servicewechat.com/wx40e50e29dd52b171/devtools/page-frame.html","userAgent":"Mozilla/5.0 (iPhone; CPU iPhone OS 9_1 like Mac OS X) AppleWebKit/601.1.46 (KHTML, like Gecko) Version/9.0 Mobile/13B143 Safari/601.1 wechatdevtools/1.02.1806120 MicroMessenger/6.5.7 Language/zh_CN webview/"}
[2018-07-09T17:16:15.926] [ERROR] cheese - {"method":"POST","url":"/wx/week","host":"localhost:3000","message":"log error","referer":"https://servicewechat.com/wx40e50e29dd52b171/devtools/page-frame.html","userAgent":"Mozilla/5.0 (iPhone; CPU iPhone OS 9_1 like Mac OS X) AppleWebKit/601.1.46 (KHTML, like Gecko) Version/9.0 Mobile/13B143 Safari/601.1 wechatdevtools/1.02.1806120 MicroMessenger/6.5.7 Language/zh_CN webview/"}
[2018-07-09T17:16:16.074] [INFO] cheese - 响应时间为0.169s
[2018-07-09T17:16:16.137] [INFO] cheese - 响应时间为0.213s
[2018-07-09T17:16:16.154] [INFO] cheese - 响应时间为0.235s
[2018-07-09T17:16:28.789] [ERROR] cheese - {"method":"POST","url":"/wx/summary","host":"localhost:3000","message":"log error","referer":"https://servicewechat.com/wx40e50e29dd52b171/devtools/page-frame.html","userAgent":"Mozilla/5.0 (iPhone; CPU iPhone OS 9_1 like Mac OS X) AppleWebKit/601.1.46 (KHTML, like Gecko) Version/9.0 Mobile/13B143 Safari/601.1 wechatdevtools/1.02.1806120 MicroMessenger/6.5.7 Language/zh_CN webview/"}
[2018-07-09T17:16:28.828] [ERROR] cheese - {"method":"POST","url":"/wx/day","host":"localhost:3000","message":"log error","referer":"https://servicewechat.com/wx40e50e29dd52b171/devtools/page-frame.html","userAgent":"Mozilla/5.0 (iPhone; CPU iPhone OS 9_1 like Mac OS X) AppleWebKit/601.1.46 (KHTML, like Gecko) Version/9.0 Mobile/13B143 Safari/601.1 wechatdevtools/1.02.1806120 MicroMessenger/6.5.7 Language/zh_CN webview/"}
[2018-07-09T17:16:28.831] [ERROR] cheese - {"method":"POST","url":"/wx/week","host":"localhost:3000","message":"log error","referer":"https://servicewechat.com/wx40e50e29dd52b171/devtools/page-frame.html","userAgent":"Mozilla/5.0 (iPhone; CPU iPhone OS 9_1 like Mac OS X) AppleWebKit/601.1.46 (KHTML, like Gecko) Version/9.0 Mobile/13B143 Safari/601.1 wechatdevtools/1.02.1806120 MicroMessenger/6.5.7 Language/zh_CN webview/"}
[2018-07-09T17:16:28.910] [INFO] cheese - 响应时间为0.122s
[2018-07-09T17:16:28.952] [INFO] cheese - 响应时间为0.126s
[2018-07-09T17:16:28.989] [INFO] cheese - 响应时间为0.16s
[2018-07-09T17:16:49.466] [ERROR] cheese - {"method":"POST","url":"/wx/summary","host":"localhost:3000","message":"log error","referer":"https://servicewechat.com/wx40e50e29dd52b171/devtools/page-frame.html","userAgent":"Mozilla/5.0 (iPhone; CPU iPhone OS 9_1 like Mac OS X) AppleWebKit/601.1.46 (KHTML, like Gecko) Version/9.0 Mobile/13B143 Safari/601.1 wechatdevtools/1.02.1806120 MicroMessenger/6.5.7 Language/zh_CN webview/"}
[2018-07-09T17:16:49.470] [ERROR] cheese - {"method":"POST","url":"/wx/day","host":"localhost:3000","message":"log error","referer":"https://servicewechat.com/wx40e50e29dd52b171/devtools/page-frame.html","userAgent":"Mozilla/5.0 (iPhone; CPU iPhone OS 9_1 like Mac OS X) AppleWebKit/601.1.46 (KHTML, like Gecko) Version/9.0 Mobile/13B143 Safari/601.1 wechatdevtools/1.02.1806120 MicroMessenger/6.5.7 Language/zh_CN webview/"}
[2018-07-09T17:16:49.588] [INFO] cheese - 响应时间为0.13s
[2018-07-09T17:16:49.592] [INFO] cheese - 响应时间为0.125s
[2018-07-09T17:16:49.607] [ERROR] cheese - {"method":"POST","url":"/wx/week","host":"localhost:3000","message":"log error","referer":"https://servicewechat.com/wx40e50e29dd52b171/devtools/page-frame.html","userAgent":"Mozilla/5.0 (iPhone; CPU iPhone OS 9_1 like Mac OS X) AppleWebKit/601.1.46 (KHTML, like Gecko) Version/9.0 Mobile/13B143 Safari/601.1 wechatdevtools/1.02.1806120 MicroMessenger/6.5.7 Language/zh_CN webview/"}
[2018-07-09T17:16:49.706] [INFO] cheese - 响应时间为0.1s
[2018-07-09T17:22:26.020] [ERROR] cheese - {"method":"POST","url":"/douban/in_theaters","host":"localhost:3000","message":"log error","userAgent":"Mozilla/5.0 (Windows NT 6.1; Win64; x64) AppleWebKit/537.36 (KHTML, like Gecko) Chrome/67.0.3396.99 Safari/537.36"}
[2018-07-09T17:22:26.355] [INFO] cheese - 响应时间为0.354s
[2018-07-09T17:22:35.741] [ERROR] cheese - {"method":"POST","url":"/wx/summary","host":"localhost:3000","message":"log error","referer":"https://servicewechat.com/wx40e50e29dd52b171/devtools/page-frame.html","userAgent":"Mozilla/5.0 (iPhone; CPU iPhone OS 9_1 like Mac OS X) AppleWebKit/601.1.46 (KHTML, like Gecko) Version/9.0 Mobile/13B143 Safari/601.1 wechatdevtools/1.02.1806120 MicroMessenger/6.5.7 Language/zh_CN webview/"}
[2018-07-09T17:22:35.745] [ERROR] cheese - {"method":"POST","url":"/wx/day","host":"localhost:3000","message":"log error","referer":"https://servicewechat.com/wx40e50e29dd52b171/devtools/page-frame.html","userAgent":"Mozilla/5.0 (iPhone; CPU iPhone OS 9_1 like Mac OS X) AppleWebKit/601.1.46 (KHTML, like Gecko) Version/9.0 Mobile/13B143 Safari/601.1 wechatdevtools/1.02.1806120 MicroMessenger/6.5.7 Language/zh_CN webview/"}
[2018-07-09T17:22:35.748] [ERROR] cheese - {"method":"POST","url":"/wx/week","host":"localhost:3000","message":"log error","referer":"https://servicewechat.com/wx40e50e29dd52b171/devtools/page-frame.html","userAgent":"Mozilla/5.0 (iPhone; CPU iPhone OS 9_1 like Mac OS X) AppleWebKit/601.1.46 (KHTML, like Gecko) Version/9.0 Mobile/13B143 Safari/601.1 wechatdevtools/1.02.1806120 MicroMessenger/6.5.7 Language/zh_CN webview/"}
[2018-07-09T17:22:36.241] [INFO] cheese - 响应时间为0.494s
[2018-07-09T17:22:36.247] [INFO] cheese - 响应时间为0.508s
[2018-07-09T17:22:36.255] [INFO] cheese - 响应时间为0.512s
[2018-07-09T17:25:28.167] [ERROR] cheese - {"method":"POST","url":"/wx/summary","host":"localhost:3000","message":"log error","referer":"https://servicewechat.com/wx40e50e29dd52b171/devtools/page-frame.html","userAgent":"Mozilla/5.0 (iPhone; CPU iPhone OS 9_1 like Mac OS X) AppleWebKit/601.1.46 (KHTML, like Gecko) Version/9.0 Mobile/13B143 Safari/601.1 wechatdevtools/1.02.1806120 MicroMessenger/6.5.7 Language/zh_CN webview/"}
[2018-07-09T17:25:28.178] [ERROR] cheese - {"method":"POST","url":"/wx/day","host":"localhost:3000","message":"log error","referer":"https://servicewechat.com/wx40e50e29dd52b171/devtools/page-frame.html","userAgent":"Mozilla/5.0 (iPhone; CPU iPhone OS 9_1 like Mac OS X) AppleWebKit/601.1.46 (KHTML, like Gecko) Version/9.0 Mobile/13B143 Safari/601.1 wechatdevtools/1.02.1806120 MicroMessenger/6.5.7 Language/zh_CN webview/"}
[2018-07-09T17:25:28.184] [ERROR] cheese - {"method":"POST","url":"/wx/week","host":"localhost:3000","message":"log error","referer":"https://servicewechat.com/wx40e50e29dd52b171/devtools/page-frame.html","userAgent":"Mozilla/5.0 (iPhone; CPU iPhone OS 9_1 like Mac OS X) AppleWebKit/601.1.46 (KHTML, like Gecko) Version/9.0 Mobile/13B143 Safari/601.1 wechatdevtools/1.02.1806120 MicroMessenger/6.5.7 Language/zh_CN webview/"}
[2018-07-09T17:25:28.355] [INFO] cheese - 响应时间为0.228s
[2018-07-09T17:25:28.359] [INFO] cheese - 响应时间为0.182s
[2018-07-09T17:25:28.409] [INFO] cheese - 响应时间为0.226s
[2018-07-09T17:26:00.899] [ERROR] cheese - {"method":"POST","url":"/wx/summary","host":"localhost:3000","message":"log error","referer":"https://servicewechat.com/wx40e50e29dd52b171/devtools/page-frame.html","userAgent":"Mozilla/5.0 (iPhone; CPU iPhone OS 9_1 like Mac OS X) AppleWebKit/601.1.46 (KHTML, like Gecko) Version/9.0 Mobile/13B143 Safari/601.1 wechatdevtools/1.02.1806120 MicroMessenger/6.5.7 Language/zh_CN webview/"}
[2018-07-09T17:26:00.905] [ERROR] cheese - {"method":"POST","url":"/wx/day","host":"localhost:3000","message":"log error","referer":"https://servicewechat.com/wx40e50e29dd52b171/devtools/page-frame.html","userAgent":"Mozilla/5.0 (iPhone; CPU iPhone OS 9_1 like Mac OS X) AppleWebKit/601.1.46 (KHTML, like Gecko) Version/9.0 Mobile/13B143 Safari/601.1 wechatdevtools/1.02.1806120 MicroMessenger/6.5.7 Language/zh_CN webview/"}
[2018-07-09T17:26:00.949] [ERROR] cheese - {"method":"POST","url":"/wx/week","host":"localhost:3000","message":"log error","referer":"https://servicewechat.com/wx40e50e29dd52b171/devtools/page-frame.html","userAgent":"Mozilla/5.0 (iPhone; CPU iPhone OS 9_1 like Mac OS X) AppleWebKit/601.1.46 (KHTML, like Gecko) Version/9.0 Mobile/13B143 Safari/601.1 wechatdevtools/1.02.1806120 MicroMessenger/6.5.7 Language/zh_CN webview/"}
[2018-07-09T17:26:01.042] [INFO] cheese - 响应时间为0.138s
[2018-07-09T17:26:01.058] [INFO] cheese - 响应时间为0.161s
[2018-07-09T17:26:01.115] [INFO] cheese - 响应时间为0.169s
[2018-07-09T17:26:33.952] [ERROR] cheese - {"method":"POST","url":"/wx/summary","host":"localhost:3000","message":"log error","referer":"https://servicewechat.com/wx40e50e29dd52b171/devtools/page-frame.html","userAgent":"Mozilla/5.0 (iPhone; CPU iPhone OS 9_1 like Mac OS X) AppleWebKit/601.1.46 (KHTML, like Gecko) Version/9.0 Mobile/13B143 Safari/601.1 wechatdevtools/1.02.1806120 MicroMessenger/6.5.7 Language/zh_CN webview/"}
[2018-07-09T17:26:33.965] [ERROR] cheese - {"method":"POST","url":"/wx/day","host":"localhost:3000","message":"log error","referer":"https://servicewechat.com/wx40e50e29dd52b171/devtools/page-frame.html","userAgent":"Mozilla/5.0 (iPhone; CPU iPhone OS 9_1 like Mac OS X) AppleWebKit/601.1.46 (KHTML, like Gecko) Version/9.0 Mobile/13B143 Safari/601.1 wechatdevtools/1.02.1806120 MicroMessenger/6.5.7 Language/zh_CN webview/"}
[2018-07-09T17:26:33.970] [ERROR] cheese - {"method":"POST","url":"/wx/week","host":"localhost:3000","message":"log error","referer":"https://servicewechat.com/wx40e50e29dd52b171/devtools/page-frame.html","userAgent":"Mozilla/5.0 (iPhone; CPU iPhone OS 9_1 like Mac OS X) AppleWebKit/601.1.46 (KHTML, like Gecko) Version/9.0 Mobile/13B143 Safari/601.1 wechatdevtools/1.02.1806120 MicroMessenger/6.5.7 Language/zh_CN webview/"}
[2018-07-09T17:26:34.156] [INFO] cheese - 响应时间为0.193s
[2018-07-09T17:26:34.165] [INFO] cheese - 响应时间为0.215s
[2018-07-09T17:26:34.171] [INFO] cheese - 响应时间为0.203s
[2018-07-09T17:26:48.532] [ERROR] cheese - {"method":"POST","url":"/wx/summary","host":"localhost:3000","message":"log error","referer":"https://servicewechat.com/wx40e50e29dd52b171/devtools/page-frame.html","userAgent":"Mozilla/5.0 (iPhone; CPU iPhone OS 9_1 like Mac OS X) AppleWebKit/601.1.46 (KHTML, like Gecko) Version/9.0 Mobile/13B143 Safari/601.1 wechatdevtools/1.02.1806120 MicroMessenger/6.5.7 Language/zh_CN webview/"}
[2018-07-09T17:26:48.553] [ERROR] cheese - {"method":"POST","url":"/wx/day","host":"localhost:3000","message":"log error","referer":"https://servicewechat.com/wx40e50e29dd52b171/devtools/page-frame.html","userAgent":"Mozilla/5.0 (iPhone; CPU iPhone OS 9_1 like Mac OS X) AppleWebKit/601.1.46 (KHTML, like Gecko) Version/9.0 Mobile/13B143 Safari/601.1 wechatdevtools/1.02.1806120 MicroMessenger/6.5.7 Language/zh_CN webview/"}
[2018-07-09T17:26:48.559] [ERROR] cheese - {"method":"POST","url":"/wx/week","host":"localhost:3000","message":"log error","referer":"https://servicewechat.com/wx40e50e29dd52b171/devtools/page-frame.html","userAgent":"Mozilla/5.0 (iPhone; CPU iPhone OS 9_1 like Mac OS X) AppleWebKit/601.1.46 (KHTML, like Gecko) Version/9.0 Mobile/13B143 Safari/601.1 wechatdevtools/1.02.1806120 MicroMessenger/6.5.7 Language/zh_CN webview/"}
[2018-07-09T17:26:48.720] [INFO] cheese - 响应时间为0.186s
[2018-07-09T17:26:48.721] [INFO] cheese - 响应时间为0.163s
[2018-07-09T17:26:48.759] [INFO] cheese - 响应时间为0.228s
[2018-07-09T17:26:50.075] [ERROR] cheese - {"method":"POST","url":"/wx/summary","host":"localhost:3000","message":"log error","referer":"https://servicewechat.com/wx40e50e29dd52b171/devtools/page-frame.html","userAgent":"Mozilla/5.0 (iPhone; CPU iPhone OS 9_1 like Mac OS X) AppleWebKit/601.1.46 (KHTML, like Gecko) Version/9.0 Mobile/13B143 Safari/601.1 wechatdevtools/1.02.1806120 MicroMessenger/6.5.7 Language/zh_CN webview/"}
[2018-07-09T17:26:50.081] [ERROR] cheese - {"method":"POST","url":"/wx/day","host":"localhost:3000","message":"log error","referer":"https://servicewechat.com/wx40e50e29dd52b171/devtools/page-frame.html","userAgent":"Mozilla/5.0 (iPhone; CPU iPhone OS 9_1 like Mac OS X) AppleWebKit/601.1.46 (KHTML, like Gecko) Version/9.0 Mobile/13B143 Safari/601.1 wechatdevtools/1.02.1806120 MicroMessenger/6.5.7 Language/zh_CN webview/"}
[2018-07-09T17:26:50.085] [ERROR] cheese - {"method":"POST","url":"/wx/week","host":"localhost:3000","message":"log error","referer":"https://servicewechat.com/wx40e50e29dd52b171/devtools/page-frame.html","userAgent":"Mozilla/5.0 (iPhone; CPU iPhone OS 9_1 like Mac OS X) AppleWebKit/601.1.46 (KHTML, like Gecko) Version/9.0 Mobile/13B143 Safari/601.1 wechatdevtools/1.02.1806120 MicroMessenger/6.5.7 Language/zh_CN webview/"}
[2018-07-09T17:26:50.233] [INFO] cheese - 响应时间为0.159s
[2018-07-09T17:26:50.244] [INFO] cheese - 响应时间为0.165s
[2018-07-09T17:26:50.246] [INFO] cheese - 响应时间为0.163s
[2018-07-09T17:40:23.448] [ERROR] cheese - {"method":"POST","url":"/wx/summary","host":"localhost:3000","message":"log error","referer":"https://servicewechat.com/wx40e50e29dd52b171/devtools/page-frame.html","userAgent":"Mozilla/5.0 (iPhone; CPU iPhone OS 9_1 like Mac OS X) AppleWebKit/601.1.46 (KHTML, like Gecko) Version/9.0 Mobile/13B143 Safari/601.1 wechatdevtools/1.02.1806120 MicroMessenger/6.5.7 Language/zh_CN webview/"}
[2018-07-09T17:40:23.462] [ERROR] cheese - {"method":"POST","url":"/wx/day","host":"localhost:3000","message":"log error","referer":"https://servicewechat.com/wx40e50e29dd52b171/devtools/page-frame.html","userAgent":"Mozilla/5.0 (iPhone; CPU iPhone OS 9_1 like Mac OS X) AppleWebKit/601.1.46 (KHTML, like Gecko) Version/9.0 Mobile/13B143 Safari/601.1 wechatdevtools/1.02.1806120 MicroMessenger/6.5.7 Language/zh_CN webview/"}
[2018-07-09T17:40:23.473] [ERROR] cheese - {"method":"POST","url":"/wx/week","host":"localhost:3000","message":"log error","referer":"https://servicewechat.com/wx40e50e29dd52b171/devtools/page-frame.html","userAgent":"Mozilla/5.0 (iPhone; CPU iPhone OS 9_1 like Mac OS X) AppleWebKit/601.1.46 (KHTML, like Gecko) Version/9.0 Mobile/13B143 Safari/601.1 wechatdevtools/1.02.1806120 MicroMessenger/6.5.7 Language/zh_CN webview/"}
[2018-07-09T17:40:23.674] [INFO] cheese - 响应时间为0.202s
[2018-07-09T17:40:23.677] [INFO] cheese - 响应时间为0.217s
[2018-07-09T17:40:23.687] [INFO] cheese - 响应时间为0.241s
[2018-07-09T17:49:02.827] [ERROR] cheese - {"method":"POST","url":"/wx/summary","host":"localhost:3000","message":"log error","referer":"https://servicewechat.com/wx40e50e29dd52b171/devtools/page-frame.html","userAgent":"Mozilla/5.0 (iPhone; CPU iPhone OS 9_1 like Mac OS X) AppleWebKit/601.1.46 (KHTML, like Gecko) Version/9.0 Mobile/13B143 Safari/601.1 wechatdevtools/1.02.1806120 MicroMessenger/6.5.7 Language/zh_CN webview/"}
[2018-07-09T17:49:02.833] [ERROR] cheese - {"method":"POST","url":"/wx/day","host":"localhost:3000","message":"log error","referer":"https://servicewechat.com/wx40e50e29dd52b171/devtools/page-frame.html","userAgent":"Mozilla/5.0 (iPhone; CPU iPhone OS 9_1 like Mac OS X) AppleWebKit/601.1.46 (KHTML, like Gecko) Version/9.0 Mobile/13B143 Safari/601.1 wechatdevtools/1.02.1806120 MicroMessenger/6.5.7 Language/zh_CN webview/"}
[2018-07-09T17:49:02.839] [ERROR] cheese - {"method":"POST","url":"/wx/week","host":"localhost:3000","message":"log error","referer":"https://servicewechat.com/wx40e50e29dd52b171/devtools/page-frame.html","userAgent":"Mozilla/5.0 (iPhone; CPU iPhone OS 9_1 like Mac OS X) AppleWebKit/601.1.46 (KHTML, like Gecko) Version/9.0 Mobile/13B143 Safari/601.1 wechatdevtools/1.02.1806120 MicroMessenger/6.5.7 Language/zh_CN webview/"}
[2018-07-09T17:49:03.101] [INFO] cheese - 响应时间为0.264s
[2018-07-09T17:49:03.102] [INFO] cheese - 响应时间为0.276s
[2018-07-09T17:49:03.139] [INFO] cheese - 响应时间为0.307s
[2018-07-09T17:49:13.860] [ERROR] cheese - {"method":"POST","url":"/wx/summary","host":"localhost:3000","message":"log error","referer":"https://servicewechat.com/wx40e50e29dd52b171/devtools/page-frame.html","userAgent":"Mozilla/5.0 (iPhone; CPU iPhone OS 9_1 like Mac OS X) AppleWebKit/601.1.46 (KHTML, like Gecko) Version/9.0 Mobile/13B143 Safari/601.1 wechatdevtools/1.02.1806120 MicroMessenger/6.5.7 Language/zh_CN webview/"}
[2018-07-09T17:49:13.864] [ERROR] cheese - {"method":"POST","url":"/wx/day","host":"localhost:3000","message":"log error","referer":"https://servicewechat.com/wx40e50e29dd52b171/devtools/page-frame.html","userAgent":"Mozilla/5.0 (iPhone; CPU iPhone OS 9_1 like Mac OS X) AppleWebKit/601.1.46 (KHTML, like Gecko) Version/9.0 Mobile/13B143 Safari/601.1 wechatdevtools/1.02.1806120 MicroMessenger/6.5.7 Language/zh_CN webview/"}
[2018-07-09T17:49:13.871] [ERROR] cheese - {"method":"POST","url":"/wx/week","host":"localhost:3000","message":"log error","referer":"https://servicewechat.com/wx40e50e29dd52b171/devtools/page-frame.html","userAgent":"Mozilla/5.0 (iPhone; CPU iPhone OS 9_1 like Mac OS X) AppleWebKit/601.1.46 (KHTML, like Gecko) Version/9.0 Mobile/13B143 Safari/601.1 wechatdevtools/1.02.1806120 MicroMessenger/6.5.7 Language/zh_CN webview/"}
[2018-07-09T17:49:14.040] [INFO] cheese - 响应时间为0.171s
[2018-07-09T17:49:14.054] [INFO] cheese - 响应时间为0.191s
[2018-07-09T17:49:14.055] [INFO] cheese - 响应时间为0.196s
[2018-07-09T17:49:24.026] [ERROR] cheese - {"method":"POST","url":"/wx/summary","host":"localhost:3000","message":"log error","referer":"https://servicewechat.com/wx40e50e29dd52b171/devtools/page-frame.html","userAgent":"Mozilla/5.0 (iPhone; CPU iPhone OS 9_1 like Mac OS X) AppleWebKit/601.1.46 (KHTML, like Gecko) Version/9.0 Mobile/13B143 Safari/601.1 wechatdevtools/1.02.1806120 MicroMessenger/6.5.7 Language/zh_CN webview/"}
[2018-07-09T17:49:24.087] [ERROR] cheese - {"method":"POST","url":"/wx/day","host":"localhost:3000","message":"log error","referer":"https://servicewechat.com/wx40e50e29dd52b171/devtools/page-frame.html","userAgent":"Mozilla/5.0 (iPhone; CPU iPhone OS 9_1 like Mac OS X) AppleWebKit/601.1.46 (KHTML, like Gecko) Version/9.0 Mobile/13B143 Safari/601.1 wechatdevtools/1.02.1806120 MicroMessenger/6.5.7 Language/zh_CN webview/"}
[2018-07-09T17:49:24.089] [ERROR] cheese - {"method":"POST","url":"/wx/week","host":"localhost:3000","message":"log error","referer":"https://servicewechat.com/wx40e50e29dd52b171/devtools/page-frame.html","userAgent":"Mozilla/5.0 (iPhone; CPU iPhone OS 9_1 like Mac OS X) AppleWebKit/601.1.46 (KHTML, like Gecko) Version/9.0 Mobile/13B143 Safari/601.1 wechatdevtools/1.02.1806120 MicroMessenger/6.5.7 Language/zh_CN webview/"}
[2018-07-09T17:49:24.209] [INFO] cheese - 响应时间为0.121s
[2018-07-09T17:49:24.216] [INFO] cheese - 响应时间为0.191s
[2018-07-09T17:49:24.247] [INFO] cheese - 响应时间为0.161s
[2018-07-09T17:49:46.510] [ERROR] cheese - {"method":"POST","url":"/wx/summary","host":"localhost:3000","message":"log error","referer":"https://servicewechat.com/wx40e50e29dd52b171/devtools/page-frame.html","userAgent":"Mozilla/5.0 (iPhone; CPU iPhone OS 9_1 like Mac OS X) AppleWebKit/601.1.46 (KHTML, like Gecko) Version/9.0 Mobile/13B143 Safari/601.1 wechatdevtools/1.02.1806120 MicroMessenger/6.5.7 Language/zh_CN webview/"}
[2018-07-09T17:49:46.517] [ERROR] cheese - {"method":"POST","url":"/wx/day","host":"localhost:3000","message":"log error","referer":"https://servicewechat.com/wx40e50e29dd52b171/devtools/page-frame.html","userAgent":"Mozilla/5.0 (iPhone; CPU iPhone OS 9_1 like Mac OS X) AppleWebKit/601.1.46 (KHTML, like Gecko) Version/9.0 Mobile/13B143 Safari/601.1 wechatdevtools/1.02.1806120 MicroMessenger/6.5.7 Language/zh_CN webview/"}
[2018-07-09T17:49:46.520] [ERROR] cheese - {"method":"POST","url":"/wx/week","host":"localhost:3000","message":"log error","referer":"https://servicewechat.com/wx40e50e29dd52b171/devtools/page-frame.html","userAgent":"Mozilla/5.0 (iPhone; CPU iPhone OS 9_1 like Mac OS X) AppleWebKit/601.1.46 (KHTML, like Gecko) Version/9.0 Mobile/13B143 Safari/601.1 wechatdevtools/1.02.1806120 MicroMessenger/6.5.7 Language/zh_CN webview/"}
[2018-07-09T17:49:46.677] [INFO] cheese - 响应时间为0.159s
[2018-07-09T17:49:46.684] [INFO] cheese - 响应时间为0.176s
[2018-07-09T17:49:46.717] [INFO] cheese - 响应时间为0.204s
[2018-07-09T17:49:55.230] [ERROR] cheese - {"method":"POST","url":"/wx/summary","host":"localhost:3000","message":"log error","referer":"https://servicewechat.com/wx40e50e29dd52b171/devtools/page-frame.html","userAgent":"Mozilla/5.0 (iPhone; CPU iPhone OS 9_1 like Mac OS X) AppleWebKit/601.1.46 (KHTML, like Gecko) Version/9.0 Mobile/13B143 Safari/601.1 wechatdevtools/1.02.1806120 MicroMessenger/6.5.7 Language/zh_CN webview/"}
[2018-07-09T17:49:55.233] [ERROR] cheese - {"method":"POST","url":"/wx/day","host":"localhost:3000","message":"log error","referer":"https://servicewechat.com/wx40e50e29dd52b171/devtools/page-frame.html","userAgent":"Mozilla/5.0 (iPhone; CPU iPhone OS 9_1 like Mac OS X) AppleWebKit/601.1.46 (KHTML, like Gecko) Version/9.0 Mobile/13B143 Safari/601.1 wechatdevtools/1.02.1806120 MicroMessenger/6.5.7 Language/zh_CN webview/"}
[2018-07-09T17:49:55.241] [ERROR] cheese - {"method":"POST","url":"/wx/week","host":"localhost:3000","message":"log error","referer":"https://servicewechat.com/wx40e50e29dd52b171/devtools/page-frame.html","userAgent":"Mozilla/5.0 (iPhone; CPU iPhone OS 9_1 like Mac OS X) AppleWebKit/601.1.46 (KHTML, like Gecko) Version/9.0 Mobile/13B143 Safari/601.1 wechatdevtools/1.02.1806120 MicroMessenger/6.5.7 Language/zh_CN webview/"}
[2018-07-09T17:49:55.369] [INFO] cheese - 响应时间为0.138s
[2018-07-09T17:49:55.373] [INFO] cheese - 响应时间为0.144s
[2018-07-09T17:49:55.402] [INFO] cheese - 响应时间为0.161s
[2018-07-09T17:50:28.897] [ERROR] cheese - {"method":"POST","url":"/wx/summary","host":"localhost:3000","message":"log error","referer":"https://servicewechat.com/wx40e50e29dd52b171/devtools/page-frame.html","userAgent":"Mozilla/5.0 (iPhone; CPU iPhone OS 9_1 like Mac OS X) AppleWebKit/601.1.46 (KHTML, like Gecko) Version/9.0 Mobile/13B143 Safari/601.1 wechatdevtools/1.02.1806120 MicroMessenger/6.5.7 Language/zh_CN webview/"}
[2018-07-09T17:50:28.934] [ERROR] cheese - {"method":"POST","url":"/wx/day","host":"localhost:3000","message":"log error","referer":"https://servicewechat.com/wx40e50e29dd52b171/devtools/page-frame.html","userAgent":"Mozilla/5.0 (iPhone; CPU iPhone OS 9_1 like Mac OS X) AppleWebKit/601.1.46 (KHTML, like Gecko) Version/9.0 Mobile/13B143 Safari/601.1 wechatdevtools/1.02.1806120 MicroMessenger/6.5.7 Language/zh_CN webview/"}
[2018-07-09T17:50:29.006] [ERROR] cheese - {"method":"POST","url":"/wx/week","host":"localhost:3000","message":"log error","referer":"https://servicewechat.com/wx40e50e29dd52b171/devtools/page-frame.html","userAgent":"Mozilla/5.0 (iPhone; CPU iPhone OS 9_1 like Mac OS X) AppleWebKit/601.1.46 (KHTML, like Gecko) Version/9.0 Mobile/13B143 Safari/601.1 wechatdevtools/1.02.1806120 MicroMessenger/6.5.7 Language/zh_CN webview/"}
[2018-07-09T17:50:29.167] [INFO] cheese - 响应时间为0.272s
[2018-07-09T17:50:29.191] [INFO] cheese - 响应时间为0.259s
[2018-07-09T17:50:29.212] [INFO] cheese - 响应时间为0.207s
