[2018-04-08T10:55:41.081] [ERROR] cheese - {"method":"GET","url":"/","host":"localhost:3000","message":"log error","userAgent":"Mozilla/5.0 (Windows NT 6.1; Win64; x64) AppleWebKit/537.36 (KHTML, like Gecko) Chrome/65.0.3325.181 Safari/537.36"}
[2018-04-08T10:55:41.109] [INFO] cheese - 响应时间为0.067s
[2018-04-08T10:55:42.759] [ERROR] cheese - {"method":"GET","url":"/static/css/main.css","host":"localhost:3000","message":"log error","referer":"http://localhost:3000/","userAgent":"Mozilla/5.0 (Windows NT 6.1; Win64; x64) AppleWebKit/537.36 (KHTML, like Gecko) Chrome/65.0.3325.181 Safari/537.36"}
[2018-04-08T10:55:42.761] [INFO] cheese - 响应时间为0.011s
[2018-04-08T10:55:42.780] [ERROR] cheese - {"method":"GET","url":"/static/js/main.js","host":"localhost:3000","message":"log error","referer":"http://localhost:3000/","userAgent":"Mozilla/5.0 (Windows NT 6.1; Win64; x64) AppleWebKit/537.36 (KHTML, like Gecko) Chrome/65.0.3325.181 Safari/537.36"}
[2018-04-08T10:55:42.782] [INFO] cheese - 响应时间为0.028s
[2018-04-08T10:55:42.786] [ERROR] cheese - {"method":"GET","url":"/static/js/main.js","host":"localhost:3000","message":"log error","referer":"http://localhost:3000/","userAgent":"Mozilla/5.0 (Windows NT 6.1; Win64; x64) AppleWebKit/537.36 (KHTML, like Gecko) Chrome/65.0.3325.181 Safari/537.36"}
[2018-04-08T10:55:42.787] [INFO] cheese - 响应时间为0.011s
[2018-04-08T10:55:43.156] [ERROR] cheese - {"method":"GET","url":"/favicon.ico","host":"localhost:3000","message":"log error","referer":"http://localhost:3000/","userAgent":"Mozilla/5.0 (Windows NT 6.1; Win64; x64) AppleWebKit/537.36 (KHTML, like Gecko) Chrome/65.0.3325.181 Safari/537.36"}
[2018-04-08T10:55:43.157] [INFO] cheese - 响应时间为0.003s
[2018-04-08T10:55:47.124] [ERROR] cheese - {"method":"GET","url":"/static/css/main.css","host":"localhost:3000","message":"log error","referer":"http://localhost:3000/","userAgent":"Mozilla/5.0 (Windows NT 6.1; Win64; x64) AppleWebKit/537.36 (KHTML, like Gecko) Chrome/65.0.3325.181 Safari/537.36"}
[2018-04-08T10:55:47.125] [INFO] cheese - 响应时间为0.004s
[2018-04-08T10:55:47.129] [ERROR] cheese - {"method":"GET","url":"/static/css/main.css","host":"localhost:3000","message":"log error","referer":"http://localhost:3000/","userAgent":"Mozilla/5.0 (Windows NT 6.1; Win64; x64) AppleWebKit/537.36 (KHTML, like Gecko) Chrome/65.0.3325.181 Safari/537.36"}
[2018-04-08T10:55:47.132] [INFO] cheese - 响应时间为0.01s
[2018-04-08T10:55:52.828] [ERROR] cheese - {"method":"GET","url":"/","host":"localhost:3000","message":"log error","userAgent":"Mozilla/5.0 (Windows NT 6.1; Win64; x64) AppleWebKit/537.36 (KHTML, like Gecko) Chrome/65.0.3325.181 Safari/537.36"}
[2018-04-08T10:55:52.830] [INFO] cheese - 响应时间为0.005s
[2018-04-08T10:55:52.885] [ERROR] cheese - {"method":"GET","url":"/static/js/main.js","host":"localhost:3000","message":"log error","referer":"http://localhost:3000/","userAgent":"Mozilla/5.0 (Windows NT 6.1; Win64; x64) AppleWebKit/537.36 (KHTML, like Gecko) Chrome/65.0.3325.181 Safari/537.36"}
[2018-04-08T10:55:52.890] [INFO] cheese - 响应时间为0.017s
[2018-04-08T10:55:52.895] [ERROR] cheese - {"method":"GET","url":"/static/js/main.js","host":"localhost:3000","message":"log error","referer":"http://localhost:3000/","userAgent":"Mozilla/5.0 (Windows NT 6.1; Win64; x64) AppleWebKit/537.36 (KHTML, like Gecko) Chrome/65.0.3325.181 Safari/537.36"}
[2018-04-08T10:55:52.897] [INFO] cheese - 响应时间为0.023s
[2018-04-08T10:55:52.900] [ERROR] cheese - {"method":"GET","url":"/static/js/main.js","host":"localhost:3000","message":"log error","referer":"http://localhost:3000/","userAgent":"Mozilla/5.0 (Windows NT 6.1; Win64; x64) AppleWebKit/537.36 (KHTML, like Gecko) Chrome/65.0.3325.181 Safari/537.36"}
[2018-04-08T10:55:52.903] [INFO] cheese - 响应时间为0.027s
[2018-04-08T10:56:10.591] [ERROR] cheese - {"method":"GET","url":"/home","host":"localhost:3000","message":"log error","userAgent":"Mozilla/5.0 (Windows NT 6.1; Win64; x64) AppleWebKit/537.36 (KHTML, like Gecko) Chrome/65.0.3325.181 Safari/537.36"}
[2018-04-08T10:56:10.592] [INFO] cheese - 响应时间为0.006s
[2018-04-08T10:58:34.669] [ERROR] cheese - {"method":"GET","url":"/","host":"localhost:3000","message":"log error","userAgent":"Mozilla/5.0 (Windows NT 6.1; Win64; x64) AppleWebKit/537.36 (KHTML, like Gecko) Chrome/65.0.3325.181 Safari/537.36"}
[2018-04-08T10:58:34.671] [INFO] cheese - 响应时间为0.006s
[2018-04-08T10:58:34.722] [ERROR] cheese - {"method":"GET","url":"/static/js/main.js","host":"localhost:3000","message":"log error","referer":"http://localhost:3000/","userAgent":"Mozilla/5.0 (Windows NT 6.1; Win64; x64) AppleWebKit/537.36 (KHTML, like Gecko) Chrome/65.0.3325.181 Safari/537.36"}
[2018-04-08T10:58:34.723] [INFO] cheese - 响应时间为0.007s
[2018-04-08T10:58:34.727] [ERROR] cheese - {"method":"GET","url":"/static/js/main.js","host":"localhost:3000","message":"log error","referer":"http://localhost:3000/","userAgent":"Mozilla/5.0 (Windows NT 6.1; Win64; x64) AppleWebKit/537.36 (KHTML, like Gecko) Chrome/65.0.3325.181 Safari/537.36"}
[2018-04-08T10:58:34.735] [INFO] cheese - 响应时间为0.015s
[2018-04-08T10:58:34.742] [ERROR] cheese - {"method":"GET","url":"/static/js/main.js","host":"localhost:3000","message":"log error","referer":"http://localhost:3000/","userAgent":"Mozilla/5.0 (Windows NT 6.1; Win64; x64) AppleWebKit/537.36 (KHTML, like Gecko) Chrome/65.0.3325.181 Safari/537.36"}
[2018-04-08T10:58:34.743] [INFO] cheese - 响应时间为0.022s
[2018-04-08T11:00:46.420] [ERROR] cheese - {"method":"GET","url":"/","host":"localhost:3000","message":"log error","userAgent":"Mozilla/5.0 (Windows NT 6.1; Win64; x64) AppleWebKit/537.36 (KHTML, like Gecko) Chrome/65.0.3325.181 Safari/537.36"}
[2018-04-08T11:00:46.454] [INFO] cheese - 响应时间为0.065s
[2018-04-08T11:00:46.505] [INFO] cheese - 响应时间为0.012s
