[2018-03-13T15:04:15.158] [ERROR] cheese - {"method":"GET","url":"/","host":"localhost:3000","message":"log error","userAgent":"Mozilla/5.0 (Windows NT 6.1; Win64; x64) AppleWebKit/537.36 (KHTML, like Gecko) Chrome/64.0.3282.186 Safari/537.36"}
[2018-03-13T15:04:15.171] [INFO] cheese - 响应时间为0.082s
[2018-03-13T15:04:16.328] [ERROR] cheese - {"method":"GET","url":"/static/js/main.js","host":"localhost:3000","message":"log error","referer":"http://localhost:3000/","userAgent":"Mozilla/5.0 (Windows NT 6.1; Win64; x64) AppleWebKit/537.36 (KHTML, like Gecko) Chrome/64.0.3282.186 Safari/537.36"}
[2018-03-13T15:04:16.329] [INFO] cheese - 响应时间为0.007s
[2018-03-13T15:04:16.334] [ERROR] cheese - {"method":"GET","url":"/static/js/main.js","host":"localhost:3000","message":"log error","referer":"http://localhost:3000/","userAgent":"Mozilla/5.0 (Windows NT 6.1; Win64; x64) AppleWebKit/537.36 (KHTML, like Gecko) Chrome/64.0.3282.186 Safari/537.36"}
[2018-03-13T15:04:16.336] [INFO] cheese - 响应时间为0.011s
[2018-03-13T15:04:16.341] [ERROR] cheese - {"method":"GET","url":"/static/js/main.js","host":"localhost:3000","message":"log error","referer":"http://localhost:3000/","userAgent":"Mozilla/5.0 (Windows NT 6.1; Win64; x64) AppleWebKit/537.36 (KHTML, like Gecko) Chrome/64.0.3282.186 Safari/537.36"}
[2018-03-13T15:04:16.342] [INFO] cheese - 响应时间为0.016s
[2018-03-13T15:04:19.708] [ERROR] cheese - {"method":"GET","url":"/static/css/main.css","host":"localhost:3000","message":"log error","referer":"http://localhost:3000/","userAgent":"Mozilla/5.0 (Windows NT 6.1; Win64; x64) AppleWebKit/537.36 (KHTML, like Gecko) Chrome/64.0.3282.186 Safari/537.36"}
[2018-03-13T15:04:19.709] [INFO] cheese - 响应时间为0.006s
[2018-03-13T15:04:19.711] [ERROR] cheese - {"method":"GET","url":"/static/css/main.css","host":"localhost:3000","message":"log error","referer":"http://localhost:3000/","userAgent":"Mozilla/5.0 (Windows NT 6.1; Win64; x64) AppleWebKit/537.36 (KHTML, like Gecko) Chrome/64.0.3282.186 Safari/537.36"}
[2018-03-13T15:04:19.712] [INFO] cheese - 响应时间为0.007s
[2018-03-13T15:04:24.684] [ERROR] cheese - {"method":"GET","url":"/","host":"localhost:3000","message":"log error","userAgent":"Mozilla/5.0 (Windows NT 6.1; Win64; x64) AppleWebKit/537.36 (KHTML, like Gecko) Chrome/64.0.3282.186 Safari/537.36"}
[2018-03-13T15:04:24.686] [INFO] cheese - 响应时间为0.004s
[2018-03-13T15:04:24.718] [ERROR] cheese - {"method":"GET","url":"/static/js/main.js","host":"localhost:3000","message":"log error","referer":"http://localhost:3000/","userAgent":"Mozilla/5.0 (Windows NT 6.1; Win64; x64) AppleWebKit/537.36 (KHTML, like Gecko) Chrome/64.0.3282.186 Safari/537.36"}
[2018-03-13T15:04:24.719] [INFO] cheese - 响应时间为0.01s
[2018-03-13T15:04:24.723] [ERROR] cheese - {"method":"GET","url":"/static/js/main.js","host":"localhost:3000","message":"log error","referer":"http://localhost:3000/","userAgent":"Mozilla/5.0 (Windows NT 6.1; Win64; x64) AppleWebKit/537.36 (KHTML, like Gecko) Chrome/64.0.3282.186 Safari/537.36"}
[2018-03-13T15:04:24.724] [INFO] cheese - 响应时间为0.012s
[2018-03-13T15:04:24.727] [ERROR] cheese - {"method":"GET","url":"/static/js/main.js","host":"localhost:3000","message":"log error","referer":"http://localhost:3000/","userAgent":"Mozilla/5.0 (Windows NT 6.1; Win64; x64) AppleWebKit/537.36 (KHTML, like Gecko) Chrome/64.0.3282.186 Safari/537.36"}
[2018-03-13T15:04:24.730] [INFO] cheese - 响应时间为0.014s
[2018-03-13T15:05:06.824] [ERROR] cheese - {"method":"GET","url":"/","host":"localhost:3000","message":"log error","userAgent":"Mozilla/5.0 (Windows NT 6.1; Win64; x64) AppleWebKit/537.36 (KHTML, like Gecko) Chrome/64.0.3282.186 Safari/537.36"}
[2018-03-13T15:05:06.827] [INFO] cheese - 响应时间为0.007s
[2018-03-13T15:05:06.858] [ERROR] cheese - {"method":"GET","url":"/main.css","host":"localhost:3000","message":"log error","referer":"http://localhost:3000/","userAgent":"Mozilla/5.0 (Windows NT 6.1; Win64; x64) AppleWebKit/537.36 (KHTML, like Gecko) Chrome/64.0.3282.186 Safari/537.36"}
[2018-03-13T15:05:06.860] [INFO] cheese - 响应时间为0.012s
[2018-03-13T15:05:06.867] [ERROR] cheese - {"method":"GET","url":"/static/js/main.js","host":"localhost:3000","message":"log error","referer":"http://localhost:3000/","userAgent":"Mozilla/5.0 (Windows NT 6.1; Win64; x64) AppleWebKit/537.36 (KHTML, like Gecko) Chrome/64.0.3282.186 Safari/537.36"}
[2018-03-13T15:05:06.868] [INFO] cheese - 响应时间为0.005s
[2018-03-13T15:05:06.874] [ERROR] cheese - {"method":"GET","url":"/static/js/main.js","host":"localhost:3000","message":"log error","referer":"http://localhost:3000/","userAgent":"Mozilla/5.0 (Windows NT 6.1; Win64; x64) AppleWebKit/537.36 (KHTML, like Gecko) Chrome/64.0.3282.186 Safari/537.36"}
[2018-03-13T15:05:06.876] [INFO] cheese - 响应时间为0.011s
[2018-03-13T15:05:07.812] [ERROR] cheese - {"method":"GET","url":"/","host":"localhost:3000","message":"log error","userAgent":"Mozilla/5.0 (Windows NT 6.1; Win64; x64) AppleWebKit/537.36 (KHTML, like Gecko) Chrome/64.0.3282.186 Safari/537.36"}
[2018-03-13T15:05:07.816] [INFO] cheese - 响应时间为0.008s
[2018-03-13T15:05:07.851] [ERROR] cheese - {"method":"GET","url":"/static/js/main.js","host":"localhost:3000","message":"log error","referer":"http://localhost:3000/","userAgent":"Mozilla/5.0 (Windows NT 6.1; Win64; x64) AppleWebKit/537.36 (KHTML, like Gecko) Chrome/64.0.3282.186 Safari/537.36"}
[2018-03-13T15:05:07.852] [INFO] cheese - 响应时间为0.006s
[2018-03-13T15:05:07.857] [ERROR] cheese - {"method":"GET","url":"/static/js/main.js","host":"localhost:3000","message":"log error","referer":"http://localhost:3000/","userAgent":"Mozilla/5.0 (Windows NT 6.1; Win64; x64) AppleWebKit/537.36 (KHTML, like Gecko) Chrome/64.0.3282.186 Safari/537.36"}
[2018-03-13T15:05:07.858] [INFO] cheese - 响应时间为0.01s
[2018-03-13T15:05:07.862] [ERROR] cheese - {"method":"GET","url":"/static/js/main.js","host":"localhost:3000","message":"log error","referer":"http://localhost:3000/","userAgent":"Mozilla/5.0 (Windows NT 6.1; Win64; x64) AppleWebKit/537.36 (KHTML, like Gecko) Chrome/64.0.3282.186 Safari/537.36"}
[2018-03-13T15:05:07.863] [INFO] cheese - 响应时间为0.013s
[2018-03-13T15:05:18.059] [ERROR] cheese - {"method":"GET","url":"/","host":"localhost:3000","message":"log error","userAgent":"Mozilla/5.0 (Windows NT 6.1; Win64; x64) AppleWebKit/537.36 (KHTML, like Gecko) Chrome/64.0.3282.186 Safari/537.36"}
[2018-03-13T15:05:18.070] [INFO] cheese - 响应时间为0.071s
[2018-03-13T15:05:18.091] [ERROR] cheese - {"method":"GET","url":"/static/js/main.js","host":"localhost:3000","message":"log error","referer":"http://localhost:3000/","userAgent":"Mozilla/5.0 (Windows NT 6.1; Win64; x64) AppleWebKit/537.36 (KHTML, like Gecko) Chrome/64.0.3282.186 Safari/537.36"}
[2018-03-13T15:05:18.092] [INFO] cheese - 响应时间为0.007s
[2018-03-13T15:05:18.101] [ERROR] cheese - {"method":"GET","url":"/static/js/main.js","host":"localhost:3000","message":"log error","referer":"http://localhost:3000/","userAgent":"Mozilla/5.0 (Windows NT 6.1; Win64; x64) AppleWebKit/537.36 (KHTML, like Gecko) Chrome/64.0.3282.186 Safari/537.36"}
[2018-03-13T15:05:18.102] [INFO] cheese - 响应时间为0.014s
[2018-03-13T15:05:18.106] [ERROR] cheese - {"method":"GET","url":"/static/js/main.js","host":"localhost:3000","message":"log error","referer":"http://localhost:3000/","userAgent":"Mozilla/5.0 (Windows NT 6.1; Win64; x64) AppleWebKit/537.36 (KHTML, like Gecko) Chrome/64.0.3282.186 Safari/537.36"}
[2018-03-13T15:05:18.107] [INFO] cheese - 响应时间为0.017s
[2018-03-13T15:06:59.361] [ERROR] cheese - {"method":"GET","url":"/","host":"localhost:3000","message":"log error","userAgent":"Mozilla/5.0 (Windows NT 6.1; Win64; x64) AppleWebKit/537.36 (KHTML, like Gecko) Chrome/64.0.3282.186 Safari/537.36"}
[2018-03-13T15:06:59.366] [INFO] cheese - 响应时间为0.008s
[2018-03-13T15:06:59.405] [ERROR] cheese - {"method":"GET","url":"/static/js/main.js","host":"localhost:3000","message":"log error","referer":"http://localhost:3000/","userAgent":"Mozilla/5.0 (Windows NT 6.1; Win64; x64) AppleWebKit/537.36 (KHTML, like Gecko) Chrome/64.0.3282.186 Safari/537.36"}
[2018-03-13T15:06:59.406] [INFO] cheese - 响应时间为0.009s
[2018-03-13T15:06:59.409] [ERROR] cheese - {"method":"GET","url":"/static/js/main.js","host":"localhost:3000","message":"log error","referer":"http://localhost:3000/","userAgent":"Mozilla/5.0 (Windows NT 6.1; Win64; x64) AppleWebKit/537.36 (KHTML, like Gecko) Chrome/64.0.3282.186 Safari/537.36"}
[2018-03-13T15:06:59.410] [INFO] cheese - 响应时间为0.012s
[2018-03-13T15:06:59.413] [ERROR] cheese - {"method":"GET","url":"/static/js/main.js","host":"localhost:3000","message":"log error","referer":"http://localhost:3000/","userAgent":"Mozilla/5.0 (Windows NT 6.1; Win64; x64) AppleWebKit/537.36 (KHTML, like Gecko) Chrome/64.0.3282.186 Safari/537.36"}
[2018-03-13T15:06:59.415] [INFO] cheese - 响应时间为0.012s
[2018-03-13T15:09:10.303] [ERROR] cheese - {"method":"GET","url":"/","host":"localhost:3000","message":"log error","userAgent":"Mozilla/5.0 (Windows NT 6.1; Win64; x64) AppleWebKit/537.36 (KHTML, like Gecko) Chrome/64.0.3282.186 Safari/537.36"}
[2018-03-13T15:09:10.313] [INFO] cheese - 响应时间为0.076s
[2018-03-13T15:09:10.338] [ERROR] cheese - {"method":"GET","url":"/src/static/js/main.js","host":"localhost:3000","message":"log error","referer":"http://localhost:3000/","userAgent":"Mozilla/5.0 (Windows NT 6.1; Win64; x64) AppleWebKit/537.36 (KHTML, like Gecko) Chrome/64.0.3282.186 Safari/537.36"}
[2018-03-13T15:09:10.340] [INFO] cheese - 响应时间为0.011s
[2018-03-13T15:09:10.347] [ERROR] cheese - {"method":"GET","url":"/src/static/js/main.js","host":"localhost:3000","message":"log error","referer":"http://localhost:3000/","userAgent":"Mozilla/5.0 (Windows NT 6.1; Win64; x64) AppleWebKit/537.36 (KHTML, like Gecko) Chrome/64.0.3282.186 Safari/537.36"}
[2018-03-13T15:09:10.349] [INFO] cheese - 响应时间为0.015s
[2018-03-13T15:09:10.352] [ERROR] cheese - {"method":"GET","url":"/src/static/js/main.js","host":"localhost:3000","message":"log error","referer":"http://localhost:3000/","userAgent":"Mozilla/5.0 (Windows NT 6.1; Win64; x64) AppleWebKit/537.36 (KHTML, like Gecko) Chrome/64.0.3282.186 Safari/537.36"}
[2018-03-13T15:09:10.353] [INFO] cheese - 响应时间为0.016s
[2018-03-13T15:09:38.082] [ERROR] cheese - {"method":"GET","url":"/","host":"localhost:3000","message":"log error","userAgent":"Mozilla/5.0 (Windows NT 6.1; Win64; x64) AppleWebKit/537.36 (KHTML, like Gecko) Chrome/64.0.3282.186 Safari/537.36"}
[2018-03-13T15:09:38.094] [INFO] cheese - 响应时间为0.081s
[2018-03-13T15:09:38.119] [ERROR] cheese - {"method":"GET","url":"/views/src/static/js/main.js","host":"localhost:3000","message":"log error","referer":"http://localhost:3000/","userAgent":"Mozilla/5.0 (Windows NT 6.1; Win64; x64) AppleWebKit/537.36 (KHTML, like Gecko) Chrome/64.0.3282.186 Safari/537.36"}
[2018-03-13T15:09:38.121] [INFO] cheese - 响应时间为0.008s
[2018-03-13T15:09:38.127] [ERROR] cheese - {"method":"GET","url":"/views/src/static/js/main.js","host":"localhost:3000","message":"log error","referer":"http://localhost:3000/","userAgent":"Mozilla/5.0 (Windows NT 6.1; Win64; x64) AppleWebKit/537.36 (KHTML, like Gecko) Chrome/64.0.3282.186 Safari/537.36"}
[2018-03-13T15:09:38.129] [INFO] cheese - 响应时间为0.012s
[2018-03-13T15:09:38.131] [ERROR] cheese - {"method":"GET","url":"/views/src/static/js/main.js","host":"localhost:3000","message":"log error","referer":"http://localhost:3000/","userAgent":"Mozilla/5.0 (Windows NT 6.1; Win64; x64) AppleWebKit/537.36 (KHTML, like Gecko) Chrome/64.0.3282.186 Safari/537.36"}
[2018-03-13T15:09:38.132] [INFO] cheese - 响应时间为0.014s
[2018-03-13T15:11:32.782] [ERROR] cheese - {"method":"GET","url":"/","host":"localhost:3000","message":"log error","userAgent":"Mozilla/5.0 (Windows NT 6.1; Win64; x64) AppleWebKit/537.36 (KHTML, like Gecko) Chrome/64.0.3282.186 Safari/537.36"}
[2018-03-13T15:11:32.785] [INFO] cheese - 响应时间为0.005s
[2018-03-13T15:11:32.834] [ERROR] cheese - {"method":"GET","url":"/views/src/static/js/main.js","host":"localhost:3000","message":"log error","referer":"http://localhost:3000/","userAgent":"Mozilla/5.0 (Windows NT 6.1; Win64; x64) AppleWebKit/537.36 (KHTML, like Gecko) Chrome/64.0.3282.186 Safari/537.36"}
[2018-03-13T15:11:32.839] [INFO] cheese - 响应时间为0.009s
[2018-03-13T15:11:32.846] [ERROR] cheese - {"method":"GET","url":"/views/src/static/js/main.js","host":"localhost:3000","message":"log error","referer":"http://localhost:3000/","userAgent":"Mozilla/5.0 (Windows NT 6.1; Win64; x64) AppleWebKit/537.36 (KHTML, like Gecko) Chrome/64.0.3282.186 Safari/537.36"}
[2018-03-13T15:11:32.847] [INFO] cheese - 响应时间为0.019s
[2018-03-13T15:11:32.851] [ERROR] cheese - {"method":"GET","url":"/views/src/static/js/main.js","host":"localhost:3000","message":"log error","referer":"http://localhost:3000/","userAgent":"Mozilla/5.0 (Windows NT 6.1; Win64; x64) AppleWebKit/537.36 (KHTML, like Gecko) Chrome/64.0.3282.186 Safari/537.36"}
[2018-03-13T15:11:32.852] [INFO] cheese - 响应时间为0.021s
[2018-03-13T15:11:38.403] [ERROR] cheese - {"method":"GET","url":"/","host":"localhost:3000","message":"log error","userAgent":"Mozilla/5.0 (Windows NT 6.1; Win64; x64) AppleWebKit/537.36 (KHTML, like Gecko) Chrome/64.0.3282.186 Safari/537.36"}
[2018-03-13T15:11:38.414] [INFO] cheese - 响应时间为0.077s
[2018-03-13T15:11:38.442] [ERROR] cheese - {"method":"GET","url":"/static/js/main.js","host":"localhost:3000","message":"log error","referer":"http://localhost:3000/","userAgent":"Mozilla/5.0 (Windows NT 6.1; Win64; x64) AppleWebKit/537.36 (KHTML, like Gecko) Chrome/64.0.3282.186 Safari/537.36"}
[2018-03-13T15:11:38.443] [INFO] cheese - 响应时间为0.007s
[2018-03-13T15:11:38.452] [ERROR] cheese - {"method":"GET","url":"/static/js/main.js","host":"localhost:3000","message":"log error","referer":"http://localhost:3000/","userAgent":"Mozilla/5.0 (Windows NT 6.1; Win64; x64) AppleWebKit/537.36 (KHTML, like Gecko) Chrome/64.0.3282.186 Safari/537.36"}
[2018-03-13T15:11:38.453] [INFO] cheese - 响应时间为0.014s
[2018-03-13T15:11:38.459] [ERROR] cheese - {"method":"GET","url":"/static/js/main.js","host":"localhost:3000","message":"log error","referer":"http://localhost:3000/","userAgent":"Mozilla/5.0 (Windows NT 6.1; Win64; x64) AppleWebKit/537.36 (KHTML, like Gecko) Chrome/64.0.3282.186 Safari/537.36"}
[2018-03-13T15:11:38.462] [INFO] cheese - 响应时间为0.022s
[2018-03-13T15:11:39.107] [ERROR] cheese - {"method":"GET","url":"/","host":"localhost:3000","message":"log error","userAgent":"Mozilla/5.0 (Windows NT 6.1; Win64; x64) AppleWebKit/537.36 (KHTML, like Gecko) Chrome/64.0.3282.186 Safari/537.36"}
[2018-03-13T15:11:39.109] [INFO] cheese - 响应时间为0.004s
[2018-03-13T15:11:39.161] [ERROR] cheese - {"method":"GET","url":"/static/js/main.js","host":"localhost:3000","message":"log error","referer":"http://localhost:3000/","userAgent":"Mozilla/5.0 (Windows NT 6.1; Win64; x64) AppleWebKit/537.36 (KHTML, like Gecko) Chrome/64.0.3282.186 Safari/537.36"}
[2018-03-13T15:11:39.165] [INFO] cheese - 响应时间为0.014s
[2018-03-13T15:11:39.170] [ERROR] cheese - {"method":"GET","url":"/static/js/main.js","host":"localhost:3000","message":"log error","referer":"http://localhost:3000/","userAgent":"Mozilla/5.0 (Windows NT 6.1; Win64; x64) AppleWebKit/537.36 (KHTML, like Gecko) Chrome/64.0.3282.186 Safari/537.36"}
[2018-03-13T15:11:39.171] [INFO] cheese - 响应时间为0.018s
[2018-03-13T15:11:39.174] [ERROR] cheese - {"method":"GET","url":"/static/js/main.js","host":"localhost:3000","message":"log error","referer":"http://localhost:3000/","userAgent":"Mozilla/5.0 (Windows NT 6.1; Win64; x64) AppleWebKit/537.36 (KHTML, like Gecko) Chrome/64.0.3282.186 Safari/537.36"}
[2018-03-13T15:11:39.175] [INFO] cheese - 响应时间为0.021s
[2018-03-13T15:11:39.490] [ERROR] cheese - {"method":"GET","url":"/","host":"localhost:3000","message":"log error","userAgent":"Mozilla/5.0 (Windows NT 6.1; Win64; x64) AppleWebKit/537.36 (KHTML, like Gecko) Chrome/64.0.3282.186 Safari/537.36"}
[2018-03-13T15:11:39.492] [INFO] cheese - 响应时间为0.004s
[2018-03-13T15:11:39.523] [ERROR] cheese - {"method":"GET","url":"/static/js/main.js","host":"localhost:3000","message":"log error","referer":"http://localhost:3000/","userAgent":"Mozilla/5.0 (Windows NT 6.1; Win64; x64) AppleWebKit/537.36 (KHTML, like Gecko) Chrome/64.0.3282.186 Safari/537.36"}
[2018-03-13T15:11:39.526] [INFO] cheese - 响应时间为0.011s
[2018-03-13T15:11:39.538] [ERROR] cheese - {"method":"GET","url":"/static/js/main.js","host":"localhost:3000","message":"log error","referer":"http://localhost:3000/","userAgent":"Mozilla/5.0 (Windows NT 6.1; Win64; x64) AppleWebKit/537.36 (KHTML, like Gecko) Chrome/64.0.3282.186 Safari/537.36"}
[2018-03-13T15:11:39.539] [INFO] cheese - 响应时间为0.02s
[2018-03-13T15:11:39.544] [ERROR] cheese - {"method":"GET","url":"/static/js/main.js","host":"localhost:3000","message":"log error","referer":"http://localhost:3000/","userAgent":"Mozilla/5.0 (Windows NT 6.1; Win64; x64) AppleWebKit/537.36 (KHTML, like Gecko) Chrome/64.0.3282.186 Safari/537.36"}
[2018-03-13T15:11:39.550] [INFO] cheese - 响应时间为0.029s
[2018-03-13T15:15:30.227] [ERROR] cheese - {"method":"GET","url":"/","host":"localhost:3000","message":"log error","userAgent":"Mozilla/5.0 (Windows NT 6.1; Win64; x64) AppleWebKit/537.36 (KHTML, like Gecko) Chrome/64.0.3282.186 Safari/537.36"}
[2018-03-13T15:15:30.239] [INFO] cheese - 响应时间为0.076s
[2018-03-13T15:15:30.261] [ERROR] cheese - {"method":"GET","url":"/static/js/main.js","host":"localhost:3000","message":"log error","referer":"http://localhost:3000/","userAgent":"Mozilla/5.0 (Windows NT 6.1; Win64; x64) AppleWebKit/537.36 (KHTML, like Gecko) Chrome/64.0.3282.186 Safari/537.36"}
[2018-03-13T15:15:30.263] [INFO] cheese - 响应时间为0.008s
[2018-03-13T15:15:30.269] [ERROR] cheese - {"method":"GET","url":"/static/js/main.js","host":"localhost:3000","message":"log error","referer":"http://localhost:3000/","userAgent":"Mozilla/5.0 (Windows NT 6.1; Win64; x64) AppleWebKit/537.36 (KHTML, like Gecko) Chrome/64.0.3282.186 Safari/537.36"}
[2018-03-13T15:15:30.270] [INFO] cheese - 响应时间为0.013s
[2018-03-13T15:15:30.273] [ERROR] cheese - {"method":"GET","url":"/static/js/main.js","host":"localhost:3000","message":"log error","referer":"http://localhost:3000/","userAgent":"Mozilla/5.0 (Windows NT 6.1; Win64; x64) AppleWebKit/537.36 (KHTML, like Gecko) Chrome/64.0.3282.186 Safari/537.36"}
[2018-03-13T15:15:30.274] [INFO] cheese - 响应时间为0.016s
